  main.cpp
C:\Users\lmc\Desktop\code\dllcheck\dllcheck\main.cpp(38): warning C4267: “参数”: 从“size_t”转换到“DWORD”，可能丢失数据
C:\Users\lmc\Desktop\code\dllcheck\dllcheck\main.cpp(39): warning C4311: “类型强制转换”: 从“DWORD *”到“int”的指针截断
C:\Users\lmc\Desktop\code\dllcheck\dllcheck\main.cpp(39): warning C4302: “类型强制转换”: 从“DWORD *”到“int”截断
C:\Users\lmc\Desktop\code\dllcheck\dllcheck\main.cpp(49): warning C4267: “参数”: 从“size_t”转换到“DWORD”，可能丢失数据
C:\Users\lmc\Desktop\code\dllcheck\dllcheck\main.cpp(50): warning C4311: “类型强制转换”: 从“DWORD *”到“int”的指针截断
C:\Users\lmc\Desktop\code\dllcheck\dllcheck\main.cpp(50): warning C4302: “类型强制转换”: 从“DWORD *”到“int”截断
C:\Users\lmc\Desktop\code\dllcheck\dllcheck\main.cpp(58): warning C4311: “类型强制转换”: 从“DWORD *”到“int”的指针截断
C:\Users\lmc\Desktop\code\dllcheck\dllcheck\main.cpp(58): warning C4302: “类型强制转换”: 从“DWORD *”到“int”截断
C:\Users\lmc\Desktop\code\dllcheck\dllcheck\main.cpp(355): warning C4244: “=”: 从“WCHAR”转换到“char”，可能丢失数据
C:\Users\lmc\Desktop\code\dllcheck\dllcheck\main.cpp(434): warning C4267: “初始化”: 从“size_t”转换到“int”，可能丢失数据
C:\Users\lmc\Desktop\code\dllcheck\dllcheck\main.cpp(435): warning C4267: “初始化”: 从“size_t”转换到“int”，可能丢失数据
C:\Users\lmc\Desktop\code\dllcheck\dllcheck\main.cpp(753): warning C4267: “初始化”: 从“size_t”转换到“int”，可能丢失数据
C:\Users\lmc\Desktop\code\dllcheck\dllcheck\main.cpp(754): warning C4267: “初始化”: 从“size_t”转换到“int”，可能丢失数据
  正在生成代码
  4 of 185 functions ( 2.2%) were compiled, the rest were copied from previous compilation.
    0 functions were new in current compilation
    0 functions had inline decision re-evaluated but remain unchanged
  已完成代码的生成
  dllcheck.vcxproj -> C:\Users\lmc\Desktop\code\dllcheck\x64\Release\dllcheck.exe
